#-----------------------------------------------------------
# Vivado v2018.2 (64-bit)
# SW Build 2258646 on Thu Jun 14 20:03:12 MDT 2018
# IP Build 2256618 on Thu Jun 14 22:10:49 MDT 2018
# Start of session at: Thu Mar 25 10:03:26 2021
# Process ID: 51956
# Current directory: C:/Users/Jianning/Desktop/EE2026/Week 10/SoundDisplay.xpr/SoundDisplay
# Command line: vivado.exe -gui_launcher_event rodinguilauncherevent49364 C:\Users\Jianning\Desktop\EE2026\Week 10\SoundDisplay.xpr\SoundDisplay\SoundDisplay.xpr
# Log file: C:/Users/Jianning/Desktop/EE2026/Week 10/SoundDisplay.xpr/SoundDisplay/vivado.log
# Journal file: C:/Users/Jianning/Desktop/EE2026/Week 10/SoundDisplay.xpr/SoundDisplay\vivado.jou
#-----------------------------------------------------------
start_gui
open_project {C:/Users/Jianning/Desktop/EE2026/Week 10/SoundDisplay.xpr/SoundDisplay/SoundDisplay.xpr}
INFO: [Project 1-313] Project file moved from 'C:/Users/Jianning/Desktop/EE2026/Project/SoundDisplay/SoundDisplay/.Xil/Vivado-41728-Jianning-XPS-15/PrjAr/_X_' since last save.
Scanning sources...
Finished scanning sources
INFO: [IP_Flow 19-234] Refreshing IP repositories
INFO: [IP_Flow 19-1704] No user IP repositories specified
INFO: [IP_Flow 19-2313] Loaded Vivado IP repository 'C:/Xilinx/Vivado/2018.2/data/ip'.
update_compile_order -fileset sources_1
reset_run synth_1
launch_runs synth_1 -jobs 6
[Thu Mar 25 10:36:38 2021] Launched synth_1...
Run output will be captured here: C:/Users/Jianning/Desktop/EE2026/Week 10/SoundDisplay.xpr/SoundDisplay/SoundDisplay.runs/synth_1/runme.log
launch_runs impl_1 -jobs 6
[Thu Mar 25 10:45:11 2021] Launched impl_1...
Run output will be captured here: C:/Users/Jianning/Desktop/EE2026/Week 10/SoundDisplay.xpr/SoundDisplay/SoundDisplay.runs/impl_1/runme.log
reset_run impl_1
launch_runs impl_1 -jobs 6
[Thu Mar 25 10:48:42 2021] Launched impl_1...
Run output will be captured here: C:/Users/Jianning/Desktop/EE2026/Week 10/SoundDisplay.xpr/SoundDisplay/SoundDisplay.runs/impl_1/runme.log
reset_run synth_1
WARNING: [Vivado 12-1017] Problems encountered:
1. PID not specified
2. Failed to delete one or more files in run directory C:/Users/Jianning/Desktop/EE2026/Week 10/SoundDisplay.xpr/SoundDisplay/SoundDisplay.runs/synth_1

launch_runs impl_1 -jobs 6
[Thu Mar 25 10:48:52 2021] Launched synth_1...
Run output will be captured here: C:/Users/Jianning/Desktop/EE2026/Week 10/SoundDisplay.xpr/SoundDisplay/SoundDisplay.runs/synth_1/runme.log
[Thu Mar 25 10:48:52 2021] Launched impl_1...
Run output will be captured here: C:/Users/Jianning/Desktop/EE2026/Week 10/SoundDisplay.xpr/SoundDisplay/SoundDisplay.runs/impl_1/runme.log
reset_run synth_1
launch_runs synth_1 -jobs 6
[Thu Mar 25 10:49:48 2021] Launched synth_1...
Run output will be captured here: C:/Users/Jianning/Desktop/EE2026/Week 10/SoundDisplay.xpr/SoundDisplay/SoundDisplay.runs/synth_1/runme.log
launch_runs impl_1 -jobs 6
[Thu Mar 25 11:04:24 2021] Launched impl_1...
Run output will be captured here: C:/Users/Jianning/Desktop/EE2026/Week 10/SoundDisplay.xpr/SoundDisplay/SoundDisplay.runs/impl_1/runme.log
launch_runs impl_1 -to_step write_bitstream -jobs 6
[Thu Mar 25 11:06:49 2021] Launched impl_1...
Run output will be captured here: C:/Users/Jianning/Desktop/EE2026/Week 10/SoundDisplay.xpr/SoundDisplay/SoundDisplay.runs/impl_1/runme.log
open_hw
connect_hw_server
INFO: [Labtools 27-2285] Connecting to hw_server url TCP:localhost:3121
open_hw_target
INFO: [Labtoolstcl 44-466] Opening hw_target localhost:3121/xilinx_tcf/Digilent/210183713918A
set_property PROGRAM.FILE {C:/Users/Jianning/Desktop/EE2026/Week 10/SoundDisplay.xpr/SoundDisplay/SoundDisplay.runs/impl_1/Top_Student.bit} [get_hw_devices xc7a35t_0]
current_hw_device [get_hw_devices xc7a35t_0]
refresh_hw_device -update_hw_probes false [lindex [get_hw_devices xc7a35t_0] 0]
INFO: [Labtools 27-1434] Device xc7a35t (JTAG device index = 0) is programmed with a design that has no supported debug core(s) in it.
WARNING: [Labtools 27-3361] The debug hub core was not detected.
Resolution: 
1. Make sure the clock connected to the debug hub (dbg_hub) core is a free running clock and is active.
2. Make sure the BSCAN_SWITCH_USER_MASK device property in Vivado Hardware Manager reflects the user scan chain setting in the design and refresh the device.  To determine the user scan chain setting in the design, open the implemented design and use 'get_property C_USER_SCAN_CHAIN [get_debug_cores dbg_hub]'.
For more details on setting the scan chain property, consult the Vivado Debug and Programming User Guide (UG908).
set_property PROBES.FILE {} [get_hw_devices xc7a35t_0]
set_property FULL_PROBES.FILE {} [get_hw_devices xc7a35t_0]
set_property PROGRAM.FILE {C:/Users/Jianning/Desktop/EE2026/Week 10/SoundDisplay.xpr/SoundDisplay/SoundDisplay.runs/impl_1/Top_Student.bit} [get_hw_devices xc7a35t_0]
program_hw_devices [get_hw_devices xc7a35t_0]
INFO: [Labtools 27-3164] End of startup status: HIGH
refresh_hw_device [lindex [get_hw_devices xc7a35t_0] 0]
INFO: [Labtools 27-1434] Device xc7a35t (JTAG device index = 0) is programmed with a design that has no supported debug core(s) in it.
WARNING: [Labtools 27-3361] The debug hub core was not detected.
Resolution: 
1. Make sure the clock connected to the debug hub (dbg_hub) core is a free running clock and is active.
2. Make sure the BSCAN_SWITCH_USER_MASK device property in Vivado Hardware Manager reflects the user scan chain setting in the design and refresh the device.  To determine the user scan chain setting in the design, open the implemented design and use 'get_property C_USER_SCAN_CHAIN [get_debug_cores dbg_hub]'.
For more details on setting the scan chain property, consult the Vivado Debug and Programming User Guide (UG908).
reset_run synth_1
launch_runs synth_1 -jobs 6
[Thu Mar 25 11:36:01 2021] Launched synth_1...
Run output will be captured here: C:/Users/Jianning/Desktop/EE2026/Week 10/SoundDisplay.xpr/SoundDisplay/SoundDisplay.runs/synth_1/runme.log
launch_runs impl_1 -jobs 6
[Thu Mar 25 11:44:14 2021] Launched impl_1...
Run output will be captured here: C:/Users/Jianning/Desktop/EE2026/Week 10/SoundDisplay.xpr/SoundDisplay/SoundDisplay.runs/impl_1/runme.log
launch_runs impl_1 -to_step write_bitstream -jobs 6
[Thu Mar 25 11:54:23 2021] Launched impl_1...
Run output will be captured here: C:/Users/Jianning/Desktop/EE2026/Week 10/SoundDisplay.xpr/SoundDisplay/SoundDisplay.runs/impl_1/runme.log
set_property PROBES.FILE {} [get_hw_devices xc7a35t_0]
set_property FULL_PROBES.FILE {} [get_hw_devices xc7a35t_0]
set_property PROGRAM.FILE {C:/Users/Jianning/Desktop/EE2026/Week 10/SoundDisplay.xpr/SoundDisplay/SoundDisplay.runs/impl_1/Top_Student.bit} [get_hw_devices xc7a35t_0]
program_hw_devices [get_hw_devices xc7a35t_0]
INFO: [Labtools 27-3164] End of startup status: HIGH
refresh_hw_device [lindex [get_hw_devices xc7a35t_0] 0]
INFO: [Labtools 27-1434] Device xc7a35t (JTAG device index = 0) is programmed with a design that has no supported debug core(s) in it.
WARNING: [Labtools 27-3361] The debug hub core was not detected.
Resolution: 
1. Make sure the clock connected to the debug hub (dbg_hub) core is a free running clock and is active.
2. Make sure the BSCAN_SWITCH_USER_MASK device property in Vivado Hardware Manager reflects the user scan chain setting in the design and refresh the device.  To determine the user scan chain setting in the design, open the implemented design and use 'get_property C_USER_SCAN_CHAIN [get_debug_cores dbg_hub]'.
For more details on setting the scan chain property, consult the Vivado Debug and Programming User Guide (UG908).
reset_run synth_1
launch_runs synth_1 -jobs 6
[Thu Mar 25 12:02:12 2021] Launched synth_1...
Run output will be captured here: C:/Users/Jianning/Desktop/EE2026/Week 10/SoundDisplay.xpr/SoundDisplay/SoundDisplay.runs/synth_1/runme.log
reset_run synth_1
launch_runs synth_1 -jobs 6
[Thu Mar 25 12:08:52 2021] Launched synth_1...
Run output will be captured here: C:/Users/Jianning/Desktop/EE2026/Week 10/SoundDisplay.xpr/SoundDisplay/SoundDisplay.runs/synth_1/runme.log
reset_run synth_1
launch_runs synth_1 -jobs 6
[Thu Mar 25 12:09:20 2021] Launched synth_1...
Run output will be captured here: C:/Users/Jianning/Desktop/EE2026/Week 10/SoundDisplay.xpr/SoundDisplay/SoundDisplay.runs/synth_1/runme.log
reset_run synth_1
launch_runs synth_1 -jobs 6
[Thu Mar 25 12:09:50 2021] Launched synth_1...
Run output will be captured here: C:/Users/Jianning/Desktop/EE2026/Week 10/SoundDisplay.xpr/SoundDisplay/SoundDisplay.runs/synth_1/runme.log
launch_runs impl_1 -jobs 6
[Thu Mar 25 12:18:35 2021] Launched impl_1...
Run output will be captured here: C:/Users/Jianning/Desktop/EE2026/Week 10/SoundDisplay.xpr/SoundDisplay/SoundDisplay.runs/impl_1/runme.log
launch_runs impl_1 -to_step write_bitstream -jobs 6
[Thu Mar 25 12:22:05 2021] Launched impl_1...
Run output will be captured here: C:/Users/Jianning/Desktop/EE2026/Week 10/SoundDisplay.xpr/SoundDisplay/SoundDisplay.runs/impl_1/runme.log
set_property PROBES.FILE {} [get_hw_devices xc7a35t_0]
set_property FULL_PROBES.FILE {} [get_hw_devices xc7a35t_0]
set_property PROGRAM.FILE {C:/Users/Jianning/Desktop/EE2026/Week 10/SoundDisplay.xpr/SoundDisplay/SoundDisplay.runs/impl_1/Top_Student.bit} [get_hw_devices xc7a35t_0]
program_hw_devices [get_hw_devices xc7a35t_0]
INFO: [Labtools 27-3164] End of startup status: HIGH
refresh_hw_device [lindex [get_hw_devices xc7a35t_0] 0]
INFO: [Labtools 27-1434] Device xc7a35t (JTAG device index = 0) is programmed with a design that has no supported debug core(s) in it.
WARNING: [Labtools 27-3361] The debug hub core was not detected.
Resolution: 
1. Make sure the clock connected to the debug hub (dbg_hub) core is a free running clock and is active.
2. Make sure the BSCAN_SWITCH_USER_MASK device property in Vivado Hardware Manager reflects the user scan chain setting in the design and refresh the device.  To determine the user scan chain setting in the design, open the implemented design and use 'get_property C_USER_SCAN_CHAIN [get_debug_cores dbg_hub]'.
For more details on setting the scan chain property, consult the Vivado Debug and Programming User Guide (UG908).
reset_run synth_1
launch_runs synth_1 -jobs 6
[Thu Mar 25 13:11:50 2021] Launched synth_1...
Run output will be captured here: C:/Users/Jianning/Desktop/EE2026/Week 10/SoundDisplay.xpr/SoundDisplay/SoundDisplay.runs/synth_1/runme.log
launch_runs impl_1 -jobs 6
[Thu Mar 25 13:27:31 2021] Launched impl_1...
Run output will be captured here: C:/Users/Jianning/Desktop/EE2026/Week 10/SoundDisplay.xpr/SoundDisplay/SoundDisplay.runs/impl_1/runme.log
launch_runs impl_1 -to_step write_bitstream -jobs 6
[Thu Mar 25 13:30:27 2021] Launched impl_1...
Run output will be captured here: C:/Users/Jianning/Desktop/EE2026/Week 10/SoundDisplay.xpr/SoundDisplay/SoundDisplay.runs/impl_1/runme.log
set_property PROBES.FILE {} [get_hw_devices xc7a35t_0]
set_property FULL_PROBES.FILE {} [get_hw_devices xc7a35t_0]
set_property PROGRAM.FILE {C:/Users/Jianning/Desktop/EE2026/Week 10/SoundDisplay.xpr/SoundDisplay/SoundDisplay.runs/impl_1/Top_Student.bit} [get_hw_devices xc7a35t_0]
program_hw_devices [get_hw_devices xc7a35t_0]
INFO: [Labtools 27-3164] End of startup status: HIGH
refresh_hw_device [lindex [get_hw_devices xc7a35t_0] 0]
INFO: [Labtools 27-1434] Device xc7a35t (JTAG device index = 0) is programmed with a design that has no supported debug core(s) in it.
WARNING: [Labtools 27-3361] The debug hub core was not detected.
Resolution: 
1. Make sure the clock connected to the debug hub (dbg_hub) core is a free running clock and is active.
2. Make sure the BSCAN_SWITCH_USER_MASK device property in Vivado Hardware Manager reflects the user scan chain setting in the design and refresh the device.  To determine the user scan chain setting in the design, open the implemented design and use 'get_property C_USER_SCAN_CHAIN [get_debug_cores dbg_hub]'.
For more details on setting the scan chain property, consult the Vivado Debug and Programming User Guide (UG908).
reset_run synth_1
launch_runs synth_1 -jobs 6
[Thu Mar 25 13:35:12 2021] Launched synth_1...
Run output will be captured here: C:/Users/Jianning/Desktop/EE2026/Week 10/SoundDisplay.xpr/SoundDisplay/SoundDisplay.runs/synth_1/runme.log
ERROR: [Labtoolstcl 44-513] HW Target shutdown. Closing target: localhost:3121/xilinx_tcf/Digilent/210183713918A
reset_run synth_1
launch_runs synth_1 -jobs 6
[Thu Mar 25 14:12:31 2021] Launched synth_1...
Run output will be captured here: C:/Users/Jianning/Desktop/EE2026/Week 10/SoundDisplay.xpr/SoundDisplay/SoundDisplay.runs/synth_1/runme.log
launch_runs impl_1 -jobs 6
[Thu Mar 25 14:27:26 2021] Launched impl_1...
Run output will be captured here: C:/Users/Jianning/Desktop/EE2026/Week 10/SoundDisplay.xpr/SoundDisplay/SoundDisplay.runs/impl_1/runme.log
launch_runs impl_1 -to_step write_bitstream -jobs 6
[Thu Mar 25 14:31:04 2021] Launched impl_1...
Run output will be captured here: C:/Users/Jianning/Desktop/EE2026/Week 10/SoundDisplay.xpr/SoundDisplay/SoundDisplay.runs/impl_1/runme.log
