#-----------------------------------------------------------
# Vivado v2018.2 (64-bit)
# SW Build 2258646 on Thu Jun 14 20:03:12 MDT 2018
# IP Build 2256618 on Thu Jun 14 22:10:49 MDT 2018
# Start of session at: Tue Feb 23 11:25:08 2021
# Process ID: 38908
# Current directory: C:/Users/Jianning/Desktop/EE2026/Week 6/lab_3
# Command line: vivado.exe -gui_launcher_event rodinguilauncherevent54820 C:\Users\Jianning\Desktop\EE2026\Week 6\lab_3\lab_3.xpr
# Log file: C:/Users/Jianning/Desktop/EE2026/Week 6/lab_3/vivado.log
# Journal file: C:/Users/Jianning/Desktop/EE2026/Week 6/lab_3\vivado.jou
#-----------------------------------------------------------
start_gui
open_project {C:/Users/Jianning/Desktop/EE2026/Week 6/lab_3/lab_3.xpr}
Scanning sources...
Finished scanning sources
INFO: [IP_Flow 19-234] Refreshing IP repositories
INFO: [IP_Flow 19-1704] No user IP repositories specified
INFO: [IP_Flow 19-2313] Loaded Vivado IP repository 'C:/Xilinx/Vivado/2018.2/data/ip'.
open_project: Time (s): cpu = 00:00:20 ; elapsed = 00:00:09 . Memory (MB): peak = 792.234 ; gain = 71.145
update_compile_order -fileset sources_1
