#-----------------------------------------------------------
# Vivado v2018.2 (64-bit)
# SW Build 2258646 on Thu Jun 14 20:03:12 MDT 2018
# IP Build 2256618 on Thu Jun 14 22:10:49 MDT 2018
# Start of session at: Mon Feb  1 00:08:52 2021
# Process ID: 32584
# Current directory: C:/Users/Jianning/Desktop/EE2026/Week 3/lab_1_graded
# Command line: vivado.exe -gui_launcher_event rodinguilauncherevent14392 C:\Users\Jianning\Desktop\EE2026\Week 3\lab_1_graded\lab_1_graded.xpr
# Log file: C:/Users/Jianning/Desktop/EE2026/Week 3/lab_1_graded/vivado.log
# Journal file: C:/Users/Jianning/Desktop/EE2026/Week 3/lab_1_graded\vivado.jou
#-----------------------------------------------------------
start_gui
open_project {C:/Users/Jianning/Desktop/EE2026/Week 3/lab_1_graded/lab_1_graded.xpr}
Scanning sources...
Finished scanning sources
INFO: [IP_Flow 19-234] Refreshing IP repositories
INFO: [IP_Flow 19-1704] No user IP repositories specified
INFO: [IP_Flow 19-2313] Loaded Vivado IP repository 'C:/Xilinx/Vivado/2018.2/data/ip'.
update_compile_order -fileset sources_1
archive_project {C:/Users/Jianning/Desktop/EE2026/Week 3/blah.xpr.zip} -temp_dir {C:/Users/Jianning/Desktop/EE2026/Week 3/lab_1_graded/.Xil/Vivado-32584-Jianning-XPS-15} -force -include_local_ip_cache -include_config_settings
INFO: [Coretcl 2-137] starting archive...
INFO: [Coretcl 2-1499] Saving project copy to temporary location 'C:/Users/Jianning/Desktop/EE2026/Week 3/lab_1_graded/.Xil/Vivado-32584-Jianning-XPS-15' for archiving project
Scanning sources...
Finished scanning sources
INFO: [Coretcl 2-1211] Creating project copy for archival...
INFO: [ProjectBase 1-495] The host OS only allows 260 characters in a normal path. The project is stored in a path with more than 80 characters. If you experience any problem with archiving the project, please consider setting environment variable $TEMP to a shorter path.
Current project path is 'C:/Users/Jianning/Desktop/EE2026/Week 3/lab_1_graded/.Xil/Vivado-32584-Jianning-XPS-15/PrjAr/_X_'.
INFO: [Coretcl 2-1213] Including run results for 'synth_1'
INFO: [Coretcl 2-1213] Including run results for 'impl_1'
INFO: [Coretcl 2-1209] Adding archive summary file to the project...
INFO: [Coretcl 2-1214] Preparing project files for archive...
INFO: [Coretcl 2-1210] Compressing project files and data...
INFO: [Coretcl 2-1215] Project archived (C:/Users/Jianning/Desktop/EE2026/Week 3/blah.xpr.zip)
INFO: [Coretcl 2-1216] To view the archive summary log in GUI, double click on 'Design Sources->Text->archive_project_summary.txt', or open this file from the archived project directory.
exit
INFO: [Common 17-206] Exiting Vivado at Mon Feb  1 00:09:44 2021...
