#-----------------------------------------------------------
# Vivado v2018.2 (64-bit)
# SW Build 2258646 on Thu Jun 14 20:03:12 MDT 2018
# IP Build 2256618 on Thu Jun 14 22:10:49 MDT 2018
# Start of session at: Mon Jan 25 22:10:20 2021
# Process ID: 13376
# Current directory: C:/Users/Jianning/Desktop/EE2026/Week 3/lab_1_graded
# Command line: vivado.exe -gui_launcher_event rodinguilauncherevent12008 C:\Users\Jianning\Desktop\EE2026\Week 3\lab_1_graded\lab_1_graded.xpr
# Log file: C:/Users/Jianning/Desktop/EE2026/Week 3/lab_1_graded/vivado.log
# Journal file: C:/Users/Jianning/Desktop/EE2026/Week 3/lab_1_graded\vivado.jou
#-----------------------------------------------------------
start_gui
open_project {C:/Users/Jianning/Desktop/EE2026/Week 3/lab_1_graded/lab_1_graded.xpr}
Scanning sources...
Finished scanning sources
INFO: [IP_Flow 19-234] Refreshing IP repositories
INFO: [IP_Flow 19-1704] No user IP repositories specified
INFO: [IP_Flow 19-2313] Loaded Vivado IP repository 'C:/Xilinx/Vivado/2018.2/data/ip'.
update_compile_order -fileset sources_1
exit
INFO: [Common 17-206] Exiting Vivado at Mon Jan 25 22:10:40 2021...
