#-----------------------------------------------------------
# Vivado v2018.2 (64-bit)
# SW Build 2258646 on Thu Jun 14 20:03:12 MDT 2018
# IP Build 2256618 on Thu Jun 14 22:10:49 MDT 2018
# Start of session at: Mon Feb  1 14:18:48 2021
# Process ID: 32896
# Current directory: C:/Users/Jianning/Desktop/EE2026/Week 4/lab_2
# Command line: vivado.exe -gui_launcher_event rodinguilauncherevent27832 C:\Users\Jianning\Desktop\EE2026\Week 4\lab_2\lab_2.xpr
# Log file: C:/Users/Jianning/Desktop/EE2026/Week 4/lab_2/vivado.log
# Journal file: C:/Users/Jianning/Desktop/EE2026/Week 4/lab_2\vivado.jou
#-----------------------------------------------------------
start_gui
open_project {C:/Users/Jianning/Desktop/EE2026/Week 4/lab_2/lab_2.xpr}
Scanning sources...
Finished scanning sources
INFO: [IP_Flow 19-234] Refreshing IP repositories
INFO: [IP_Flow 19-1704] No user IP repositories specified
INFO: [IP_Flow 19-2313] Loaded Vivado IP repository 'C:/Xilinx/Vivado/2018.2/data/ip'.
update_compile_order -fileset sources_1
open_hw
connect_hw_server
INFO: [Labtools 27-2285] Connecting to hw_server url TCP:localhost:3121
INFO: [Labtools 27-2222] Launching hw_server...
INFO: [Labtools 27-2221] Launch Output:

****** Xilinx hw_server v2018.2
  **** Build date : Jun 14 2018-20:42:52
    ** Copyright 1986-2018 Xilinx, Inc. All Rights Reserved.


connect_hw_server: Time (s): cpu = 00:00:02 ; elapsed = 00:00:06 . Memory (MB): peak = 929.484 ; gain = 0.000
open_hw_target
INFO: [Labtoolstcl 44-466] Opening hw_target localhost:3121/xilinx_tcf/Digilent/210183713918A
set_property PROGRAM.FILE {C:/Users/Jianning/Desktop/EE2026/Week 4/lab_2/lab_2.runs/impl_1/four_bit_adder.bit} [get_hw_devices xc7a35t_0]
current_hw_device [get_hw_devices xc7a35t_0]
refresh_hw_device -update_hw_probes false [lindex [get_hw_devices xc7a35t_0] 0]
INFO: [Labtools 27-1434] Device xc7a35t (JTAG device index = 0) is programmed with a design that has no supported debug core(s) in it.
WARNING: [Labtools 27-3361] The debug hub core was not detected.
Resolution: 
1. Make sure the clock connected to the debug hub (dbg_hub) core is a free running clock and is active.
2. Make sure the BSCAN_SWITCH_USER_MASK device property in Vivado Hardware Manager reflects the user scan chain setting in the design and refresh the device.  To determine the user scan chain setting in the design, open the implemented design and use 'get_property C_USER_SCAN_CHAIN [get_debug_cores dbg_hub]'.
For more details on setting the scan chain property, consult the Vivado Debug and Programming User Guide (UG908).
set_property PROBES.FILE {} [get_hw_devices xc7a35t_0]
set_property FULL_PROBES.FILE {} [get_hw_devices xc7a35t_0]
set_property PROGRAM.FILE {C:/Users/Jianning/Desktop/EE2026/Week 4/lab_2/lab_2.runs/impl_1/four_bit_adder.bit} [get_hw_devices xc7a35t_0]
program_hw_devices [get_hw_devices xc7a35t_0]
INFO: [Labtools 27-3164] End of startup status: HIGH
refresh_hw_device [lindex [get_hw_devices xc7a35t_0] 0]
INFO: [Labtools 27-1434] Device xc7a35t (JTAG device index = 0) is programmed with a design that has no supported debug core(s) in it.
WARNING: [Labtools 27-3361] The debug hub core was not detected.
Resolution: 
1. Make sure the clock connected to the debug hub (dbg_hub) core is a free running clock and is active.
2. Make sure the BSCAN_SWITCH_USER_MASK device property in Vivado Hardware Manager reflects the user scan chain setting in the design and refresh the device.  To determine the user scan chain setting in the design, open the implemented design and use 'get_property C_USER_SCAN_CHAIN [get_debug_cores dbg_hub]'.
For more details on setting the scan chain property, consult the Vivado Debug and Programming User Guide (UG908).
ERROR: [Labtoolstcl 44-513] HW Target shutdown. Closing target: localhost:3121/xilinx_tcf/Digilent/210183713918A
synth_design -rtl -name rtl_1
Command: synth_design -rtl -name rtl_1
Starting synth_design
Using part: xc7a35tcpg236-1
Top: four_bit_adder
---------------------------------------------------------------------------------
Starting RTL Elaboration : Time (s): cpu = 00:00:02 ; elapsed = 00:00:03 . Memory (MB): peak = 1720.984 ; gain = 111.895
---------------------------------------------------------------------------------
INFO: [Synth 8-6157] synthesizing module 'four_bit_adder' [C:/Users/Jianning/Desktop/EE2026/Week 4/lab_2/lab_2.srcs/sources_1/new/four_bit_adder.v:23]
INFO: [Synth 8-6157] synthesizing module 'one_bit_full_adder' [C:/Users/Jianning/Desktop/EE2026/Week 4/lab_2/lab_2.srcs/sources_1/new/one_bit_full_adder.v:23]
INFO: [Synth 8-6155] done synthesizing module 'one_bit_full_adder' (1#1) [C:/Users/Jianning/Desktop/EE2026/Week 4/lab_2/lab_2.srcs/sources_1/new/one_bit_full_adder.v:23]
INFO: [Synth 8-6155] done synthesizing module 'four_bit_adder' (2#1) [C:/Users/Jianning/Desktop/EE2026/Week 4/lab_2/lab_2.srcs/sources_1/new/four_bit_adder.v:23]
---------------------------------------------------------------------------------
Finished RTL Elaboration : Time (s): cpu = 00:00:03 ; elapsed = 00:00:03 . Memory (MB): peak = 1760.109 ; gain = 151.020
---------------------------------------------------------------------------------

Report Check Netlist: 
+------+------------------+-------+---------+-------+------------------+
|      |Item              |Errors |Warnings |Status |Description       |
+------+------------------+-------+---------+-------+------------------+
|1     |multi_driven_nets |      0|        0|Passed |Multi driven nets |
+------+------------------+-------+---------+-------+------------------+
---------------------------------------------------------------------------------
Start Handling Custom Attributes
---------------------------------------------------------------------------------
---------------------------------------------------------------------------------
Finished Handling Custom Attributes : Time (s): cpu = 00:00:03 ; elapsed = 00:00:03 . Memory (MB): peak = 1760.109 ; gain = 151.020
---------------------------------------------------------------------------------
---------------------------------------------------------------------------------
Finished RTL Optimization Phase 1 : Time (s): cpu = 00:00:03 ; elapsed = 00:00:03 . Memory (MB): peak = 1760.109 ; gain = 151.020
---------------------------------------------------------------------------------
INFO: [Device 21-403] Loading part xc7a35tcpg236-1
INFO: [Project 1-570] Preparing netlist for logic optimization

Processing XDC Constraints
Initializing timing engine
Parsing XDC File [C:/Users/Jianning/Desktop/EE2026/Week 4/lab_2/lab_2.srcs/constrs_1/new/my_basys3_constraints.xdc]
Finished Parsing XDC File [C:/Users/Jianning/Desktop/EE2026/Week 4/lab_2/lab_2.srcs/constrs_1/new/my_basys3_constraints.xdc]
Completed Processing XDC Constraints

INFO: [Opt 31-138] Pushed 0 inverter(s) to 0 load pin(s).
INFO: [Project 1-111] Unisim Transformation Summary:
No Unisim elements were transformed.

RTL Elaboration Complete:  : Time (s): cpu = 00:00:22 ; elapsed = 00:00:19 . Memory (MB): peak = 2076.926 ; gain = 467.836
8 Infos, 0 Warnings, 0 Critical Warnings and 0 Errors encountered.
synth_design completed successfully
synth_design: Time (s): cpu = 00:00:22 ; elapsed = 00:00:19 . Memory (MB): peak = 2076.926 ; gain = 467.836
launch_simulation
INFO: [Vivado 12-5682] Launching behavioral simulation in 'C:/Users/Jianning/Desktop/EE2026/Week 4/lab_2/lab_2.sim/sim_1/behav/xsim'
INFO: [SIM-utils-51] Simulation object is 'sim_1'
INFO: [SIM-utils-54] Inspecting design source files for 'test_four_bit_adder' in fileset 'sim_1'...
INFO: [USF-XSim-97] Finding global include files...
INFO: [USF-XSim-98] Fetching design files from 'sim_1'...
INFO: [USF-XSim-2] XSim::Compile design
INFO: [USF-XSim-61] Executing 'COMPILE and ANALYZE' step in 'C:/Users/Jianning/Desktop/EE2026/Week 4/lab_2/lab_2.sim/sim_1/behav/xsim'
"xvlog --incr --relax -prj test_four_bit_adder_vlog.prj"
INFO: [USF-XSim-69] 'compile' step finished in '1' seconds
INFO: [USF-XSim-3] XSim::Elaborate design
INFO: [USF-XSim-61] Executing 'ELABORATE' step in 'C:/Users/Jianning/Desktop/EE2026/Week 4/lab_2/lab_2.sim/sim_1/behav/xsim'
Vivado Simulator 2018.2
Copyright 1986-1999, 2001-2018 Xilinx, Inc. All Rights Reserved.
Running: C:/Xilinx/Vivado/2018.2/bin/unwrapped/win64.o/xelab.exe -wto 2dfd8c60a4b44980a26dc2a308ee4c5f --incr --debug typical --relax --mt 2 -L xil_defaultlib -L unisims_ver -L unimacro_ver -L secureip --snapshot test_four_bit_adder_behav xil_defaultlib.test_four_bit_adder xil_defaultlib.glbl -log elaborate.log 
Using 2 slave threads.
Starting static elaboration
Completed static elaboration
INFO: [XSIM 43-4323] No Change in HDL. Linking previously generated obj files to create kernel
INFO: [USF-XSim-69] 'elaborate' step finished in '2' seconds
INFO: [USF-XSim-4] XSim::Simulate design
INFO: [USF-XSim-61] Executing 'SIMULATE' step in 'C:/Users/Jianning/Desktop/EE2026/Week 4/lab_2/lab_2.sim/sim_1/behav/xsim'
INFO: [USF-XSim-98] *** Running xsim
   with args "test_four_bit_adder_behav -key {Behavioral:sim_1:Functional:test_four_bit_adder} -tclbatch {test_four_bit_adder.tcl} -log {simulate.log}"
INFO: [USF-XSim-8] Loading simulator feature
Vivado Simulator 2018.2
Time resolution is 1 ps
source test_four_bit_adder.tcl
# set curr_wave [current_wave_config]
# if { [string length $curr_wave] == 0 } {
#   if { [llength [get_objects]] > 0} {
#     add_wave /
#     set_property needs_save false [current_wave_config]
#   } else {
#      send_msg_id Add_Wave-1 WARNING "No top level signals found. Simulator will start without a wave window. If you want to open a wave window go to 'File->New Waveform Configuration' or type 'create_wave_config' in the TCL console."
#   }
# }
# run 1000ns
INFO: [USF-XSim-96] XSim completed. Design snapshot 'test_four_bit_adder_behav' loaded.
INFO: [USF-XSim-97] XSim simulation ran for 1000ns
launch_simulation: Time (s): cpu = 00:00:08 ; elapsed = 00:00:07 . Memory (MB): peak = 2095.922 ; gain = 6.922
INFO: [Labtoolstcl 44-466] Opening hw_target localhost:3121/xilinx_tcf/Digilent/210183713918A
INFO: [Labtools 27-1434] Device xc7a35t (JTAG device index = 0) is programmed with a design that has no supported debug core(s) in it.
WARNING: [Labtools 27-3361] The debug hub core was not detected.
Resolution: 
1. Make sure the clock connected to the debug hub (dbg_hub) core is a free running clock and is active.
2. Make sure the BSCAN_SWITCH_USER_MASK device property in Vivado Hardware Manager reflects the user scan chain setting in the design and refresh the device.  To determine the user scan chain setting in the design, open the implemented design and use 'get_property C_USER_SCAN_CHAIN [get_debug_cores dbg_hub]'.
For more details on setting the scan chain property, consult the Vivado Debug and Programming User Guide (UG908).
WARNING: [Labtoolstcl 44-129] No matching hw_ila_data was found.
set_property PROBES.FILE {} [get_hw_devices xc7a35t_0]
set_property FULL_PROBES.FILE {} [get_hw_devices xc7a35t_0]
set_property PROGRAM.FILE {C:/Users/Jianning/Desktop/EE2026/Week 4/lab_2/lab_2.runs/impl_1/four_bit_adder.bit} [get_hw_devices xc7a35t_0]
program_hw_devices [get_hw_devices xc7a35t_0]
INFO: [Labtools 27-3164] End of startup status: HIGH
refresh_hw_device [lindex [get_hw_devices xc7a35t_0] 0]
INFO: [Labtools 27-1434] Device xc7a35t (JTAG device index = 0) is programmed with a design that has no supported debug core(s) in it.
WARNING: [Labtools 27-3361] The debug hub core was not detected.
Resolution: 
1. Make sure the clock connected to the debug hub (dbg_hub) core is a free running clock and is active.
2. Make sure the BSCAN_SWITCH_USER_MASK device property in Vivado Hardware Manager reflects the user scan chain setting in the design and refresh the device.  To determine the user scan chain setting in the design, open the implemented design and use 'get_property C_USER_SCAN_CHAIN [get_debug_cores dbg_hub]'.
For more details on setting the scan chain property, consult the Vivado Debug and Programming User Guide (UG908).
ERROR: [Labtoolstcl 44-513] HW Target shutdown. Closing target: localhost:3121/xilinx_tcf/Digilent/210183713918A
close [ open {C:/Users/Jianning/Desktop/EE2026/Week 4/lab_2/lab_2.srcs/sources_1/new/alt_four_bit.v} w ]
add_files {{C:/Users/Jianning/Desktop/EE2026/Week 4/lab_2/lab_2.srcs/sources_1/new/alt_four_bit.v}}
update_compile_order -fileset sources_1
set_property top alt_four_bit [current_fileset]
update_compile_order -fileset sources_1
refresh_design
---------------------------------------------------------------------------------
Starting RTL Elaboration : Time (s): cpu = 00:00:03 ; elapsed = 00:00:02 . Memory (MB): peak = 2128.570 ; gain = 10.375
---------------------------------------------------------------------------------
INFO: [Synth 8-6157] synthesizing module 'alt_four_bit' [C:/Users/Jianning/Desktop/EE2026/Week 4/lab_2/lab_2.srcs/sources_1/new/alt_four_bit.v:23]
INFO: [Synth 8-6157] synthesizing module 'two_bit_adder' [C:/Users/Jianning/Desktop/EE2026/Week 4/lab_2/lab_2.srcs/sources_1/new/two_bit_adder.v:23]
INFO: [Synth 8-6157] synthesizing module 'one_bit_full_adder' [C:/Users/Jianning/Desktop/EE2026/Week 4/lab_2/lab_2.srcs/sources_1/new/one_bit_full_adder.v:23]
INFO: [Synth 8-6155] done synthesizing module 'one_bit_full_adder' (1#1) [C:/Users/Jianning/Desktop/EE2026/Week 4/lab_2/lab_2.srcs/sources_1/new/one_bit_full_adder.v:23]
INFO: [Synth 8-6155] done synthesizing module 'two_bit_adder' (2#1) [C:/Users/Jianning/Desktop/EE2026/Week 4/lab_2/lab_2.srcs/sources_1/new/two_bit_adder.v:23]
ERROR: [Synth 8-523] part-select [1:0] does not match declaration [C:/Users/Jianning/Desktop/EE2026/Week 4/lab_2/lab_2.srcs/sources_1/new/alt_four_bit.v:33]
ERROR: [Synth 8-6156] failed synthesizing module 'alt_four_bit' [C:/Users/Jianning/Desktop/EE2026/Week 4/lab_2/lab_2.srcs/sources_1/new/alt_four_bit.v:23]
---------------------------------------------------------------------------------
Finished RTL Elaboration : Time (s): cpu = 00:00:03 ; elapsed = 00:00:03 . Memory (MB): peak = 2167.375 ; gain = 49.180
---------------------------------------------------------------------------------
RTL Elaboration failed
ERROR: [Common 17-39] 'refresh_design' failed due to earlier errors.
refresh_design
---------------------------------------------------------------------------------
Starting RTL Elaboration : Time (s): cpu = 00:00:03 ; elapsed = 00:00:02 . Memory (MB): peak = 2181.801 ; gain = 0.000
---------------------------------------------------------------------------------
INFO: [Synth 8-6157] synthesizing module 'alt_four_bit' [C:/Users/Jianning/Desktop/EE2026/Week 4/lab_2/lab_2.srcs/sources_1/new/alt_four_bit.v:23]
INFO: [Synth 8-6157] synthesizing module 'two_bit_adder' [C:/Users/Jianning/Desktop/EE2026/Week 4/lab_2/lab_2.srcs/sources_1/new/two_bit_adder.v:23]
INFO: [Synth 8-6157] synthesizing module 'one_bit_full_adder' [C:/Users/Jianning/Desktop/EE2026/Week 4/lab_2/lab_2.srcs/sources_1/new/one_bit_full_adder.v:23]
INFO: [Synth 8-6155] done synthesizing module 'one_bit_full_adder' (1#1) [C:/Users/Jianning/Desktop/EE2026/Week 4/lab_2/lab_2.srcs/sources_1/new/one_bit_full_adder.v:23]
INFO: [Synth 8-6155] done synthesizing module 'two_bit_adder' (2#1) [C:/Users/Jianning/Desktop/EE2026/Week 4/lab_2/lab_2.srcs/sources_1/new/two_bit_adder.v:23]
INFO: [Synth 8-6155] done synthesizing module 'alt_four_bit' (3#1) [C:/Users/Jianning/Desktop/EE2026/Week 4/lab_2/lab_2.srcs/sources_1/new/alt_four_bit.v:23]
---------------------------------------------------------------------------------
Finished RTL Elaboration : Time (s): cpu = 00:00:03 ; elapsed = 00:00:03 . Memory (MB): peak = 2181.801 ; gain = 0.000
---------------------------------------------------------------------------------

Report Check Netlist: 
+------+------------------+-------+---------+-------+------------------+
|      |Item              |Errors |Warnings |Status |Description       |
+------+------------------+-------+---------+-------+------------------+
|1     |multi_driven_nets |      0|        0|Passed |Multi driven nets |
+------+------------------+-------+---------+-------+------------------+
---------------------------------------------------------------------------------
Start Handling Custom Attributes
---------------------------------------------------------------------------------
---------------------------------------------------------------------------------
Finished Handling Custom Attributes : Time (s): cpu = 00:00:03 ; elapsed = 00:00:03 . Memory (MB): peak = 2181.801 ; gain = 0.000
---------------------------------------------------------------------------------
---------------------------------------------------------------------------------
Finished RTL Optimization Phase 1 : Time (s): cpu = 00:00:03 ; elapsed = 00:00:03 . Memory (MB): peak = 2181.801 ; gain = 0.000
---------------------------------------------------------------------------------
INFO: [Project 1-570] Preparing netlist for logic optimization

Processing XDC Constraints
Initializing timing engine
Parsing XDC File [C:/Users/Jianning/Desktop/EE2026/Week 4/lab_2/lab_2.srcs/constrs_1/new/my_basys3_constraints.xdc]
Finished Parsing XDC File [C:/Users/Jianning/Desktop/EE2026/Week 4/lab_2/lab_2.srcs/constrs_1/new/my_basys3_constraints.xdc]
Completed Processing XDC Constraints

INFO: [Opt 31-138] Pushed 0 inverter(s) to 0 load pin(s).
refresh_design: Time (s): cpu = 00:00:14 ; elapsed = 00:00:08 . Memory (MB): peak = 2182.270 ; gain = 0.469
close_sim
INFO: [Simtcl 6-16] Simulation closed
launch_simulation
INFO: [Vivado 12-5682] Launching behavioral simulation in 'C:/Users/Jianning/Desktop/EE2026/Week 4/lab_2/lab_2.sim/sim_1/behav/xsim'
INFO: [SIM-utils-51] Simulation object is 'sim_1'
INFO: [SIM-utils-54] Inspecting design source files for 'test_four_bit_adder' in fileset 'sim_1'...
INFO: [USF-XSim-97] Finding global include files...
INFO: [USF-XSim-98] Fetching design files from 'sim_1'...
INFO: [USF-XSim-2] XSim::Compile design
INFO: [USF-XSim-61] Executing 'COMPILE and ANALYZE' step in 'C:/Users/Jianning/Desktop/EE2026/Week 4/lab_2/lab_2.sim/sim_1/behav/xsim'
"xvlog --incr --relax -prj test_four_bit_adder_vlog.prj"
INFO: [VRFC 10-2263] Analyzing Verilog file "C:/Users/Jianning/Desktop/EE2026/Week 4/lab_2/lab_2.srcs/sources_1/new/alt_four_bit.v" into library xil_defaultlib
INFO: [VRFC 10-311] analyzing module alt_four_bit
INFO: [VRFC 10-2263] Analyzing Verilog file "C:/Users/Jianning/Desktop/EE2026/Week 4/lab_2/lab_2.srcs/sources_1/new/one_bit_full_adder.v" into library xil_defaultlib
INFO: [VRFC 10-311] analyzing module one_bit_full_adder
INFO: [VRFC 10-2263] Analyzing Verilog file "C:/Users/Jianning/Desktop/EE2026/Week 4/lab_2/lab_2.srcs/sources_1/new/two_bit_adder.v" into library xil_defaultlib
INFO: [VRFC 10-311] analyzing module two_bit_adder
INFO: [VRFC 10-2263] Analyzing Verilog file "C:/Users/Jianning/Desktop/EE2026/Week 4/lab_2/lab_2.srcs/sim_1/new/test_four_bit_adder.v" into library xil_defaultlib
INFO: [VRFC 10-311] analyzing module test_four_bit_adder
INFO: [USF-XSim-69] 'compile' step finished in '2' seconds
INFO: [USF-XSim-3] XSim::Elaborate design
INFO: [USF-XSim-61] Executing 'ELABORATE' step in 'C:/Users/Jianning/Desktop/EE2026/Week 4/lab_2/lab_2.sim/sim_1/behav/xsim'
Vivado Simulator 2018.2
Copyright 1986-1999, 2001-2018 Xilinx, Inc. All Rights Reserved.
Running: C:/Xilinx/Vivado/2018.2/bin/unwrapped/win64.o/xelab.exe -wto 2dfd8c60a4b44980a26dc2a308ee4c5f --incr --debug typical --relax --mt 2 -L xil_defaultlib -L unisims_ver -L unimacro_ver -L secureip --snapshot test_four_bit_adder_behav xil_defaultlib.test_four_bit_adder xil_defaultlib.glbl -log elaborate.log 
Using 2 slave threads.
Starting static elaboration
ERROR: [VRFC 10-2538] module instantiation should have an instance name [C:/Users/Jianning/Desktop/EE2026/Week 4/lab_2/lab_2.srcs/sources_1/new/alt_four_bit.v:33]
ERROR: [VRFC 10-2063] Module <one_bit_full_adder> not found while processing module instance <fa0> [C:/Users/Jianning/Desktop/EE2026/Week 4/lab_2/lab_2.srcs/sources_1/new/two_bit_adder.v:33]
ERROR: [VRFC 10-2538] module instantiation should have an instance name [C:/Users/Jianning/Desktop/EE2026/Week 4/lab_2/lab_2.srcs/sources_1/new/alt_four_bit.v:34]
ERROR: [XSIM 43-3322] Static elaboration of top level Verilog design unit(s) in library work failed.
INFO: [USF-XSim-69] 'elaborate' step finished in '1' seconds
INFO: [USF-XSim-99] Step results log file:'C:/Users/Jianning/Desktop/EE2026/Week 4/lab_2/lab_2.sim/sim_1/behav/xsim/elaborate.log'
ERROR: [USF-XSim-62] 'elaborate' step failed with error(s). Please check the Tcl console output or 'C:/Users/Jianning/Desktop/EE2026/Week 4/lab_2/lab_2.sim/sim_1/behav/xsim/elaborate.log' file for more information.
ERROR: [Vivado 12-4473] Detected error while running simulation. Please correct the issue and retry this operation.
ERROR: [Common 17-39] 'launch_simulation' failed due to earlier errors.
launch_simulation
INFO: [Vivado 12-5682] Launching behavioral simulation in 'C:/Users/Jianning/Desktop/EE2026/Week 4/lab_2/lab_2.sim/sim_1/behav/xsim'
INFO: [SIM-utils-51] Simulation object is 'sim_1'
INFO: [SIM-utils-54] Inspecting design source files for 'test_four_bit_adder' in fileset 'sim_1'...
INFO: [USF-XSim-97] Finding global include files...
INFO: [USF-XSim-98] Fetching design files from 'sim_1'...
INFO: [USF-XSim-2] XSim::Compile design
INFO: [USF-XSim-61] Executing 'COMPILE and ANALYZE' step in 'C:/Users/Jianning/Desktop/EE2026/Week 4/lab_2/lab_2.sim/sim_1/behav/xsim'
"xvlog --incr --relax -prj test_four_bit_adder_vlog.prj"
INFO: [USF-XSim-69] 'compile' step finished in '1' seconds
INFO: [USF-XSim-3] XSim::Elaborate design
INFO: [USF-XSim-61] Executing 'ELABORATE' step in 'C:/Users/Jianning/Desktop/EE2026/Week 4/lab_2/lab_2.sim/sim_1/behav/xsim'
Vivado Simulator 2018.2
Copyright 1986-1999, 2001-2018 Xilinx, Inc. All Rights Reserved.
Running: C:/Xilinx/Vivado/2018.2/bin/unwrapped/win64.o/xelab.exe -wto 2dfd8c60a4b44980a26dc2a308ee4c5f --incr --debug typical --relax --mt 2 -L xil_defaultlib -L unisims_ver -L unimacro_ver -L secureip --snapshot test_four_bit_adder_behav xil_defaultlib.test_four_bit_adder xil_defaultlib.glbl -log elaborate.log 
Using 2 slave threads.
Starting static elaboration
ERROR: [VRFC 10-2538] module instantiation should have an instance name [C:/Users/Jianning/Desktop/EE2026/Week 4/lab_2/lab_2.srcs/sources_1/new/alt_four_bit.v:33]
ERROR: [VRFC 10-2063] Module <one_bit_full_adder> not found while processing module instance <fa0> [C:/Users/Jianning/Desktop/EE2026/Week 4/lab_2/lab_2.srcs/sources_1/new/two_bit_adder.v:33]
ERROR: [VRFC 10-2538] module instantiation should have an instance name [C:/Users/Jianning/Desktop/EE2026/Week 4/lab_2/lab_2.srcs/sources_1/new/alt_four_bit.v:34]
ERROR: [XSIM 43-3322] Static elaboration of top level Verilog design unit(s) in library work failed.
INFO: [USF-XSim-69] 'elaborate' step finished in '1' seconds
INFO: [USF-XSim-99] Step results log file:'C:/Users/Jianning/Desktop/EE2026/Week 4/lab_2/lab_2.sim/sim_1/behav/xsim/elaborate.log'
ERROR: [USF-XSim-62] 'elaborate' step failed with error(s). Please check the Tcl console output or 'C:/Users/Jianning/Desktop/EE2026/Week 4/lab_2/lab_2.sim/sim_1/behav/xsim/elaborate.log' file for more information.
ERROR: [Vivado 12-4473] Detected error while running simulation. Please correct the issue and retry this operation.
ERROR: [Common 17-39] 'launch_simulation' failed due to earlier errors.
launch_simulation
INFO: [Vivado 12-5682] Launching behavioral simulation in 'C:/Users/Jianning/Desktop/EE2026/Week 4/lab_2/lab_2.sim/sim_1/behav/xsim'
INFO: [SIM-utils-51] Simulation object is 'sim_1'
INFO: [SIM-utils-54] Inspecting design source files for 'test_four_bit_adder' in fileset 'sim_1'...
INFO: [USF-XSim-97] Finding global include files...
INFO: [USF-XSim-98] Fetching design files from 'sim_1'...
INFO: [USF-XSim-2] XSim::Compile design
INFO: [USF-XSim-61] Executing 'COMPILE and ANALYZE' step in 'C:/Users/Jianning/Desktop/EE2026/Week 4/lab_2/lab_2.sim/sim_1/behav/xsim'
"xvlog --incr --relax -prj test_four_bit_adder_vlog.prj"
INFO: [USF-XSim-69] 'compile' step finished in '2' seconds
INFO: [USF-XSim-3] XSim::Elaborate design
INFO: [USF-XSim-61] Executing 'ELABORATE' step in 'C:/Users/Jianning/Desktop/EE2026/Week 4/lab_2/lab_2.sim/sim_1/behav/xsim'
Vivado Simulator 2018.2
Copyright 1986-1999, 2001-2018 Xilinx, Inc. All Rights Reserved.
Running: C:/Xilinx/Vivado/2018.2/bin/unwrapped/win64.o/xelab.exe -wto 2dfd8c60a4b44980a26dc2a308ee4c5f --incr --debug typical --relax --mt 2 -L xil_defaultlib -L unisims_ver -L unimacro_ver -L secureip --snapshot test_four_bit_adder_behav xil_defaultlib.test_four_bit_adder xil_defaultlib.glbl -log elaborate.log 
Using 2 slave threads.
Starting static elaboration
ERROR: [VRFC 10-2538] module instantiation should have an instance name [C:/Users/Jianning/Desktop/EE2026/Week 4/lab_2/lab_2.srcs/sources_1/new/alt_four_bit.v:33]
ERROR: [VRFC 10-2063] Module <one_bit_full_adder> not found while processing module instance <fa0> [C:/Users/Jianning/Desktop/EE2026/Week 4/lab_2/lab_2.srcs/sources_1/new/two_bit_adder.v:33]
ERROR: [VRFC 10-2538] module instantiation should have an instance name [C:/Users/Jianning/Desktop/EE2026/Week 4/lab_2/lab_2.srcs/sources_1/new/alt_four_bit.v:34]
ERROR: [XSIM 43-3322] Static elaboration of top level Verilog design unit(s) in library work failed.
INFO: [USF-XSim-69] 'elaborate' step finished in '1' seconds
INFO: [USF-XSim-99] Step results log file:'C:/Users/Jianning/Desktop/EE2026/Week 4/lab_2/lab_2.sim/sim_1/behav/xsim/elaborate.log'
ERROR: [USF-XSim-62] 'elaborate' step failed with error(s). Please check the Tcl console output or 'C:/Users/Jianning/Desktop/EE2026/Week 4/lab_2/lab_2.sim/sim_1/behav/xsim/elaborate.log' file for more information.
ERROR: [Vivado 12-4473] Detected error while running simulation. Please correct the issue and retry this operation.
ERROR: [Common 17-39] 'launch_simulation' failed due to earlier errors.
launch_simulation
INFO: [Vivado 12-5682] Launching behavioral simulation in 'C:/Users/Jianning/Desktop/EE2026/Week 4/lab_2/lab_2.sim/sim_1/behav/xsim'
INFO: [SIM-utils-51] Simulation object is 'sim_1'
INFO: [SIM-utils-54] Inspecting design source files for 'test_four_bit_adder' in fileset 'sim_1'...
INFO: [USF-XSim-97] Finding global include files...
INFO: [USF-XSim-98] Fetching design files from 'sim_1'...
INFO: [USF-XSim-2] XSim::Compile design
INFO: [USF-XSim-61] Executing 'COMPILE and ANALYZE' step in 'C:/Users/Jianning/Desktop/EE2026/Week 4/lab_2/lab_2.sim/sim_1/behav/xsim'
"xvlog --incr --relax -prj test_four_bit_adder_vlog.prj"
INFO: [VRFC 10-2263] Analyzing Verilog file "C:/Users/Jianning/Desktop/EE2026/Week 4/lab_2/lab_2.srcs/sources_1/new/alt_four_bit.v" into library xil_defaultlib
INFO: [VRFC 10-311] analyzing module alt_four_bit
INFO: [VRFC 10-2263] Analyzing Verilog file "C:/Users/Jianning/Desktop/EE2026/Week 4/lab_2/lab_2.srcs/sources_1/new/one_bit_full_adder.v" into library xil_defaultlib
INFO: [VRFC 10-311] analyzing module one_bit_full_adder
INFO: [VRFC 10-2263] Analyzing Verilog file "C:/Users/Jianning/Desktop/EE2026/Week 4/lab_2/lab_2.srcs/sources_1/new/two_bit_adder.v" into library xil_defaultlib
INFO: [VRFC 10-311] analyzing module two_bit_adder
INFO: [VRFC 10-2263] Analyzing Verilog file "C:/Users/Jianning/Desktop/EE2026/Week 4/lab_2/lab_2.srcs/sim_1/new/test_four_bit_adder.v" into library xil_defaultlib
INFO: [VRFC 10-311] analyzing module test_four_bit_adder
INFO: [USF-XSim-69] 'compile' step finished in '1' seconds
INFO: [USF-XSim-3] XSim::Elaborate design
INFO: [USF-XSim-61] Executing 'ELABORATE' step in 'C:/Users/Jianning/Desktop/EE2026/Week 4/lab_2/lab_2.sim/sim_1/behav/xsim'
Vivado Simulator 2018.2
Copyright 1986-1999, 2001-2018 Xilinx, Inc. All Rights Reserved.
Running: C:/Xilinx/Vivado/2018.2/bin/unwrapped/win64.o/xelab.exe -wto 2dfd8c60a4b44980a26dc2a308ee4c5f --incr --debug typical --relax --mt 2 -L xil_defaultlib -L unisims_ver -L unimacro_ver -L secureip --snapshot test_four_bit_adder_behav xil_defaultlib.test_four_bit_adder xil_defaultlib.glbl -log elaborate.log 
Using 2 slave threads.
Starting static elaboration
ERROR: [VRFC 10-2538] module instantiation should have an instance name [C:/Users/Jianning/Desktop/EE2026/Week 4/lab_2/lab_2.srcs/sources_1/new/alt_four_bit.v:33]
ERROR: [VRFC 10-2063] Module <one_bit_full_adder> not found while processing module instance <fa0> [C:/Users/Jianning/Desktop/EE2026/Week 4/lab_2/lab_2.srcs/sources_1/new/two_bit_adder.v:33]
ERROR: [VRFC 10-2538] module instantiation should have an instance name [C:/Users/Jianning/Desktop/EE2026/Week 4/lab_2/lab_2.srcs/sources_1/new/alt_four_bit.v:34]
ERROR: [XSIM 43-3322] Static elaboration of top level Verilog design unit(s) in library work failed.
INFO: [USF-XSim-69] 'elaborate' step finished in '2' seconds
INFO: [USF-XSim-99] Step results log file:'C:/Users/Jianning/Desktop/EE2026/Week 4/lab_2/lab_2.sim/sim_1/behav/xsim/elaborate.log'
ERROR: [USF-XSim-62] 'elaborate' step failed with error(s). Please check the Tcl console output or 'C:/Users/Jianning/Desktop/EE2026/Week 4/lab_2/lab_2.sim/sim_1/behav/xsim/elaborate.log' file for more information.
ERROR: [Vivado 12-4473] Detected error while running simulation. Please correct the issue and retry this operation.
ERROR: [Common 17-39] 'launch_simulation' failed due to earlier errors.
launch_simulation
INFO: [Vivado 12-5682] Launching behavioral simulation in 'C:/Users/Jianning/Desktop/EE2026/Week 4/lab_2/lab_2.sim/sim_1/behav/xsim'
INFO: [SIM-utils-51] Simulation object is 'sim_1'
INFO: [SIM-utils-54] Inspecting design source files for 'test_four_bit_adder' in fileset 'sim_1'...
INFO: [USF-XSim-97] Finding global include files...
INFO: [USF-XSim-98] Fetching design files from 'sim_1'...
INFO: [USF-XSim-2] XSim::Compile design
INFO: [USF-XSim-61] Executing 'COMPILE and ANALYZE' step in 'C:/Users/Jianning/Desktop/EE2026/Week 4/lab_2/lab_2.sim/sim_1/behav/xsim'
"xvlog --incr --relax -prj test_four_bit_adder_vlog.prj"
INFO: [VRFC 10-2263] Analyzing Verilog file "C:/Users/Jianning/Desktop/EE2026/Week 4/lab_2/lab_2.srcs/sources_1/new/alt_four_bit.v" into library xil_defaultlib
INFO: [VRFC 10-311] analyzing module alt_four_bit
INFO: [VRFC 10-2263] Analyzing Verilog file "C:/Users/Jianning/Desktop/EE2026/Week 4/lab_2/lab_2.srcs/sources_1/new/one_bit_full_adder.v" into library xil_defaultlib
INFO: [VRFC 10-311] analyzing module one_bit_full_adder
INFO: [VRFC 10-2263] Analyzing Verilog file "C:/Users/Jianning/Desktop/EE2026/Week 4/lab_2/lab_2.srcs/sources_1/new/two_bit_adder.v" into library xil_defaultlib
INFO: [VRFC 10-311] analyzing module two_bit_adder
INFO: [VRFC 10-2263] Analyzing Verilog file "C:/Users/Jianning/Desktop/EE2026/Week 4/lab_2/lab_2.srcs/sim_1/new/test_four_bit_adder.v" into library xil_defaultlib
INFO: [VRFC 10-311] analyzing module test_four_bit_adder
INFO: [USF-XSim-69] 'compile' step finished in '1' seconds
INFO: [USF-XSim-3] XSim::Elaborate design
INFO: [USF-XSim-61] Executing 'ELABORATE' step in 'C:/Users/Jianning/Desktop/EE2026/Week 4/lab_2/lab_2.sim/sim_1/behav/xsim'
Vivado Simulator 2018.2
Copyright 1986-1999, 2001-2018 Xilinx, Inc. All Rights Reserved.
Running: C:/Xilinx/Vivado/2018.2/bin/unwrapped/win64.o/xelab.exe -wto 2dfd8c60a4b44980a26dc2a308ee4c5f --incr --debug typical --relax --mt 2 -L xil_defaultlib -L unisims_ver -L unimacro_ver -L secureip --snapshot test_four_bit_adder_behav xil_defaultlib.test_four_bit_adder xil_defaultlib.glbl -log elaborate.log 
Using 2 slave threads.
Starting static elaboration
Completed static elaboration
Starting simulation data flow analysis
Completed simulation data flow analysis
Time Resolution for simulation is 1ps
Compiling module xil_defaultlib.one_bit_full_adder
Compiling module xil_defaultlib.two_bit_adder
Compiling module xil_defaultlib.alt_four_bit
Compiling module xil_defaultlib.test_four_bit_adder
Compiling module xil_defaultlib.glbl
Built simulation snapshot test_four_bit_adder_behav
INFO: [USF-XSim-69] 'elaborate' step finished in '3' seconds
INFO: [USF-XSim-4] XSim::Simulate design
INFO: [USF-XSim-61] Executing 'SIMULATE' step in 'C:/Users/Jianning/Desktop/EE2026/Week 4/lab_2/lab_2.sim/sim_1/behav/xsim'
INFO: [USF-XSim-98] *** Running xsim
   with args "test_four_bit_adder_behav -key {Behavioral:sim_1:Functional:test_four_bit_adder} -tclbatch {test_four_bit_adder.tcl} -log {simulate.log}"
INFO: [USF-XSim-8] Loading simulator feature
Vivado Simulator 2018.2
Time resolution is 1 ps
source test_four_bit_adder.tcl
# set curr_wave [current_wave_config]
# if { [string length $curr_wave] == 0 } {
#   if { [llength [get_objects]] > 0} {
#     add_wave /
#     set_property needs_save false [current_wave_config]
#   } else {
#      send_msg_id Add_Wave-1 WARNING "No top level signals found. Simulator will start without a wave window. If you want to open a wave window go to 'File->New Waveform Configuration' or type 'create_wave_config' in the TCL console."
#   }
# }
# run 1000ns
INFO: [USF-XSim-96] XSim completed. Design snapshot 'test_four_bit_adder_behav' loaded.
INFO: [USF-XSim-97] XSim simulation ran for 1000ns
launch_simulation: Time (s): cpu = 00:00:05 ; elapsed = 00:00:06 . Memory (MB): peak = 2182.270 ; gain = 0.000
close [ open {C:/Users/Jianning/Desktop/EE2026/Week 4/lab_2/lab_2.srcs/sources_1/new/my_2_to_1_mux.v} w ]
add_files {{C:/Users/Jianning/Desktop/EE2026/Week 4/lab_2/lab_2.srcs/sources_1/new/my_2_to_1_mux.v}}
update_compile_order -fileset sources_1
set_property top my_2_to_1_mux [current_fileset]
update_compile_order -fileset sources_1
refresh_design
---------------------------------------------------------------------------------
Starting RTL Elaboration : Time (s): cpu = 00:00:02 ; elapsed = 00:00:02 . Memory (MB): peak = 2182.270 ; gain = 0.000
---------------------------------------------------------------------------------
INFO: [Synth 8-6157] synthesizing module 'my_2_to_1_mux' [C:/Users/Jianning/Desktop/EE2026/Week 4/lab_2/lab_2.srcs/sources_1/new/my_2_to_1_mux.v:23]
INFO: [Synth 8-6155] done synthesizing module 'my_2_to_1_mux' (1#1) [C:/Users/Jianning/Desktop/EE2026/Week 4/lab_2/lab_2.srcs/sources_1/new/my_2_to_1_mux.v:23]
---------------------------------------------------------------------------------
Finished RTL Elaboration : Time (s): cpu = 00:00:03 ; elapsed = 00:00:03 . Memory (MB): peak = 2185.559 ; gain = 3.289
---------------------------------------------------------------------------------

Report Check Netlist: 
+------+------------------+-------+---------+-------+------------------+
|      |Item              |Errors |Warnings |Status |Description       |
+------+------------------+-------+---------+-------+------------------+
|1     |multi_driven_nets |      0|        0|Passed |Multi driven nets |
+------+------------------+-------+---------+-------+------------------+
---------------------------------------------------------------------------------
Start Handling Custom Attributes
---------------------------------------------------------------------------------
---------------------------------------------------------------------------------
Finished Handling Custom Attributes : Time (s): cpu = 00:00:03 ; elapsed = 00:00:03 . Memory (MB): peak = 2185.559 ; gain = 3.289
---------------------------------------------------------------------------------
---------------------------------------------------------------------------------
Finished RTL Optimization Phase 1 : Time (s): cpu = 00:00:03 ; elapsed = 00:00:03 . Memory (MB): peak = 2185.559 ; gain = 3.289
---------------------------------------------------------------------------------
INFO: [Project 1-570] Preparing netlist for logic optimization

Processing XDC Constraints
Initializing timing engine
Parsing XDC File [C:/Users/Jianning/Desktop/EE2026/Week 4/lab_2/lab_2.srcs/constrs_1/new/my_basys3_constraints.xdc]
WARNING: [Vivado 12-584] No ports matched 'A[0]'. [C:/Users/Jianning/Desktop/EE2026/Week 4/lab_2/lab_2.srcs/constrs_1/new/my_basys3_constraints.xdc:12]
CRITICAL WARNING: [Common 17-55] 'set_property' expects at least one object. [C:/Users/Jianning/Desktop/EE2026/Week 4/lab_2/lab_2.srcs/constrs_1/new/my_basys3_constraints.xdc:12]
Resolution: If [get_<value>] was used to populate the object, check to make sure this command returns at least one valid object.
WARNING: [Vivado 12-584] No ports matched 'A[0]'. [C:/Users/Jianning/Desktop/EE2026/Week 4/lab_2/lab_2.srcs/constrs_1/new/my_basys3_constraints.xdc:13]
CRITICAL WARNING: [Common 17-55] 'set_property' expects at least one object. [C:/Users/Jianning/Desktop/EE2026/Week 4/lab_2/lab_2.srcs/constrs_1/new/my_basys3_constraints.xdc:13]
Resolution: If [get_<value>] was used to populate the object, check to make sure this command returns at least one valid object.
WARNING: [Vivado 12-584] No ports matched 'A[1]'. [C:/Users/Jianning/Desktop/EE2026/Week 4/lab_2/lab_2.srcs/constrs_1/new/my_basys3_constraints.xdc:14]
CRITICAL WARNING: [Common 17-55] 'set_property' expects at least one object. [C:/Users/Jianning/Desktop/EE2026/Week 4/lab_2/lab_2.srcs/constrs_1/new/my_basys3_constraints.xdc:14]
Resolution: If [get_<value>] was used to populate the object, check to make sure this command returns at least one valid object.
WARNING: [Vivado 12-584] No ports matched 'A[1]'. [C:/Users/Jianning/Desktop/EE2026/Week 4/lab_2/lab_2.srcs/constrs_1/new/my_basys3_constraints.xdc:15]
CRITICAL WARNING: [Common 17-55] 'set_property' expects at least one object. [C:/Users/Jianning/Desktop/EE2026/Week 4/lab_2/lab_2.srcs/constrs_1/new/my_basys3_constraints.xdc:15]
Resolution: If [get_<value>] was used to populate the object, check to make sure this command returns at least one valid object.
WARNING: [Vivado 12-584] No ports matched 'A[2]'. [C:/Users/Jianning/Desktop/EE2026/Week 4/lab_2/lab_2.srcs/constrs_1/new/my_basys3_constraints.xdc:16]
CRITICAL WARNING: [Common 17-55] 'set_property' expects at least one object. [C:/Users/Jianning/Desktop/EE2026/Week 4/lab_2/lab_2.srcs/constrs_1/new/my_basys3_constraints.xdc:16]
Resolution: If [get_<value>] was used to populate the object, check to make sure this command returns at least one valid object.
WARNING: [Vivado 12-584] No ports matched 'A[2]'. [C:/Users/Jianning/Desktop/EE2026/Week 4/lab_2/lab_2.srcs/constrs_1/new/my_basys3_constraints.xdc:17]
CRITICAL WARNING: [Common 17-55] 'set_property' expects at least one object. [C:/Users/Jianning/Desktop/EE2026/Week 4/lab_2/lab_2.srcs/constrs_1/new/my_basys3_constraints.xdc:17]
Resolution: If [get_<value>] was used to populate the object, check to make sure this command returns at least one valid object.
WARNING: [Vivado 12-584] No ports matched 'A[3]'. [C:/Users/Jianning/Desktop/EE2026/Week 4/lab_2/lab_2.srcs/constrs_1/new/my_basys3_constraints.xdc:18]
CRITICAL WARNING: [Common 17-55] 'set_property' expects at least one object. [C:/Users/Jianning/Desktop/EE2026/Week 4/lab_2/lab_2.srcs/constrs_1/new/my_basys3_constraints.xdc:18]
Resolution: If [get_<value>] was used to populate the object, check to make sure this command returns at least one valid object.
WARNING: [Vivado 12-584] No ports matched 'A[3]'. [C:/Users/Jianning/Desktop/EE2026/Week 4/lab_2/lab_2.srcs/constrs_1/new/my_basys3_constraints.xdc:19]
CRITICAL WARNING: [Common 17-55] 'set_property' expects at least one object. [C:/Users/Jianning/Desktop/EE2026/Week 4/lab_2/lab_2.srcs/constrs_1/new/my_basys3_constraints.xdc:19]
Resolution: If [get_<value>] was used to populate the object, check to make sure this command returns at least one valid object.
WARNING: [Vivado 12-584] No ports matched 'B[0]'. [C:/Users/Jianning/Desktop/EE2026/Week 4/lab_2/lab_2.srcs/constrs_1/new/my_basys3_constraints.xdc:20]
CRITICAL WARNING: [Common 17-55] 'set_property' expects at least one object. [C:/Users/Jianning/Desktop/EE2026/Week 4/lab_2/lab_2.srcs/constrs_1/new/my_basys3_constraints.xdc:20]
Resolution: If [get_<value>] was used to populate the object, check to make sure this command returns at least one valid object.
WARNING: [Vivado 12-584] No ports matched 'B[0]'. [C:/Users/Jianning/Desktop/EE2026/Week 4/lab_2/lab_2.srcs/constrs_1/new/my_basys3_constraints.xdc:21]
CRITICAL WARNING: [Common 17-55] 'set_property' expects at least one object. [C:/Users/Jianning/Desktop/EE2026/Week 4/lab_2/lab_2.srcs/constrs_1/new/my_basys3_constraints.xdc:21]
Resolution: If [get_<value>] was used to populate the object, check to make sure this command returns at least one valid object.
WARNING: [Vivado 12-584] No ports matched 'B[1]'. [C:/Users/Jianning/Desktop/EE2026/Week 4/lab_2/lab_2.srcs/constrs_1/new/my_basys3_constraints.xdc:22]
CRITICAL WARNING: [Common 17-55] 'set_property' expects at least one object. [C:/Users/Jianning/Desktop/EE2026/Week 4/lab_2/lab_2.srcs/constrs_1/new/my_basys3_constraints.xdc:22]
Resolution: If [get_<value>] was used to populate the object, check to make sure this command returns at least one valid object.
WARNING: [Vivado 12-584] No ports matched 'B[1]'. [C:/Users/Jianning/Desktop/EE2026/Week 4/lab_2/lab_2.srcs/constrs_1/new/my_basys3_constraints.xdc:23]
CRITICAL WARNING: [Common 17-55] 'set_property' expects at least one object. [C:/Users/Jianning/Desktop/EE2026/Week 4/lab_2/lab_2.srcs/constrs_1/new/my_basys3_constraints.xdc:23]
Resolution: If [get_<value>] was used to populate the object, check to make sure this command returns at least one valid object.
WARNING: [Vivado 12-584] No ports matched 'B[2]'. [C:/Users/Jianning/Desktop/EE2026/Week 4/lab_2/lab_2.srcs/constrs_1/new/my_basys3_constraints.xdc:24]
CRITICAL WARNING: [Common 17-55] 'set_property' expects at least one object. [C:/Users/Jianning/Desktop/EE2026/Week 4/lab_2/lab_2.srcs/constrs_1/new/my_basys3_constraints.xdc:24]
Resolution: If [get_<value>] was used to populate the object, check to make sure this command returns at least one valid object.
WARNING: [Vivado 12-584] No ports matched 'B[2]'. [C:/Users/Jianning/Desktop/EE2026/Week 4/lab_2/lab_2.srcs/constrs_1/new/my_basys3_constraints.xdc:25]
CRITICAL WARNING: [Common 17-55] 'set_property' expects at least one object. [C:/Users/Jianning/Desktop/EE2026/Week 4/lab_2/lab_2.srcs/constrs_1/new/my_basys3_constraints.xdc:25]
Resolution: If [get_<value>] was used to populate the object, check to make sure this command returns at least one valid object.
WARNING: [Vivado 12-584] No ports matched 'B[3]'. [C:/Users/Jianning/Desktop/EE2026/Week 4/lab_2/lab_2.srcs/constrs_1/new/my_basys3_constraints.xdc:26]
CRITICAL WARNING: [Common 17-55] 'set_property' expects at least one object. [C:/Users/Jianning/Desktop/EE2026/Week 4/lab_2/lab_2.srcs/constrs_1/new/my_basys3_constraints.xdc:26]
Resolution: If [get_<value>] was used to populate the object, check to make sure this command returns at least one valid object.
WARNING: [Vivado 12-584] No ports matched 'B[3]'. [C:/Users/Jianning/Desktop/EE2026/Week 4/lab_2/lab_2.srcs/constrs_1/new/my_basys3_constraints.xdc:27]
CRITICAL WARNING: [Common 17-55] 'set_property' expects at least one object. [C:/Users/Jianning/Desktop/EE2026/Week 4/lab_2/lab_2.srcs/constrs_1/new/my_basys3_constraints.xdc:27]
Resolution: If [get_<value>] was used to populate the object, check to make sure this command returns at least one valid object.
WARNING: [Vivado 12-584] No ports matched 'C0'. [C:/Users/Jianning/Desktop/EE2026/Week 4/lab_2/lab_2.srcs/constrs_1/new/my_basys3_constraints.xdc:28]
CRITICAL WARNING: [Common 17-55] 'set_property' expects at least one object. [C:/Users/Jianning/Desktop/EE2026/Week 4/lab_2/lab_2.srcs/constrs_1/new/my_basys3_constraints.xdc:28]
Resolution: If [get_<value>] was used to populate the object, check to make sure this command returns at least one valid object.
WARNING: [Vivado 12-584] No ports matched 'C0'. [C:/Users/Jianning/Desktop/EE2026/Week 4/lab_2/lab_2.srcs/constrs_1/new/my_basys3_constraints.xdc:29]
CRITICAL WARNING: [Common 17-55] 'set_property' expects at least one object. [C:/Users/Jianning/Desktop/EE2026/Week 4/lab_2/lab_2.srcs/constrs_1/new/my_basys3_constraints.xdc:29]
Resolution: If [get_<value>] was used to populate the object, check to make sure this command returns at least one valid object.
WARNING: [Vivado 12-584] No ports matched 'S[0]'. [C:/Users/Jianning/Desktop/EE2026/Week 4/lab_2/lab_2.srcs/constrs_1/new/my_basys3_constraints.xdc:47]
CRITICAL WARNING: [Common 17-55] 'set_property' expects at least one object. [C:/Users/Jianning/Desktop/EE2026/Week 4/lab_2/lab_2.srcs/constrs_1/new/my_basys3_constraints.xdc:47]
Resolution: If [get_<value>] was used to populate the object, check to make sure this command returns at least one valid object.
WARNING: [Vivado 12-584] No ports matched 'S[0]'. [C:/Users/Jianning/Desktop/EE2026/Week 4/lab_2/lab_2.srcs/constrs_1/new/my_basys3_constraints.xdc:48]
CRITICAL WARNING: [Common 17-55] 'set_property' expects at least one object. [C:/Users/Jianning/Desktop/EE2026/Week 4/lab_2/lab_2.srcs/constrs_1/new/my_basys3_constraints.xdc:48]
Resolution: If [get_<value>] was used to populate the object, check to make sure this command returns at least one valid object.
WARNING: [Vivado 12-584] No ports matched 'S[1]'. [C:/Users/Jianning/Desktop/EE2026/Week 4/lab_2/lab_2.srcs/constrs_1/new/my_basys3_constraints.xdc:49]
CRITICAL WARNING: [Common 17-55] 'set_property' expects at least one object. [C:/Users/Jianning/Desktop/EE2026/Week 4/lab_2/lab_2.srcs/constrs_1/new/my_basys3_constraints.xdc:49]
Resolution: If [get_<value>] was used to populate the object, check to make sure this command returns at least one valid object.
WARNING: [Vivado 12-584] No ports matched 'S[1]'. [C:/Users/Jianning/Desktop/EE2026/Week 4/lab_2/lab_2.srcs/constrs_1/new/my_basys3_constraints.xdc:50]
CRITICAL WARNING: [Common 17-55] 'set_property' expects at least one object. [C:/Users/Jianning/Desktop/EE2026/Week 4/lab_2/lab_2.srcs/constrs_1/new/my_basys3_constraints.xdc:50]
Resolution: If [get_<value>] was used to populate the object, check to make sure this command returns at least one valid object.
WARNING: [Vivado 12-584] No ports matched 'S[2]'. [C:/Users/Jianning/Desktop/EE2026/Week 4/lab_2/lab_2.srcs/constrs_1/new/my_basys3_constraints.xdc:51]
CRITICAL WARNING: [Common 17-55] 'set_property' expects at least one object. [C:/Users/Jianning/Desktop/EE2026/Week 4/lab_2/lab_2.srcs/constrs_1/new/my_basys3_constraints.xdc:51]
Resolution: If [get_<value>] was used to populate the object, check to make sure this command returns at least one valid object.
WARNING: [Vivado 12-584] No ports matched 'S[2]'. [C:/Users/Jianning/Desktop/EE2026/Week 4/lab_2/lab_2.srcs/constrs_1/new/my_basys3_constraints.xdc:52]
CRITICAL WARNING: [Common 17-55] 'set_property' expects at least one object. [C:/Users/Jianning/Desktop/EE2026/Week 4/lab_2/lab_2.srcs/constrs_1/new/my_basys3_constraints.xdc:52]
Resolution: If [get_<value>] was used to populate the object, check to make sure this command returns at least one valid object.
WARNING: [Vivado 12-584] No ports matched 'S[3]'. [C:/Users/Jianning/Desktop/EE2026/Week 4/lab_2/lab_2.srcs/constrs_1/new/my_basys3_constraints.xdc:53]
CRITICAL WARNING: [Common 17-55] 'set_property' expects at least one object. [C:/Users/Jianning/Desktop/EE2026/Week 4/lab_2/lab_2.srcs/constrs_1/new/my_basys3_constraints.xdc:53]
Resolution: If [get_<value>] was used to populate the object, check to make sure this command returns at least one valid object.
WARNING: [Vivado 12-584] No ports matched 'S[3]'. [C:/Users/Jianning/Desktop/EE2026/Week 4/lab_2/lab_2.srcs/constrs_1/new/my_basys3_constraints.xdc:54]
CRITICAL WARNING: [Common 17-55] 'set_property' expects at least one object. [C:/Users/Jianning/Desktop/EE2026/Week 4/lab_2/lab_2.srcs/constrs_1/new/my_basys3_constraints.xdc:54]
Resolution: If [get_<value>] was used to populate the object, check to make sure this command returns at least one valid object.
WARNING: [Vivado 12-584] No ports matched 'C4'. [C:/Users/Jianning/Desktop/EE2026/Week 4/lab_2/lab_2.srcs/constrs_1/new/my_basys3_constraints.xdc:55]
CRITICAL WARNING: [Common 17-55] 'set_property' expects at least one object. [C:/Users/Jianning/Desktop/EE2026/Week 4/lab_2/lab_2.srcs/constrs_1/new/my_basys3_constraints.xdc:55]
Resolution: If [get_<value>] was used to populate the object, check to make sure this command returns at least one valid object.
WARNING: [Vivado 12-584] No ports matched 'C4'. [C:/Users/Jianning/Desktop/EE2026/Week 4/lab_2/lab_2.srcs/constrs_1/new/my_basys3_constraints.xdc:56]
CRITICAL WARNING: [Common 17-55] 'set_property' expects at least one object. [C:/Users/Jianning/Desktop/EE2026/Week 4/lab_2/lab_2.srcs/constrs_1/new/my_basys3_constraints.xdc:56]
Resolution: If [get_<value>] was used to populate the object, check to make sure this command returns at least one valid object.
Finished Parsing XDC File [C:/Users/Jianning/Desktop/EE2026/Week 4/lab_2/lab_2.srcs/constrs_1/new/my_basys3_constraints.xdc]
Completed Processing XDC Constraints

INFO: [Opt 31-138] Pushed 0 inverter(s) to 0 load pin(s).
refresh_design: Time (s): cpu = 00:00:12 ; elapsed = 00:00:07 . Memory (MB): peak = 2197.762 ; gain = 15.492
reset_run synth_1
WARNING: [Vivado 12-1017] Problems encountered:
1. Failed to delete one or more files in run directory C:/Users/Jianning/Desktop/EE2026/Week 4/lab_2/lab_2.runs/synth_1

launch_runs synth_1 -jobs 6
[Mon Feb  1 14:51:11 2021] Launched synth_1...
Run output will be captured here: C:/Users/Jianning/Desktop/EE2026/Week 4/lab_2/lab_2.runs/synth_1/runme.log
close_design
open_run synth_1 -name synth_1
Design is defaulting to impl run constrset: constrs_1
Design is defaulting to synth run part: xc7a35tcpg236-1
INFO: [Netlist 29-17] Analyzing 3 Unisim elements for replacement
INFO: [Netlist 29-28] Unisim Transformation completed in 0 CPU seconds
INFO: [Project 1-479] Netlist was created with Vivado 2018.2
INFO: [Project 1-570] Preparing netlist for logic optimization
Parsing XDC File [C:/Users/Jianning/Desktop/EE2026/Week 4/lab_2/lab_2.srcs/constrs_1/new/my_basys3_constraints.xdc]
WARNING: [Vivado 12-584] No ports matched 'A[0]'. [C:/Users/Jianning/Desktop/EE2026/Week 4/lab_2/lab_2.srcs/constrs_1/new/my_basys3_constraints.xdc:12]
CRITICAL WARNING: [Common 17-55] 'set_property' expects at least one object. [C:/Users/Jianning/Desktop/EE2026/Week 4/lab_2/lab_2.srcs/constrs_1/new/my_basys3_constraints.xdc:12]
Resolution: If [get_<value>] was used to populate the object, check to make sure this command returns at least one valid object.
WARNING: [Vivado 12-584] No ports matched 'A[0]'. [C:/Users/Jianning/Desktop/EE2026/Week 4/lab_2/lab_2.srcs/constrs_1/new/my_basys3_constraints.xdc:13]
CRITICAL WARNING: [Common 17-55] 'set_property' expects at least one object. [C:/Users/Jianning/Desktop/EE2026/Week 4/lab_2/lab_2.srcs/constrs_1/new/my_basys3_constraints.xdc:13]
Resolution: If [get_<value>] was used to populate the object, check to make sure this command returns at least one valid object.
WARNING: [Vivado 12-584] No ports matched 'A[1]'. [C:/Users/Jianning/Desktop/EE2026/Week 4/lab_2/lab_2.srcs/constrs_1/new/my_basys3_constraints.xdc:14]
CRITICAL WARNING: [Common 17-55] 'set_property' expects at least one object. [C:/Users/Jianning/Desktop/EE2026/Week 4/lab_2/lab_2.srcs/constrs_1/new/my_basys3_constraints.xdc:14]
Resolution: If [get_<value>] was used to populate the object, check to make sure this command returns at least one valid object.
WARNING: [Vivado 12-584] No ports matched 'A[1]'. [C:/Users/Jianning/Desktop/EE2026/Week 4/lab_2/lab_2.srcs/constrs_1/new/my_basys3_constraints.xdc:15]
CRITICAL WARNING: [Common 17-55] 'set_property' expects at least one object. [C:/Users/Jianning/Desktop/EE2026/Week 4/lab_2/lab_2.srcs/constrs_1/new/my_basys3_constraints.xdc:15]
Resolution: If [get_<value>] was used to populate the object, check to make sure this command returns at least one valid object.
WARNING: [Vivado 12-584] No ports matched 'A[2]'. [C:/Users/Jianning/Desktop/EE2026/Week 4/lab_2/lab_2.srcs/constrs_1/new/my_basys3_constraints.xdc:16]
CRITICAL WARNING: [Common 17-55] 'set_property' expects at least one object. [C:/Users/Jianning/Desktop/EE2026/Week 4/lab_2/lab_2.srcs/constrs_1/new/my_basys3_constraints.xdc:16]
Resolution: If [get_<value>] was used to populate the object, check to make sure this command returns at least one valid object.
WARNING: [Vivado 12-584] No ports matched 'A[2]'. [C:/Users/Jianning/Desktop/EE2026/Week 4/lab_2/lab_2.srcs/constrs_1/new/my_basys3_constraints.xdc:17]
CRITICAL WARNING: [Common 17-55] 'set_property' expects at least one object. [C:/Users/Jianning/Desktop/EE2026/Week 4/lab_2/lab_2.srcs/constrs_1/new/my_basys3_constraints.xdc:17]
Resolution: If [get_<value>] was used to populate the object, check to make sure this command returns at least one valid object.
WARNING: [Vivado 12-584] No ports matched 'A[3]'. [C:/Users/Jianning/Desktop/EE2026/Week 4/lab_2/lab_2.srcs/constrs_1/new/my_basys3_constraints.xdc:18]
CRITICAL WARNING: [Common 17-55] 'set_property' expects at least one object. [C:/Users/Jianning/Desktop/EE2026/Week 4/lab_2/lab_2.srcs/constrs_1/new/my_basys3_constraints.xdc:18]
Resolution: If [get_<value>] was used to populate the object, check to make sure this command returns at least one valid object.
WARNING: [Vivado 12-584] No ports matched 'A[3]'. [C:/Users/Jianning/Desktop/EE2026/Week 4/lab_2/lab_2.srcs/constrs_1/new/my_basys3_constraints.xdc:19]
CRITICAL WARNING: [Common 17-55] 'set_property' expects at least one object. [C:/Users/Jianning/Desktop/EE2026/Week 4/lab_2/lab_2.srcs/constrs_1/new/my_basys3_constraints.xdc:19]
Resolution: If [get_<value>] was used to populate the object, check to make sure this command returns at least one valid object.
WARNING: [Vivado 12-584] No ports matched 'B[0]'. [C:/Users/Jianning/Desktop/EE2026/Week 4/lab_2/lab_2.srcs/constrs_1/new/my_basys3_constraints.xdc:20]
CRITICAL WARNING: [Common 17-55] 'set_property' expects at least one object. [C:/Users/Jianning/Desktop/EE2026/Week 4/lab_2/lab_2.srcs/constrs_1/new/my_basys3_constraints.xdc:20]
Resolution: If [get_<value>] was used to populate the object, check to make sure this command returns at least one valid object.
WARNING: [Vivado 12-584] No ports matched 'B[0]'. [C:/Users/Jianning/Desktop/EE2026/Week 4/lab_2/lab_2.srcs/constrs_1/new/my_basys3_constraints.xdc:21]
CRITICAL WARNING: [Common 17-55] 'set_property' expects at least one object. [C:/Users/Jianning/Desktop/EE2026/Week 4/lab_2/lab_2.srcs/constrs_1/new/my_basys3_constraints.xdc:21]
Resolution: If [get_<value>] was used to populate the object, check to make sure this command returns at least one valid object.
WARNING: [Vivado 12-584] No ports matched 'B[1]'. [C:/Users/Jianning/Desktop/EE2026/Week 4/lab_2/lab_2.srcs/constrs_1/new/my_basys3_constraints.xdc:22]
CRITICAL WARNING: [Common 17-55] 'set_property' expects at least one object. [C:/Users/Jianning/Desktop/EE2026/Week 4/lab_2/lab_2.srcs/constrs_1/new/my_basys3_constraints.xdc:22]
Resolution: If [get_<value>] was used to populate the object, check to make sure this command returns at least one valid object.
WARNING: [Vivado 12-584] No ports matched 'B[1]'. [C:/Users/Jianning/Desktop/EE2026/Week 4/lab_2/lab_2.srcs/constrs_1/new/my_basys3_constraints.xdc:23]
CRITICAL WARNING: [Common 17-55] 'set_property' expects at least one object. [C:/Users/Jianning/Desktop/EE2026/Week 4/lab_2/lab_2.srcs/constrs_1/new/my_basys3_constraints.xdc:23]
Resolution: If [get_<value>] was used to populate the object, check to make sure this command returns at least one valid object.
WARNING: [Vivado 12-584] No ports matched 'B[2]'. [C:/Users/Jianning/Desktop/EE2026/Week 4/lab_2/lab_2.srcs/constrs_1/new/my_basys3_constraints.xdc:24]
CRITICAL WARNING: [Common 17-55] 'set_property' expects at least one object. [C:/Users/Jianning/Desktop/EE2026/Week 4/lab_2/lab_2.srcs/constrs_1/new/my_basys3_constraints.xdc:24]
Resolution: If [get_<value>] was used to populate the object, check to make sure this command returns at least one valid object.
WARNING: [Vivado 12-584] No ports matched 'B[2]'. [C:/Users/Jianning/Desktop/EE2026/Week 4/lab_2/lab_2.srcs/constrs_1/new/my_basys3_constraints.xdc:25]
CRITICAL WARNING: [Common 17-55] 'set_property' expects at least one object. [C:/Users/Jianning/Desktop/EE2026/Week 4/lab_2/lab_2.srcs/constrs_1/new/my_basys3_constraints.xdc:25]
Resolution: If [get_<value>] was used to populate the object, check to make sure this command returns at least one valid object.
WARNING: [Vivado 12-584] No ports matched 'B[3]'. [C:/Users/Jianning/Desktop/EE2026/Week 4/lab_2/lab_2.srcs/constrs_1/new/my_basys3_constraints.xdc:26]
CRITICAL WARNING: [Common 17-55] 'set_property' expects at least one object. [C:/Users/Jianning/Desktop/EE2026/Week 4/lab_2/lab_2.srcs/constrs_1/new/my_basys3_constraints.xdc:26]
Resolution: If [get_<value>] was used to populate the object, check to make sure this command returns at least one valid object.
WARNING: [Vivado 12-584] No ports matched 'B[3]'. [C:/Users/Jianning/Desktop/EE2026/Week 4/lab_2/lab_2.srcs/constrs_1/new/my_basys3_constraints.xdc:27]
CRITICAL WARNING: [Common 17-55] 'set_property' expects at least one object. [C:/Users/Jianning/Desktop/EE2026/Week 4/lab_2/lab_2.srcs/constrs_1/new/my_basys3_constraints.xdc:27]
Resolution: If [get_<value>] was used to populate the object, check to make sure this command returns at least one valid object.
WARNING: [Vivado 12-584] No ports matched 'C0'. [C:/Users/Jianning/Desktop/EE2026/Week 4/lab_2/lab_2.srcs/constrs_1/new/my_basys3_constraints.xdc:28]
CRITICAL WARNING: [Common 17-55] 'set_property' expects at least one object. [C:/Users/Jianning/Desktop/EE2026/Week 4/lab_2/lab_2.srcs/constrs_1/new/my_basys3_constraints.xdc:28]
Resolution: If [get_<value>] was used to populate the object, check to make sure this command returns at least one valid object.
WARNING: [Vivado 12-584] No ports matched 'C0'. [C:/Users/Jianning/Desktop/EE2026/Week 4/lab_2/lab_2.srcs/constrs_1/new/my_basys3_constraints.xdc:29]
CRITICAL WARNING: [Common 17-55] 'set_property' expects at least one object. [C:/Users/Jianning/Desktop/EE2026/Week 4/lab_2/lab_2.srcs/constrs_1/new/my_basys3_constraints.xdc:29]
Resolution: If [get_<value>] was used to populate the object, check to make sure this command returns at least one valid object.
WARNING: [Vivado 12-584] No ports matched 'S[0]'. [C:/Users/Jianning/Desktop/EE2026/Week 4/lab_2/lab_2.srcs/constrs_1/new/my_basys3_constraints.xdc:47]
CRITICAL WARNING: [Common 17-55] 'set_property' expects at least one object. [C:/Users/Jianning/Desktop/EE2026/Week 4/lab_2/lab_2.srcs/constrs_1/new/my_basys3_constraints.xdc:47]
Resolution: If [get_<value>] was used to populate the object, check to make sure this command returns at least one valid object.
WARNING: [Vivado 12-584] No ports matched 'S[0]'. [C:/Users/Jianning/Desktop/EE2026/Week 4/lab_2/lab_2.srcs/constrs_1/new/my_basys3_constraints.xdc:48]
CRITICAL WARNING: [Common 17-55] 'set_property' expects at least one object. [C:/Users/Jianning/Desktop/EE2026/Week 4/lab_2/lab_2.srcs/constrs_1/new/my_basys3_constraints.xdc:48]
Resolution: If [get_<value>] was used to populate the object, check to make sure this command returns at least one valid object.
WARNING: [Vivado 12-584] No ports matched 'S[1]'. [C:/Users/Jianning/Desktop/EE2026/Week 4/lab_2/lab_2.srcs/constrs_1/new/my_basys3_constraints.xdc:49]
CRITICAL WARNING: [Common 17-55] 'set_property' expects at least one object. [C:/Users/Jianning/Desktop/EE2026/Week 4/lab_2/lab_2.srcs/constrs_1/new/my_basys3_constraints.xdc:49]
Resolution: If [get_<value>] was used to populate the object, check to make sure this command returns at least one valid object.
WARNING: [Vivado 12-584] No ports matched 'S[1]'. [C:/Users/Jianning/Desktop/EE2026/Week 4/lab_2/lab_2.srcs/constrs_1/new/my_basys3_constraints.xdc:50]
CRITICAL WARNING: [Common 17-55] 'set_property' expects at least one object. [C:/Users/Jianning/Desktop/EE2026/Week 4/lab_2/lab_2.srcs/constrs_1/new/my_basys3_constraints.xdc:50]
Resolution: If [get_<value>] was used to populate the object, check to make sure this command returns at least one valid object.
WARNING: [Vivado 12-584] No ports matched 'S[2]'. [C:/Users/Jianning/Desktop/EE2026/Week 4/lab_2/lab_2.srcs/constrs_1/new/my_basys3_constraints.xdc:51]
CRITICAL WARNING: [Common 17-55] 'set_property' expects at least one object. [C:/Users/Jianning/Desktop/EE2026/Week 4/lab_2/lab_2.srcs/constrs_1/new/my_basys3_constraints.xdc:51]
Resolution: If [get_<value>] was used to populate the object, check to make sure this command returns at least one valid object.
WARNING: [Vivado 12-584] No ports matched 'S[2]'. [C:/Users/Jianning/Desktop/EE2026/Week 4/lab_2/lab_2.srcs/constrs_1/new/my_basys3_constraints.xdc:52]
CRITICAL WARNING: [Common 17-55] 'set_property' expects at least one object. [C:/Users/Jianning/Desktop/EE2026/Week 4/lab_2/lab_2.srcs/constrs_1/new/my_basys3_constraints.xdc:52]
Resolution: If [get_<value>] was used to populate the object, check to make sure this command returns at least one valid object.
WARNING: [Vivado 12-584] No ports matched 'S[3]'. [C:/Users/Jianning/Desktop/EE2026/Week 4/lab_2/lab_2.srcs/constrs_1/new/my_basys3_constraints.xdc:53]
CRITICAL WARNING: [Common 17-55] 'set_property' expects at least one object. [C:/Users/Jianning/Desktop/EE2026/Week 4/lab_2/lab_2.srcs/constrs_1/new/my_basys3_constraints.xdc:53]
Resolution: If [get_<value>] was used to populate the object, check to make sure this command returns at least one valid object.
WARNING: [Vivado 12-584] No ports matched 'S[3]'. [C:/Users/Jianning/Desktop/EE2026/Week 4/lab_2/lab_2.srcs/constrs_1/new/my_basys3_constraints.xdc:54]
CRITICAL WARNING: [Common 17-55] 'set_property' expects at least one object. [C:/Users/Jianning/Desktop/EE2026/Week 4/lab_2/lab_2.srcs/constrs_1/new/my_basys3_constraints.xdc:54]
Resolution: If [get_<value>] was used to populate the object, check to make sure this command returns at least one valid object.
WARNING: [Vivado 12-584] No ports matched 'C4'. [C:/Users/Jianning/Desktop/EE2026/Week 4/lab_2/lab_2.srcs/constrs_1/new/my_basys3_constraints.xdc:55]
CRITICAL WARNING: [Common 17-55] 'set_property' expects at least one object. [C:/Users/Jianning/Desktop/EE2026/Week 4/lab_2/lab_2.srcs/constrs_1/new/my_basys3_constraints.xdc:55]
Resolution: If [get_<value>] was used to populate the object, check to make sure this command returns at least one valid object.
WARNING: [Vivado 12-584] No ports matched 'C4'. [C:/Users/Jianning/Desktop/EE2026/Week 4/lab_2/lab_2.srcs/constrs_1/new/my_basys3_constraints.xdc:56]
CRITICAL WARNING: [Common 17-55] 'set_property' expects at least one object. [C:/Users/Jianning/Desktop/EE2026/Week 4/lab_2/lab_2.srcs/constrs_1/new/my_basys3_constraints.xdc:56]
Resolution: If [get_<value>] was used to populate the object, check to make sure this command returns at least one valid object.
Finished Parsing XDC File [C:/Users/Jianning/Desktop/EE2026/Week 4/lab_2/lab_2.srcs/constrs_1/new/my_basys3_constraints.xdc]
INFO: [Opt 31-138] Pushed 0 inverter(s) to 0 load pin(s).
INFO: [Project 1-111] Unisim Transformation Summary:
No Unisim elements were transformed.

close_sim
INFO: [Simtcl 6-16] Simulation closed
launch_simulation
INFO: [Vivado 12-5682] Launching behavioral simulation in 'C:/Users/Jianning/Desktop/EE2026/Week 4/lab_2/lab_2.sim/sim_1/behav/xsim'
INFO: [SIM-utils-51] Simulation object is 'sim_1'
INFO: [SIM-utils-54] Inspecting design source files for 'test_four_bit_adder' in fileset 'sim_1'...
INFO: [USF-XSim-97] Finding global include files...
INFO: [USF-XSim-98] Fetching design files from 'sim_1'...
INFO: [USF-XSim-2] XSim::Compile design
INFO: [USF-XSim-61] Executing 'COMPILE and ANALYZE' step in 'C:/Users/Jianning/Desktop/EE2026/Week 4/lab_2/lab_2.sim/sim_1/behav/xsim'
"xvlog --incr --relax -prj test_four_bit_adder_vlog.prj"
INFO: [USF-XSim-69] 'compile' step finished in '2' seconds
INFO: [USF-XSim-3] XSim::Elaborate design
INFO: [USF-XSim-61] Executing 'ELABORATE' step in 'C:/Users/Jianning/Desktop/EE2026/Week 4/lab_2/lab_2.sim/sim_1/behav/xsim'
Vivado Simulator 2018.2
Copyright 1986-1999, 2001-2018 Xilinx, Inc. All Rights Reserved.
Running: C:/Xilinx/Vivado/2018.2/bin/unwrapped/win64.o/xelab.exe -wto 2dfd8c60a4b44980a26dc2a308ee4c5f --incr --debug typical --relax --mt 2 -L xil_defaultlib -L unisims_ver -L unimacro_ver -L secureip --snapshot test_four_bit_adder_behav xil_defaultlib.test_four_bit_adder xil_defaultlib.glbl -log elaborate.log 
Using 2 slave threads.
Starting static elaboration
Completed static elaboration
INFO: [XSIM 43-4323] No Change in HDL. Linking previously generated obj files to create kernel
INFO: [USF-XSim-69] 'elaborate' step finished in '1' seconds
INFO: [USF-XSim-4] XSim::Simulate design
INFO: [USF-XSim-61] Executing 'SIMULATE' step in 'C:/Users/Jianning/Desktop/EE2026/Week 4/lab_2/lab_2.sim/sim_1/behav/xsim'
INFO: [USF-XSim-98] *** Running xsim
   with args "test_four_bit_adder_behav -key {Behavioral:sim_1:Functional:test_four_bit_adder} -tclbatch {test_four_bit_adder.tcl} -log {simulate.log}"
INFO: [USF-XSim-8] Loading simulator feature
Vivado Simulator 2018.2
Time resolution is 1 ps
source test_four_bit_adder.tcl
# set curr_wave [current_wave_config]
# if { [string length $curr_wave] == 0 } {
#   if { [llength [get_objects]] > 0} {
#     add_wave /
#     set_property needs_save false [current_wave_config]
#   } else {
#      send_msg_id Add_Wave-1 WARNING "No top level signals found. Simulator will start without a wave window. If you want to open a wave window go to 'File->New Waveform Configuration' or type 'create_wave_config' in the TCL console."
#   }
# }
# run 1000ns
INFO: [USF-XSim-96] XSim completed. Design snapshot 'test_four_bit_adder_behav' loaded.
INFO: [USF-XSim-97] XSim simulation ran for 1000ns
launch_simulation: Time (s): cpu = 00:00:04 ; elapsed = 00:00:05 . Memory (MB): peak = 2608.168 ; gain = 0.000
INFO: [Labtoolstcl 44-466] Opening hw_target localhost:3121/xilinx_tcf/Digilent/210183713918A
INFO: [Labtools 27-1434] Device xc7a35t (JTAG device index = 0) is programmed with a design that has no supported debug core(s) in it.
WARNING: [Labtools 27-3361] The debug hub core was not detected.
Resolution: 
1. Make sure the clock connected to the debug hub (dbg_hub) core is a free running clock and is active.
2. Make sure the BSCAN_SWITCH_USER_MASK device property in Vivado Hardware Manager reflects the user scan chain setting in the design and refresh the device.  To determine the user scan chain setting in the design, open the implemented design and use 'get_property C_USER_SCAN_CHAIN [get_debug_cores dbg_hub]'.
For more details on setting the scan chain property, consult the Vivado Debug and Programming User Guide (UG908).
WARNING: [Labtoolstcl 44-129] No matching hw_ila_data was found.
ERROR: [Labtoolstcl 44-513] HW Target shutdown. Closing target: localhost:3121/xilinx_tcf/Digilent/210183713918A
INFO: [Labtoolstcl 44-466] Opening hw_target localhost:3121/xilinx_tcf/Digilent/210183713918A
INFO: [Labtools 27-1434] Device xc7a35t (JTAG device index = 0) is programmed with a design that has no supported debug core(s) in it.
WARNING: [Labtools 27-3361] The debug hub core was not detected.
Resolution: 
1. Make sure the clock connected to the debug hub (dbg_hub) core is a free running clock and is active.
2. Make sure the BSCAN_SWITCH_USER_MASK device property in Vivado Hardware Manager reflects the user scan chain setting in the design and refresh the device.  To determine the user scan chain setting in the design, open the implemented design and use 'get_property C_USER_SCAN_CHAIN [get_debug_cores dbg_hub]'.
For more details on setting the scan chain property, consult the Vivado Debug and Programming User Guide (UG908).
WARNING: [Labtoolstcl 44-129] No matching hw_ila_data was found.
ERROR: [Labtoolstcl 44-513] HW Target shutdown. Closing target: localhost:3121/xilinx_tcf/Digilent/210183713918A
INFO: [Labtoolstcl 44-466] Opening hw_target localhost:3121/xilinx_tcf/Digilent/210183713918A
INFO: [Labtools 27-1434] Device xc7a35t (JTAG device index = 0) is programmed with a design that has no supported debug core(s) in it.
WARNING: [Labtools 27-3361] The debug hub core was not detected.
Resolution: 
1. Make sure the clock connected to the debug hub (dbg_hub) core is a free running clock and is active.
2. Make sure the BSCAN_SWITCH_USER_MASK device property in Vivado Hardware Manager reflects the user scan chain setting in the design and refresh the device.  To determine the user scan chain setting in the design, open the implemented design and use 'get_property C_USER_SCAN_CHAIN [get_debug_cores dbg_hub]'.
For more details on setting the scan chain property, consult the Vivado Debug and Programming User Guide (UG908).
WARNING: [Labtoolstcl 44-129] No matching hw_ila_data was found.
ERROR: [Labtoolstcl 44-513] HW Target shutdown. Closing target: localhost:3121/xilinx_tcf/Digilent/210183713918A
close_sim
INFO: [Simtcl 6-16] Simulation closed
exit
INFO: [Common 17-206] Exiting Vivado at Mon Feb  1 23:48:26 2021...
