#
# A fatal error has been detected by the Java Runtime Environment:
#
#  EXCEPTION_ACCESS_VIOLATION (0xc0000005) at pc=0x00007ffe53b08010, pid=60556, tid=0x000000000000dff0
#
# JRE version: Java(TM) SE Runtime Environment (8.0_112-b15) (build 1.8.0_112-b15)
# Java VM: Java HotSpot(TM) 64-Bit Server VM (25.112-b15 mixed mode windows-amd64 compressed oops)
# Problematic frame:
# C  [librdi_runsbase.dll+0x18010]
#
# Failed to write core dump. Minidumps are not enabled by default on client versions of Windows
#
# If you would like to submit a bug report, please visit:
#   http://bugreport.java.com/bugreport/crash.jsp
# The crash happened outside the Java Virtual Machine in native code.
# See problematic frame for where to report the bug.
#

---------------  T H R E A D  ---------------

Current thread (0x0000020ceada8000):  JavaThread "AWT-EventQueue-1" [_thread_in_native, id=57328, stack(0x0000008403800000,0x0000008403d00000)]

siginfo: ExceptionCode=0xc0000005, reading address 0x0000000000000028

Registers:
RAX=0x0000000000000001, RBX=0x0000000000000000, RCX=0x0000000000000000, RDX=0x0000020cc5570000
RSP=0x0000008403cf83f8, RBP=0x0000008403cf8500, RSI=0x0000020cf2e093f0, RDI=0x0000020cf2ffb750
R8 =0x0000020cc5679780, R9 =0x0000000000000001, R10=0x0000000000008000, R11=0x0000008403cf81a0
R12=0x0000020cc72bb3c0, R13=0x0000000000000009, R14=0x0000000000000000, R15=0x0000000000000009
RIP=0x00007ffe53b08010, EFLAGS=0x0000000000010202

Top of Stack: (sp=0x0000008403cf83f8)
0x0000008403cf83f8:   00007ffe0de1079a 0000020cf2e093f0
0x0000008403cf8408:   0000020cf2e09490 0000000000000000
0x0000008403cf8418:   0000020cf2ffec40 0000000360352675
0x0000008403cf8428:   0000008403cf8850 0000020cf7e9a310
0x0000008403cf8438:   00007ffe71465e91 0000020cc72bb3c0
0x0000008403cf8448:   0000000000000000 fffffffffffffffe
0x0000008403cf8458:   0000008403cf8850 0000020cf7e9ac90
0x0000008403cf8468:   00007ffe71465e91 0000000000000000
0x0000008403cf8478:   0000020cc5570000 00005aac5da8c6ac
0x0000008403cf8488:   0000000000000000 0000020cccedf1f0
0x0000008403cf8498:   00007ffe2fd31700 0000000000000001
0x0000008403cf84a8:   0000000000000002 0000020cccedf1f0
0x0000008403cf84b8:   0000000000000002 0000000000000001
0x0000008403cf84c8:   00007ffe2fd35281 0000008403cf8850
0x0000008403cf84d8:   0000000000000000 0000008403cf8e00
0x0000008403cf84e8:   0000000000000009 000000000000006f 

Instructions: (pc=0x00007ffe53b08010)
0x00007ffe53b07ff0:   33 cc e8 c9 0c 05 00 48 8b 9c 24 d0 00 00 00 48
0x00007ffe53b08000:   81 c4 a0 00 00 00 5f 5e 5d c3 cc cc cc cc cc cc
0x00007ffe53b08010:   48 8b 41 28 c3 cc cc cc cc cc cc cc cc cc cc cc
0x00007ffe53b08020:   40 53 48 83 ec 20 48 8b 59 48 48 89 6c 24 30 48 


Register to memory mapping:

RAX=0x0000000000000001 is an unknown value
RBX=0x0000000000000000 is an unknown value
RCX=0x0000000000000000 is an unknown value
RDX=0x0000020cc5570000 is an unknown value
RSP=0x0000008403cf83f8 is pointing into the stack for thread: 0x0000020ceada8000
RBP=0x0000008403cf8500 is pointing into the stack for thread: 0x0000020ceada8000
RSI=0x0000020cf2e093f0 is an unknown value
RDI=0x0000020cf2ffb750 is an unknown value
R8 =0x0000020cc5679780 is an unknown value
R9 =0x0000000000000001 is an unknown value
R10=0x0000000000008000 is an unknown value
R11=0x0000008403cf81a0 is pointing into the stack for thread: 0x0000020ceada8000
R12=0x0000020cc72bb3c0 is an unknown value
R13=0x0000000000000009 is an unknown value
R14=0x0000000000000000 is an unknown value
R15=0x0000000000000009 is an unknown value


Stack: [0x0000008403800000,0x0000008403d00000],  sp=0x0000008403cf83f8,  free space=5088k
Native frames: (J=compiled Java code, j=interpreted, Vv=VM code, C=native code)
C  [librdi_runsbase.dll+0x18010]

Java frames: (J=compiled Java code, j=interpreted, Vv=VM code)
J 10659  ui.project.projecti.ProjStateHelper_getBlingString(J)Ljava/lang/String; (0 bytes) @ 0x0000020cd09618c1 [0x0000020cd0961880+0x41]
j  ui.project.p.eht()V+5
j  ui.views.G.m.a(Ljava/util/AbstractList;Ljava/util/HashMap;)V+16
J 23636 C2 ui.views.G.m.fKS()V (506 bytes) @ 0x0000020cd34ee048 [0x0000020cd34eb620+0x2a28]
J 18352 C2 ui.views.G.n.cV()V (8 bytes) @ 0x0000020cd073f5e0 [0x0000020cd073f5a0+0x40]
J 21769 C2 ui.utils.C.actionPerformed(Ljava/awt/event/ActionEvent;)V (166 bytes) @ 0x0000020cd2b9a8a4 [0x0000020cd2b9a840+0x64]
J 10718 C2 ui.utils.B.fireActionPerformed(Ljava/awt/event/ActionEvent;)V (49 bytes) @ 0x0000020ccff4c7dc [0x0000020ccff4c680+0x15c]
J 20415 C2 javax.swing.Timer$DoPostEvent.run()V (95 bytes) @ 0x0000020cd2dc0a34 [0x0000020cd2dc0880+0x1b4]
J 10539 C2 java.awt.EventQueue$3.run()Ljava/lang/Object; (5 bytes) @ 0x0000020cd0c2cbc8 [0x0000020cd0c2c8a0+0x328]
v  ~StubRoutines::call_stub
J 2425  java.security.AccessController.doPrivileged(Ljava/security/PrivilegedAction;Ljava/security/AccessControlContext;)Ljava/lang/Object; (0 bytes) @ 0x0000020ccf9ce166 [0x0000020ccf9ce100+0x66]
J 10528 C2 ui.frmwork.b.d.dispatchEvent(Ljava/awt/AWTEvent;)V (45 bytes) @ 0x0000020cd031d7cc [0x0000020cd031d560+0x26c]
J 21770 C2 java.awt.EventDispatchThread.pumpOneEventForFilters(I)V (295 bytes) @ 0x0000020cd2b989a4 [0x0000020cd2b98660+0x344]
J 17213 C2 java.awt.EventDispatchThread.pumpEventsForFilter(ILjava/awt/Conditional;Ljava/awt/EventFilter;)V (47 bytes) @ 0x0000020cd1b578f0 [0x0000020cd1b57820+0xd0]
j  java.awt.EventDispatchThread.pumpEventsForFilter(Ljava/awt/Conditional;Ljava/awt/EventFilter;)V+4
j  java.awt.WaitDispatchSupport$2.run()V+59
j  java.awt.WaitDispatchSupport$4.run()Ljava/lang/Void;+4
j  java.awt.WaitDispatchSupport$4.run()Ljava/lang/Object;+1
v  ~StubRoutines::call_stub
J 196  java.security.AccessController.doPrivileged(Ljava/security/PrivilegedAction;)Ljava/lang/Object; (0 bytes) @ 0x0000020ccf442612 [0x0000020ccf4425c0+0x52]
j  java.awt.WaitDispatchSupport.enter()Z+279
j  java.awt.Dialog.show()V+233
J 22743 C1 ui.b.c.g.setVisible(Z)V (15 bytes) @ 0x0000020cd1ee2ce4 [0x0000020cd1ee2a00+0x2e4]
j  ui.b.c.bx.showDialog()V+64
j  ui.b.c.bE.actionPerformed(Ljava/awt/event/ActionEvent;)V+8
j  ui.b.c.bx.cDw()V+464
j  ui.b.o.t.a(Ljava/awt/Component;Lui/project/r;Ljava/util/Collection;ZLui/frmwork/T;)V+28
j  ui.views.G.e.fKP()V+107
j  ui.views.G.e.i(Lui/views/G/e;)V+1
j  ui.views.G.f.run()V+316
j  ui.views.S.X.taskEnded(I)V+146
j  ui.views.x.a.y.b(I)V+37
j  ui.views.c.e.j.b(I)V+2
j  ui.b.c.bx.w()V+213
j  ui.b.c.bG.finished()V+4
J 17865 C1 ui.frmwork.x.run()V (15 bytes) @ 0x0000020cd11ea1a4 [0x0000020cd11ea020+0x184]
J 10539 C2 java.awt.EventQueue$3.run()Ljava/lang/Object; (5 bytes) @ 0x0000020cd0c2cbc8 [0x0000020cd0c2c8a0+0x328]
v  ~StubRoutines::call_stub
J 2425  java.security.AccessController.doPrivileged(Ljava/security/PrivilegedAction;Ljava/security/AccessControlContext;)Ljava/lang/Object; (0 bytes) @ 0x0000020ccf9ce166 [0x0000020ccf9ce100+0x66]
J 10528 C2 ui.frmwork.b.d.dispatchEvent(Ljava/awt/AWTEvent;)V (45 bytes) @ 0x0000020cd031d7cc [0x0000020cd031d560+0x26c]
J 21770 C2 java.awt.EventDispatchThread.pumpOneEventForFilters(I)V (295 bytes) @ 0x0000020cd2b989a4 [0x0000020cd2b98660+0x344]
J 17213 C2 java.awt.EventDispatchThread.pumpEventsForFilter(ILjava/awt/Conditional;Ljava/awt/EventFilter;)V (47 bytes) @ 0x0000020cd1b578f0 [0x0000020cd1b57820+0xd0]
j  java.awt.EventDispatchThread.pumpEventsForFilter(Ljava/awt/Conditional;Ljava/awt/EventFilter;)V+4
j  java.awt.WaitDispatchSupport$2.run()V+59
j  java.awt.WaitDispatchSupport$4.run()Ljava/lang/Void;+4
j  java.awt.WaitDispatchSupport$4.run()Ljava/lang/Object;+1
v  ~StubRoutines::call_stub
J 196  java.security.AccessController.doPrivileged(Ljava/security/PrivilegedAction;)Ljava/lang/Object; (0 bytes) @ 0x0000020ccf442612 [0x0000020ccf4425c0+0x52]
j  java.awt.WaitDispatchSupport.enter()Z+279
j  java.awt.Dialog.show()V+233
J 22743 C1 ui.b.c.g.setVisible(Z)V (15 bytes) @ 0x0000020cd1ee2ce4 [0x0000020cd1ee2a00+0x2e4]
j  ui.b.c.bx.showDialog()V+64
j  ui.b.c.bE.actionPerformed(Ljava/awt/event/ActionEvent;)V+8
j  ui.b.c.bx.cDw()V+464
j  ui.views.S.V.a(Lui/views/S/aj;)V+261
j  ui.views.S.V.a(Lui/views/S/aj;Ljava/util/Collection;)V+43
j  ui.views.S.V.a(Ljava/lang/String;ZLjava/lang/Runnable;Ljava/lang/Runnable;)Z+234
j  ui.views.S.V.a(Ljava/lang/String;Ljava/lang/Runnable;Ljava/lang/Runnable;)Z+5
j  ui.views.S.V.a(Ljava/lang/String;Ljava/lang/Runnable;)Z+4
j  ui.views.G.e.dcL()V+1046
j  ui.views.G.e.run()V+1
j  ui.views.G.k.b(Lui/views/G/k;)V+1
j  ui.views.G.k.b(Ljava/util/ArrayList;Lui/data/experiment/w;)V+56
j  ui.views.G.k.run()V+123
j  ui.frmwork.a.dMm()Z+79
j  ui.views.S.b.k.Q(Lui/views/S/s;)V+41
j  ui.views.S.b.x.mouseReleased(Ljava/awt/event/MouseEvent;)V+92
J 24651 C2 java.awt.AWTEventMulticaster.mouseReleased(Ljava/awt/event/MouseEvent;)V (27 bytes) @ 0x0000020cd095f7d4 [0x0000020cd095f720+0xb4]
J 24651 C2 java.awt.AWTEventMulticaster.mouseReleased(Ljava/awt/event/MouseEvent;)V (27 bytes) @ 0x0000020cd095f794 [0x0000020cd095f720+0x74]
J 24651 C2 java.awt.AWTEventMulticaster.mouseReleased(Ljava/awt/event/MouseEvent;)V (27 bytes) @ 0x0000020cd095f794 [0x0000020cd095f720+0x74]
J 19485 C2 javax.swing.JComponent.processMouseEvent(Ljava/awt/event/MouseEvent;)V (27 bytes) @ 0x0000020cd088cbdc [0x0000020cd088ca40+0x19c]
J 22506 C2 java.awt.Component.processEvent(Ljava/awt/AWTEvent;)V (220 bytes) @ 0x0000020cd1b0b728 [0x0000020cd1b0b5e0+0x148]
J 16248 C1 ui.utils.o.x.M.processEvent(Ljava/awt/AWTEvent;)V (76 bytes) @ 0x0000020ccfdc60fc [0x0000020ccfdc4840+0x18bc]
J 20645 C2 java.awt.Component.dispatchEventImpl(Ljava/awt/AWTEvent;)V (883 bytes) @ 0x0000020cd2e36c9c [0x0000020cd2e363c0+0x8dc]
J 26570 C2 java.awt.Container.dispatchEventImpl(Ljava/awt/AWTEvent;)V (129 bytes) @ 0x0000020cd2915fdc [0x0000020cd2915f80+0x5c]
J 14290 C2 java.awt.LightweightDispatcher.retargetMouseEvent(Ljava/awt/Component;ILjava/awt/event/MouseEvent;)V (350 bytes) @ 0x0000020cd19a10cc [0x0000020cd19a0b00+0x5cc]
J 26570 C2 java.awt.Container.dispatchEventImpl(Ljava/awt/AWTEvent;)V (129 bytes) @ 0x0000020cd291668c [0x0000020cd2915f80+0x70c]
J 15439 C2 java.awt.Window.dispatchEventImpl(Ljava/awt/AWTEvent;)V (23 bytes) @ 0x0000020cd107b14c [0x0000020cd107b100+0x4c]
J 10539 C2 java.awt.EventQueue$3.run()Ljava/lang/Object; (5 bytes) @ 0x0000020cd0c2cc90 [0x0000020cd0c2c8a0+0x3f0]
v  ~StubRoutines::call_stub
J 2425  java.security.AccessController.doPrivileged(Ljava/security/PrivilegedAction;Ljava/security/AccessControlContext;)Ljava/lang/Object; (0 bytes) @ 0x0000020ccf9ce166 [0x0000020ccf9ce100+0x66]
J 14947 C2 java.awt.EventQueue$4.run()Ljava/lang/Object; (5 bytes) @ 0x0000020cd1614cf4 [0x0000020cd1614b60+0x194]
v  ~StubRoutines::call_stub
J 2425  java.security.AccessController.doPrivileged(Ljava/security/PrivilegedAction;Ljava/security/AccessControlContext;)Ljava/lang/Object; (0 bytes) @ 0x0000020ccf9ce166 [0x0000020ccf9ce100+0x66]
J 10528 C2 ui.frmwork.b.d.dispatchEvent(Ljava/awt/AWTEvent;)V (45 bytes) @ 0x0000020cd031d9e4 [0x0000020cd031d560+0x484]
J 21770 C2 java.awt.EventDispatchThread.pumpOneEventForFilters(I)V (295 bytes) @ 0x0000020cd2b989a4 [0x0000020cd2b98660+0x344]
J 11107% C2 java.awt.EventDispatchThread.pumpEventsForFilter(ILjava/awt/Conditional;Ljava/awt/EventFilter;)V (47 bytes) @ 0x0000020cd037ffc0 [0x0000020cd037fec0+0x100]
j  java.awt.EventDispatchThread.pumpEventsForHierarchy(ILjava/awt/Conditional;Ljava/awt/Component;)V+11
j  java.awt.EventDispatchThread.pumpEvents(ILjava/awt/Conditional;)V+4
j  java.awt.EventDispatchThread.pumpEvents(Ljava/awt/Conditional;)V+3
j  java.awt.EventDispatchThread.run()V+9
v  ~StubRoutines::call_stub

---------------  P R O C E S S  ---------------

Java Threads: ( => current thread )
  0x0000020ced73e800 JavaThread "Resetting Runs" [_thread_in_native, id=58592, stack(0x0000008409c00000,0x000000840a100000)]
  0x0000020ced742800 JavaThread "Thread-6742" [_thread_in_native, id=4240, stack(0x0000008407d00000,0x0000008407e00000)]
  0x0000020ced741800 JavaThread "Thread-6741" [_thread_in_native, id=46256, stack(0x0000008404900000,0x0000008404a00000)]
  0x0000020ced73e000 JavaThread "Thread-6609" [_thread_in_native, id=46668, stack(0x0000008407d00000,0x0000008407e00000)]
  0x0000020ced73d000 JavaThread "Thread-6608" [_thread_in_native, id=55624, stack(0x0000008407c00000,0x0000008407d00000)]
  0x0000020ced743000 JavaThread "Thread-6462" [_thread_in_native, id=56016, stack(0x000000840a200000,0x000000840a300000)]
  0x0000020ced736800 JavaThread "Thread-6461" [_thread_in_native, id=48248, stack(0x000000840a100000,0x000000840a200000)]
  0x0000020ced738800 JavaThread "Thread-5392" [_thread_in_native, id=40472, stack(0x000000840b600000,0x000000840b700000)]
  0x0000020ced73a000 JavaThread "Thread-5391" [_thread_in_native, id=38900, stack(0x000000840b500000,0x000000840b600000)]
  0x0000020ced73b000 JavaThread "Thread-5253" [_thread_in_native, id=58152, stack(0x0000008404700000,0x0000008404800000)]
  0x0000020ced737000 JavaThread "Thread-5252" [_thread_in_native, id=39832, stack(0x0000008408600000,0x0000008408700000)]
  0x0000020ced739800 JavaThread "Thread-3696" [_thread_in_native, id=42220, stack(0x0000008408800000,0x0000008408900000)]
  0x0000020ced73b800 JavaThread "Thread-3695" [_thread_in_native, id=25312, stack(0x0000008408700000,0x0000008408800000)]
  0x0000020cecfac800 JavaThread "Thread-3553" [_thread_in_native, id=6500, stack(0x0000008408600000,0x0000008408700000)]
  0x0000020ced6c3800 JavaThread "Thread-3552" [_thread_in_native, id=26260, stack(0x0000008408700000,0x0000008408800000)]
  0x0000020ceb7cf000 JavaThread "Thread-3460" [_thread_in_native, id=1992, stack(0x0000008408700000,0x0000008408800000)]
  0x0000020ceb7cd000 JavaThread "Thread-3459" [_thread_in_native, id=39548, stack(0x0000008408600000,0x0000008408700000)]
  0x0000020ceb7ce800 JavaThread "Thread-3374" [_thread_in_native, id=47304, stack(0x0000008407d00000,0x0000008407e00000)]
  0x0000020ceb7c7000 JavaThread "Thread-3373" [_thread_in_native, id=39240, stack(0x0000008407c00000,0x0000008407d00000)]
  0x0000020ceb7c3000 JavaThread "Thread-3292" [_thread_in_native, id=60772, stack(0x0000008408700000,0x0000008408800000)]
  0x0000020ceb7c9000 JavaThread "Thread-3202" [_thread_in_native, id=38012, stack(0x000000840a100000,0x000000840a200000)]
  0x0000020cecfae000 JavaThread "Thread-3150" [_thread_in_native, id=51520, stack(0x000000840a200000,0x000000840a300000)]
  0x0000020cecfa4800 JavaThread "Thread-3149" [_thread_in_native, id=37584, stack(0x000000840a100000,0x000000840a200000)]
  0x0000020cecfad800 JavaThread "Thread-2844" [_thread_in_native, id=33216, stack(0x0000008404700000,0x0000008404800000)]
  0x0000020cecfa9000 JavaThread "Thread-2820" [_thread_in_native, id=26936, stack(0x0000008407d00000,0x0000008407e00000)]
  0x0000020cecfa9800 JavaThread "Thread-2819" [_thread_in_native, id=33804, stack(0x0000008407c00000,0x0000008407d00000)]
  0x0000020cecfa0800 JavaThread "Thread-2615" [_thread_in_native, id=29288, stack(0x0000008407c00000,0x0000008407d00000)]
  0x0000020cecfa2000 JavaThread "Thread-2614" [_thread_in_native, id=52680, stack(0x0000008404700000,0x0000008404800000)]
  0x0000020cecfa1000 JavaThread "Thread-2556" [_thread_in_native, id=61564, stack(0x0000008408c00000,0x0000008408d00000)]
  0x0000020cecf9f800 JavaThread "Thread-2520" [_thread_in_native, id=22804, stack(0x0000008404700000,0x0000008404800000)]
  0x0000020cecfa5000 JavaThread "Thread-2519" [_thread_in_native, id=35716, stack(0x0000008408700000,0x0000008408800000)]
  0x0000020cecfa6800 JavaThread "Swing-Shell" daemon [_thread_blocked, id=2644, stack(0x0000008408100000,0x0000008408600000)]
  0x0000020cecfa6000 JavaThread "Thread-2453" [_thread_in_native, id=42200, stack(0x0000008404700000,0x0000008404800000)]
  0x0000020ceb681000 JavaThread "Thread-2391" [_thread_in_native, id=29892, stack(0x000000840a500000,0x000000840a600000)]
  0x0000020ceb7cd800 JavaThread "Thread-2390" [_thread_in_native, id=25928, stack(0x0000008409a00000,0x0000008409b00000)]
  0x0000020ceb7c2800 JavaThread "Thread-2254" [_thread_in_native, id=13356, stack(0x0000008404800000,0x0000008404900000)]
  0x0000020ceb7cc000 JavaThread "Thread-2253" [_thread_in_native, id=60760, stack(0x0000008404700000,0x0000008404800000)]
  0x0000020ced6c5000 JavaThread "Thread-1726" [_thread_in_native, id=49472, stack(0x0000008404800000,0x0000008404900000)]
  0x0000020ced6c0000 JavaThread "Thread-1725" [_thread_in_native, id=60532, stack(0x0000008404700000,0x0000008404800000)]
  0x0000020ceb7d1800 JavaThread "Thread-1633" [_thread_in_native, id=40228, stack(0x0000008404900000,0x0000008404a00000)]
  0x0000020ceb7d0000 JavaThread "Thread-1632" [_thread_in_native, id=13080, stack(0x0000008404800000,0x0000008404900000)]
  0x0000020ceb7cb800 JavaThread "Thread-1475" [_thread_in_native, id=56764, stack(0x0000008409500000,0x0000008409600000)]
  0x0000020ceb7ca800 JavaThread "Image Animator 0" daemon [_thread_blocked, id=60800, stack(0x0000008409000000,0x0000008409500000)]
  0x0000020ceb7c8800 JavaThread "Thread-1381" [_thread_in_native, id=39424, stack(0x0000008404800000,0x0000008404900000)]
  0x0000020ceb7c5800 JavaThread "Thread-1380" [_thread_in_native, id=50128, stack(0x0000008404700000,0x0000008404800000)]
  0x0000020ceb7c4000 JavaThread "SyntheticaAnimation 50" daemon [_thread_blocked, id=30540, stack(0x0000008407700000,0x0000008407c00000)]
  0x0000020ced6c3000 JavaThread "Monitor File Timestamp Swing Worker" [_thread_blocked, id=58908, stack(0x0000008406800000,0x0000008406d00000)]
  0x0000020ced6c1800 JavaThread "Timer-1" [_thread_blocked, id=35068, stack(0x0000008405400000,0x0000008405900000)]
  0x0000020ceb687000 JavaThread "Monitor File Timestamp Swing Worker" [_thread_blocked, id=44696, stack(0x0000008407200000,0x0000008407700000)]
  0x0000020ced6c4800 JavaThread "Timer-0" [_thread_blocked, id=33356, stack(0x0000008406d00000,0x0000008407200000)]
  0x0000020ced6be800 JavaThread "SyntheticaAnimation 50" daemon [_thread_blocked, id=46164, stack(0x0000008402900000,0x0000008402e00000)]
  0x0000020ced6bf000 JavaThread "Thread-23" [_thread_in_native, id=27028, stack(0x0000008405500000,0x0000008405600000)]
  0x0000020ced6c2000 JavaThread "Thread-22" [_thread_in_native, id=52908, stack(0x0000008405400000,0x0000008405500000)]
  0x0000020ceb685000 JavaThread "hw_ila_monitor" [_thread_blocked, id=59488, stack(0x0000008406300000,0x0000008406800000)]
  0x0000020ceb683800 JavaThread "Update Runs Swing Worker" [_thread_blocked, id=24604, stack(0x0000008405e00000,0x0000008406300000)]
  0x0000020ceb682800 JavaThread "Refresh Filesets Swing Worker" [_thread_blocked, id=47136, stack(0x0000008403d00000,0x0000008404200000)]
  0x0000020ceb682000 JavaThread "SyntheticaAnimation 70" daemon [_thread_blocked, id=32720, stack(0x0000008405900000,0x0000008405e00000)]
  0x0000020ceb685800 JavaThread "SyntheticaAnimation 25" daemon [_thread_blocked, id=43572, stack(0x0000008404f00000,0x0000008405400000)]
  0x0000020ceb680800 JavaThread "SyntheticaAnimation 50" daemon [_thread_blocked, id=43428, stack(0x0000008404a00000,0x0000008404f00000)]
  0x0000020ceb686800 JavaThread "SyntheticaCleanerThread" daemon [_thread_blocked, id=42548, stack(0x0000008404200000,0x0000008404700000)]
  0x0000020ceaf1d800 JavaThread "Batik CleanerThread" daemon [_thread_blocked, id=57624, stack(0x0000008402e00000,0x0000008403300000)]
=>0x0000020ceada8000 JavaThread "AWT-EventQueue-1" [_thread_in_native, id=57328, stack(0x0000008403800000,0x0000008403d00000)]
  0x0000020ceac60800 JavaThread "Process Messages" [_thread_blocked, id=48852, stack(0x0000008403300000,0x0000008403800000)]
  0x0000020ceac6e800 JavaThread "Thread-3" [_thread_in_native, id=6188, stack(0x000000847d400000,0x000000847e800000)]
  0x0000020ce90fd000 JavaThread "AWT-Windows" daemon [_thread_in_native, id=59416, stack(0x0000008402400000,0x0000008402900000)]
  0x0000020ce90fc000 JavaThread "AWT-Shutdown" [_thread_blocked, id=59448, stack(0x0000008401f00000,0x0000008402400000)]
  0x0000020ce90fb800 JavaThread "Java2D Disposer" daemon [_thread_blocked, id=60296, stack(0x0000008401a00000,0x0000008401f00000)]
  0x0000020ce9063000 JavaThread "TimerQueue" daemon [_thread_blocked, id=38220, stack(0x0000008401500000,0x0000008401a00000)]
  0x0000020ce879e000 JavaThread "Service Thread" daemon [_thread_blocked, id=21940, stack(0x0000008400f00000,0x0000008401400000)]
  0x0000020ce8795800 JavaThread "C1 CompilerThread3" daemon [_thread_blocked, id=62336, stack(0x000000847ff00000,0x0000008480000000)]
  0x0000020ce8794800 JavaThread "C2 CompilerThread2" daemon [_thread_blocked, id=22284, stack(0x000000847fe00000,0x000000847ff00000)]
  0x0000020ce878e800 JavaThread "C2 CompilerThread1" daemon [_thread_blocked, id=55676, stack(0x000000847fd00000,0x000000847fe00000)]
  0x0000020ce8789800 JavaThread "C2 CompilerThread0" daemon [_thread_blocked, id=21964, stack(0x000000847fc00000,0x000000847fd00000)]
  0x0000020ce8788800 JavaThread "Attach Listener" daemon [_thread_blocked, id=31452, stack(0x0000008400a00000,0x0000008400f00000)]
  0x0000020ce8787800 JavaThread "Signal Dispatcher" daemon [_thread_blocked, id=47116, stack(0x0000008400500000,0x0000008400a00000)]
  0x0000020ce6441000 JavaThread "Finalizer" daemon [_thread_blocked, id=30476, stack(0x0000008400000000,0x0000008400500000)]
  0x0000020ce641f800 JavaThread "Reference Handler" daemon [_thread_blocked, id=56308, stack(0x000000847f700000,0x000000847fc00000)]
  0x0000020ccf1c4000 JavaThread "main" [_thread_blocked, id=54076, stack(0x000000847eb00000,0x000000847ec00000)]

Other Threads:
  0x0000020ce6412800 VMThread [stack: 0x000000847f600000,0x000000847f700000] [id=51284]
  0x0000020ce645d800 WatcherThread [stack: 0x0000008401400000,0x0000008401500000] [id=7312]

VM state:not at safepoint (normal execution)

VM Mutex/Monitor currently owned by a thread: None

Heap:
 PSYoungGen      total 57344K, used 3147K [0x00000007bc400000, 0x00000007c0000000, 0x00000007c0000000)
  eden space 55296K, 1% used [0x00000007bc400000,0x00000007bc512ca0,0x00000007bfa00000)
  from space 2048K, 100% used [0x00000007bfe00000,0x00000007c0000000,0x00000007c0000000)
  to   space 3072K, 0% used [0x00000007bfa00000,0x00000007bfa00000,0x00000007bfd00000)
 ParOldGen       total 269312K, used 182523K [0x0000000700000000, 0x0000000710700000, 0x00000007bc400000)
  object space 269312K, 67% used [0x0000000700000000,0x000000070b23ee68,0x0000000710700000)
 Metaspace       used 87366K, capacity 88251K, committed 89088K, reserved 1126400K
  class space    used 12579K, capacity 12748K, committed 12800K, reserved 1048576K

Card table byte_map: [0x0000020cde680000,0x0000020cdec90000] byte_map_base: 0x0000020cdae80000

Marking Bits: (ParMarkBitMap*) 0x0000000076a8a6d0
 Begin Bits: [0x0000020cdf280000, 0x0000020ce2280000)
 End Bits:   [0x0000020ce2280000, 0x0000020ce5280000)

Polling page: 0x0000020cc6f10000

CodeCache: size=245760Kb used=75151Kb max_used=75396Kb free=170608Kb
 bounds [0x0000020ccf2c0000, 0x0000020cd3d10000, 0x0000020cde2c0000]
 total_blobs=20062 nmethods=19018 adapters=945
 compilation: enabled

Compilation events (10 events):
Event: 46229.041 Thread 0x0000020ce8795800 26984       3       ui.views.Q.b::<init> (15 bytes)
Event: 46229.042 Thread 0x0000020ce8795800 nmethod 26984 0x0000020cd3a97810 code [0x0000020cd3a97960, 0x0000020cd3a97b58]
Event: 46229.051 Thread 0x0000020ce878e800 26985       4       sun.misc.FDBigInteger::quoRemIteration (337 bytes)
Event: 46229.054 Thread 0x0000020ce8789800 26986       4       sun.misc.FDBigInteger::multDiffMe (297 bytes)
Event: 46229.058 Thread 0x0000020ce8789800 nmethod 26986 0x0000020cd1554c90 code [0x0000020cd1554dc0, 0x0000020cd1554f18]
Event: 46229.058 Thread 0x0000020ce8795800 26987       3       ui.e.e::toString (5 bytes)
Event: 46229.059 Thread 0x0000020ce8795800 nmethod 26987 0x0000020cd1cbad50 code [0x0000020cd1cbaee0, 0x0000020cd1cbb300]
Event: 46229.060 Thread 0x0000020ce878e800 nmethod 26985 0x0000020cd1ba2590 code [0x0000020cd1ba26e0, 0x0000020cd1ba2af8]
Event: 46229.093 Thread 0x0000020ce8794800 26988       4       com.jidesoft.grid.StyledTableCellRenderer::updateUI (20 bytes)
Event: 46229.096 Thread 0x0000020ce8794800 nmethod 26988 0x0000020cd2b00750 code [0x0000020cd2b008c0, 0x0000020cd2b009e8]

GC Heap History (10 events):
Event: 46172.502 GC heap before
{Heap before GC invocations=1700 (full 30):
 PSYoungGen      total 58880K, used 57248K [0x00000007bc400000, 0x00000007c0000000, 0x00000007c0000000)
  eden space 56320K, 100% used [0x00000007bc400000,0x00000007bfb00000,0x00000007bfb00000)
  from space 2560K, 36% used [0x00000007bfb00000,0x00000007bfbe8000,0x00000007bfd80000)
  to   space 2560K, 0% used [0x00000007bfd80000,0x00000007bfd80000,0x00000007c0000000)
 ParOldGen       total 269312K, used 180089K [0x0000000700000000, 0x0000000710700000, 0x00000007bc400000)
  object space 269312K, 66% used [0x0000000700000000,0x000000070afde588,0x0000000710700000)
 Metaspace       used 87355K, capacity 88245K, committed 89088K, reserved 1126400K
  class space    used 12578K, capacity 12747K, committed 12800K, reserved 1048576K
Event: 46172.508 GC heap after
Heap after GC invocations=1700 (full 30):
 PSYoungGen      total 59392K, used 960K [0x00000007bc400000, 0x00000007c0000000, 0x00000007c0000000)
  eden space 56832K, 0% used [0x00000007bc400000,0x00000007bc400000,0x00000007bfb80000)
  from space 2560K, 37% used [0x00000007bfd80000,0x00000007bfe70000,0x00000007c0000000)
  to   space 2048K, 0% used [0x00000007bfb80000,0x00000007bfb80000,0x00000007bfd80000)
 ParOldGen       total 269312K, used 180089K [0x0000000700000000, 0x0000000710700000, 0x00000007bc400000)
  object space 269312K, 66% used [0x0000000700000000,0x000000070afde588,0x0000000710700000)
 Metaspace       used 87355K, capacity 88245K, committed 89088K, reserved 1126400K
  class space    used 12578K, capacity 12747K, committed 12800K, reserved 1048576K
}
Event: 46189.738 GC heap before
{Heap before GC invocations=1701 (full 30):
 PSYoungGen      total 59392K, used 57792K [0x00000007bc400000, 0x00000007c0000000, 0x00000007c0000000)
  eden space 56832K, 100% used [0x00000007bc400000,0x00000007bfb80000,0x00000007bfb80000)
  from space 2560K, 37% used [0x00000007bfd80000,0x00000007bfe70000,0x00000007c0000000)
  to   space 2048K, 0% used [0x00000007bfb80000,0x00000007bfb80000,0x00000007bfd80000)
 ParOldGen       total 269312K, used 180089K [0x0000000700000000, 0x0000000710700000, 0x00000007bc400000)
  object space 269312K, 66% used [0x0000000700000000,0x000000070afde588,0x0000000710700000)
 Metaspace       used 87355K, capacity 88245K, committed 89088K, reserved 1126400K
  class space    used 12578K, capacity 12747K, committed 12800K, reserved 1048576K
Event: 46189.742 GC heap after
Heap after GC invocations=1701 (full 30):
 PSYoungGen      total 58880K, used 960K [0x00000007bc400000, 0x00000007c0000000, 0x00000007c0000000)
  eden space 56832K, 0% used [0x00000007bc400000,0x00000007bc400000,0x00000007bfb80000)
  from space 2048K, 46% used [0x00000007bfb80000,0x00000007bfc70000,0x00000007bfd80000)
  to   space 2048K, 0% used [0x00000007bfe00000,0x00000007bfe00000,0x00000007c0000000)
 ParOldGen       total 269312K, used 180097K [0x0000000700000000, 0x0000000710700000, 0x00000007bc400000)
  object space 269312K, 66% used [0x0000000700000000,0x000000070afe0588,0x0000000710700000)
 Metaspace       used 87355K, capacity 88245K, committed 89088K, reserved 1126400K
  class space    used 12578K, capacity 12747K, committed 12800K, reserved 1048576K
}
Event: 46220.786 GC heap before
{Heap before GC invocations=1702 (full 30):
 PSYoungGen      total 58880K, used 57792K [0x00000007bc400000, 0x00000007c0000000, 0x00000007c0000000)
  eden space 56832K, 100% used [0x00000007bc400000,0x00000007bfb80000,0x00000007bfb80000)
  from space 2048K, 46% used [0x00000007bfb80000,0x00000007bfc70000,0x00000007bfd80000)
  to   space 2048K, 0% used [0x00000007bfe00000,0x00000007bfe00000,0x00000007c0000000)
 ParOldGen       total 269312K, used 180097K [0x0000000700000000, 0x0000000710700000, 0x00000007bc400000)
  object space 269312K, 66% used [0x0000000700000000,0x000000070afe0588,0x0000000710700000)
 Metaspace       used 87356K, capacity 88245K, committed 89088K, reserved 1126400K
  class space    used 12578K, capacity 12747K, committed 12800K, reserved 1048576K
Event: 46220.789 GC heap after
Heap after GC invocations=1702 (full 30):
 PSYoungGen      total 59392K, used 992K [0x00000007bc400000, 0x00000007c0000000, 0x00000007c0000000)
  eden space 57344K, 0% used [0x00000007bc400000,0x00000007bc400000,0x00000007bfc00000)
  from space 2048K, 48% used [0x00000007bfe00000,0x00000007bfef8000,0x00000007c0000000)
  to   space 2048K, 0% used [0x00000007bfc00000,0x00000007bfc00000,0x00000007bfe00000)
 ParOldGen       total 269312K, used 180113K [0x0000000700000000, 0x0000000710700000, 0x00000007bc400000)
  object space 269312K, 66% used [0x0000000700000000,0x000000070afe4588,0x0000000710700000)
 Metaspace       used 87356K, capacity 88245K, committed 89088K, reserved 1126400K
  class space    used 12578K, capacity 12747K, committed 12800K, reserved 1048576K
}
Event: 46221.655 GC heap before
{Heap before GC invocations=1703 (full 30):
 PSYoungGen      total 59392K, used 58336K [0x00000007bc400000, 0x00000007c0000000, 0x00000007c0000000)
  eden space 57344K, 100% used [0x00000007bc400000,0x00000007bfc00000,0x00000007bfc00000)
  from space 2048K, 48% used [0x00000007bfe00000,0x00000007bfef8000,0x00000007c0000000)
  to   space 2048K, 0% used [0x00000007bfc00000,0x00000007bfc00000,0x00000007bfe00000)
 ParOldGen       total 269312K, used 180113K [0x0000000700000000, 0x0000000710700000, 0x00000007bc400000)
  object space 269312K, 66% used [0x0000000700000000,0x000000070afe4588,0x0000000710700000)
 Metaspace       used 87356K, capacity 88245K, committed 89088K, reserved 1126400K
  class space    used 12578K, capacity 12747K, committed 12800K, reserved 1048576K
Event: 46221.658 GC heap after
Heap after GC invocations=1703 (full 30):
 PSYoungGen      total 59392K, used 864K [0x00000007bc400000, 0x00000007c0000000, 0x00000007c0000000)
  eden space 57344K, 0% used [0x00000007bc400000,0x00000007bc400000,0x00000007bfc00000)
  from space 2048K, 42% used [0x00000007bfc00000,0x00000007bfcd8000,0x00000007bfe00000)
  to   space 2048K, 0% used [0x00000007bfe00000,0x00000007bfe00000,0x00000007c0000000)
 ParOldGen       total 269312K, used 180113K [0x0000000700000000, 0x0000000710700000, 0x00000007bc400000)
  object space 269312K, 66% used [0x0000000700000000,0x000000070afe4588,0x0000000710700000)
 Metaspace       used 87356K, capacity 88245K, committed 89088K, reserved 1126400K
  class space    used 12578K, capacity 12747K, committed 12800K, reserved 1048576K
}
Event: 46229.064 GC heap before
{Heap before GC invocations=1704 (full 30):
 PSYoungGen      total 59392K, used 58208K [0x00000007bc400000, 0x00000007c0000000, 0x00000007c0000000)
  eden space 57344K, 100% used [0x00000007bc400000,0x00000007bfc00000,0x00000007bfc00000)
  from space 2048K, 42% used [0x00000007bfc00000,0x00000007bfcd8000,0x00000007bfe00000)
  to   space 2048K, 0% used [0x00000007bfe00000,0x00000007bfe00000,0x00000007c0000000)
 ParOldGen       total 269312K, used 180113K [0x0000000700000000, 0x0000000710700000, 0x00000007bc400000)
  object space 269312K, 66% used [0x0000000700000000,0x000000070afe4588,0x0000000710700000)
 Metaspace       used 87366K, capacity 88251K, committed 89088K, reserved 1126400K
  class space    used 12579K, capacity 12748K, committed 12800K, reserved 1048576K
Event: 46229.090 GC heap after
Heap after GC invocations=1704 (full 30):
 PSYoungGen      total 57344K, used 2048K [0x00000007bc400000, 0x00000007c0000000, 0x00000007c0000000)
  eden space 55296K, 0% used [0x00000007bc400000,0x00000007bc400000,0x00000007bfa00000)
  from space 2048K, 100% used [0x00000007bfe00000,0x00000007c0000000,0x00000007c0000000)
  to   space 3072K, 0% used [0x00000007bfa00000,0x00000007bfa00000,0x00000007bfd00000)
 ParOldGen       total 269312K, used 182523K [0x0000000700000000, 0x0000000710700000, 0x00000007bc400000)
  object space 269312K, 67% used [0x0000000700000000,0x000000070b23ee68,0x0000000710700000)
 Metaspace       used 87366K, capacity 88251K, committed 89088K, reserved 1126400K
  class space    used 12579K, capacity 12748K, committed 12800K, reserved 1048576K
}

Deoptimization events (10 events):
Event: 45075.251 Thread 0x0000020ceada8000 Uncommon trap: reason=speculate_class_check action=maybe_recompile pc=0x0000020cd2468130 method=com.jidesoft.grid.JideTable.getRowHeight(I)I @ 5
Event: 45214.291 Thread 0x0000020ceada8000 Uncommon trap: reason=bimorphic action=maybe_recompile pc=0x0000020ccf4cc9c4 method=ui.data.B.a(Lui/data/ag;Lui/frmwork/b/a;)V @ 85
Event: 45214.291 Thread 0x0000020ceada8000 Uncommon trap: reason=bimorphic action=maybe_recompile pc=0x0000020cd092688c method=com.jidesoft.grid.TableModelWrapperImpl.tableChanged(Ljavax/swing/event/TableModelEvent;)V @ 161
Event: 45214.291 Thread 0x0000020ceada8000 Uncommon trap: reason=unstable_if action=reinterpret pc=0x0000020cd31bf13c method=com.jidesoft.grid.FilterableTableModel.tableDataChanged()V @ 27
Event: 45214.291 Thread 0x0000020ceada8000 Uncommon trap: reason=bimorphic action=maybe_recompile pc=0x0000020cd0926864 method=com.jidesoft.grid.TableModelWrapperImpl.tableChanged(Ljavax/swing/event/TableModelEvent;)V @ 153
Event: 45214.395 Thread 0x0000020ceada8000 Uncommon trap: reason=unstable_if action=reinterpret pc=0x0000020cd0b38f3c method=com.jidesoft.swing.JideBoxLayout.getPreferredSizeOf(Ljava/awt/Component;I)Ljava/awt/Dimension; @ 166
Event: 45221.746 Thread 0x0000020ceada8000 Uncommon trap: reason=bimorphic action=maybe_recompile pc=0x0000020cd3796b70 method=ui.views.x.b.s.a(Lui/frmwork/d/l;Ljava/lang/Object;Lui/views/x/b/aS;ZZ)Z @ 222
Event: 45271.670 Thread 0x0000020ceada8000 Uncommon trap: reason=bimorphic action=maybe_recompile pc=0x0000020cd3796b70 method=ui.views.x.b.s.a(Lui/frmwork/d/l;Ljava/lang/Object;Lui/views/x/b/aS;ZZ)Z @ 222
Event: 46221.002 Thread 0x0000020ceada8000 Uncommon trap: reason=unstable_if action=reinterpret pc=0x0000020cd2d23000 method=ui.data.k.a.rL(Ljava/lang/String;)V @ 269
Event: 46228.694 Thread 0x0000020ceada8000 Uncommon trap: reason=unstable_if action=reinterpret pc=0x0000020cd23f33a0 method=java.util.GregorianCalendar.computeFields(II)I @ 199

Internal exceptions (10 events):
Event: 44733.443 Thread 0x0000020ceada8000 Exception <a 'java/lang/ClassNotFoundException': ui/utils/o/p/a/cBeanInfo> (0x00000007bd279b98) thrown at [C:\re\workspace\8-2-build-windows-amd64-cygwin\jdk8u112\7884\hotspot\src\share\vm\classfile\systemDictionary.cpp, line 210]
Event: 44733.443 Thread 0x0000020ceada8000 Exception <a 'java/lang/ClassNotFoundException': ui/utils/o/p/a/cCustomizer> (0x00000007bd286e20) thrown at [C:\re\workspace\8-2-build-windows-amd64-cygwin\jdk8u112\7884\hotspot\src\share\vm\classfile\systemDictionary.cpp, line 210]
Event: 44733.444 Thread 0x0000020ceada8000 Exception <a 'java/lang/ClassNotFoundException': ui/views/E/a/fCustomizer> (0x00000007bd2b14b8) thrown at [C:\re\workspace\8-2-build-windows-amd64-cygwin\jdk8u112\7884\hotspot\src\share\vm\classfile\systemDictionary.cpp, line 210]
Event: 44733.845 Thread 0x0000020ceada8000 Implicit null exception at 0x0000020cd032610f to 0x0000020cd0326775
Event: 45219.581 Thread 0x0000020ceada8000 Exception <a 'java/io/FileNotFoundException'> (0x00000007bccff7f0) thrown at [C:\re\workspace\8-2-build-windows-amd64-cygwin\jdk8u112\7884\hotspot\src\share\vm\prims\jni.cpp, line 709]
Event: 45219.617 Thread 0x0000020ceada8000 Exception <a 'java/io/FileNotFoundException'> (0x00000007bce15e10) thrown at [C:\re\workspace\8-2-build-windows-amd64-cygwin\jdk8u112\7884\hotspot\src\share\vm\prims\jni.cpp, line 709]
Event: 45221.298 Thread 0x0000020ceada8000 Exception <a 'java/io/FileNotFoundException'> (0x00000007bd5aee90) thrown at [C:\re\workspace\8-2-build-windows-amd64-cygwin\jdk8u112\7884\hotspot\src\share\vm\prims\jni.cpp, line 709]
Event: 45259.430 Thread 0x0000020ced744800 Exception <a 'java/lang/InterruptedException': sleep interrupted> (0x00000007bdaafa68) thrown at [C:\re\workspace\8-2-build-windows-amd64-cygwin\jdk8u112\7884\hotspot\src\share\vm\prims\jvm.cpp, line 3180]
Event: 45271.282 Thread 0x0000020ceada8000 Exception <a 'java/io/FileNotFoundException'> (0x00000007bd4708d8) thrown at [C:\re\workspace\8-2-build-windows-amd64-cygwin\jdk8u112\7884\hotspot\src\share\vm\prims\jni.cpp, line 709]
Event: 45349.512 Thread 0x0000020ced744800 Exception <a 'java/lang/InterruptedException': sleep interrupted> (0x00000007bd2a80f0) thrown at [C:\re\workspace\8-2-build-windows-amd64-cygwin\jdk8u112\7884\hotspot\src\share\vm\prims\jvm.cpp, line 3180]

Events (10 events):
Event: 46228.955 Thread 0x0000020ce8795800 flushing nmethod 0x0000020cd054e450
Event: 46228.959 Thread 0x0000020ce8795800 flushing nmethod 0x0000020cd0a29ed0
Event: 46228.974 Thread 0x0000020ce8795800 flushing nmethod 0x0000020cd1e40050
Event: 46228.996 Thread 0x0000020ce8795800 flushing nmethod 0x0000020cd28f4250
Event: 46229.020 Thread 0x0000020ce8794800 flushing nmethod 0x0000020cd2bf4cd0
Event: 46229.031 Thread 0x0000020ce8795800 flushing nmethod 0x0000020cd378f410
Event: 46229.031 Thread 0x0000020ce8795800 flushing nmethod 0x0000020cd3a39c10
Event: 46229.031 Thread 0x0000020ce8795800 flushing nmethod 0x0000020cd3b92e50
Event: 46229.064 Executing VM operation: ParallelGCFailedAllocation
Event: 46229.090 Executing VM operation: ParallelGCFailedAllocation done


Dynamic libraries:
0x00007ff66f900000 - 0x00007ff66f930000 	C:\Xilinx\Vivado\2018.2\bin\unwrapped\win64.o\vivado.exe
0x00007ffe71450000 - 0x00007ffe71646000 	C:\WINDOWS\SYSTEM32\ntdll.dll
0x00007ffe71320000 - 0x00007ffe713dd000 	C:\WINDOWS\System32\KERNEL32.DLL
0x00007ffe6f020000 - 0x00007ffe6f2e9000 	C:\WINDOWS\System32\KERNELBASE.dll
0x00007ffe6f380000 - 0x00007ffe6f480000 	C:\WINDOWS\System32\ucrtbase.dll
0x00007ffe5c880000 - 0x00007ffe5c894000 	C:\Xilinx\Vivado\2018.2\lib\win64.o\libboost_signals.dll
0x00007ffe2fcf0000 - 0x00007ffe30b09000 	C:\Xilinx\Vivado\2018.2\lib\win64.o\librdi_common.dll
0x00007ffe15990000 - 0x00007ffe15a21000 	C:\WINDOWS\SYSTEM32\MSVCP140.dll
0x00007ffe5a2b0000 - 0x00007ffe5a2c4000 	C:\Xilinx\Vivado\2018.2\lib\win64.o\librdi_commonmain.dll
0x00007ffe70fa0000 - 0x00007ffe71140000 	C:\WINDOWS\System32\USER32.dll
0x00007ffe39210000 - 0x00007ffe39229000 	C:\WINDOWS\SYSTEM32\VCRUNTIME140.dll
0x00007ffe6ed00000 - 0x00007ffe6ed22000 	C:\WINDOWS\System32\win32u.dll
0x00007ffe6f570000 - 0x00007ffe6f59a000 	C:\WINDOWS\System32\GDI32.dll
0x00007ffe6ef10000 - 0x00007ffe6f01b000 	C:\WINDOWS\System32\gdi32full.dll
0x00007ffe525c0000 - 0x00007ffe526e1000 	C:\Xilinx\Vivado\2018.2\lib\win64.o\librdi_commonxillic.dll
0x00007ffe57430000 - 0x00007ffe57456000 	C:\Xilinx\Vivado\2018.2\lib\win64.o\libboost_filesystem.dll
0x00007ffe60620000 - 0x00007ffe6062a000 	C:\Xilinx\Vivado\2018.2\lib\win64.o\librdi_commonversion.dll
0x00007ffe6eb60000 - 0x00007ffe6ebfd000 	C:\WINDOWS\System32\msvcp_win.dll
0x00007ffe6f680000 - 0x00007ffe6f72c000 	C:\WINDOWS\System32\ADVAPI32.dll
0x00007ffe6fe70000 - 0x00007ffe705b2000 	C:\WINDOWS\System32\SHELL32.dll
0x00007ffe6f8c0000 - 0x00007ffe6f95e000 	C:\WINDOWS\System32\msvcrt.dll
0x0000000076140000 - 0x000000007626b000 	C:\Xilinx\Vivado\2018.2\lib\win64.o\tcl85t.dll
0x00007ffe6f9d0000 - 0x00007ffe6fa6c000 	C:\WINDOWS\System32\sechost.dll
0x00007ffe6fbf0000 - 0x00007ffe6fc5b000 	C:\WINDOWS\System32\WS2_32.dll
0x00007ffe71140000 - 0x00007ffe7126b000 	C:\WINDOWS\System32\RPCRT4.dll
0x00007ffe3dfa0000 - 0x00007ffe3dfac000 	C:\WINDOWS\SYSTEM32\VCRUNTIME140_1.dll
0x00007ffe33fe0000 - 0x00007ffe3434e000 	C:\Xilinx\Vivado\2018.2\lib\win64.o\libCOIN-all.dll
0x00007ffe5a290000 - 0x00007ffe5a2a4000 	C:\Xilinx\Vivado\2018.2\lib\win64.o\libboost_date_time.dll
0x00007ffe53bd0000 - 0x00007ffe53e85000 	C:\Xilinx\Vivado\2018.2\lib\win64.o\libXil_lmgr11.dll
0x00007ffe6fd90000 - 0x00007ffe6fe6a000 	C:\WINDOWS\System32\COMDLG32.dll
0x00007ffe526f0000 - 0x00007ffe52804000 	C:\Xilinx\Vivado\2018.2\lib\win64.o\libboost_regex.dll
0x00007ffe70c40000 - 0x00007ffe70f96000 	C:\WINDOWS\System32\combase.dll
0x00007ffe55fd0000 - 0x00007ffe5604f000 	C:\Xilinx\Vivado\2018.2\lib\win64.o\libboost_program_options.dll
0x00007ffe6f810000 - 0x00007ffe6f8be000 	C:\WINDOWS\System32\shcore.dll
0x00007ffe67300000 - 0x00007ffe6730b000 	C:\Xilinx\Vivado\2018.2\lib\win64.o\libboost_system.dll
0x00007ffe705c0000 - 0x00007ffe70615000 	C:\WINDOWS\System32\SHLWAPI.dll
0x00007ffe573b0000 - 0x00007ffe573d1000 	C:\Xilinx\Vivado\2018.2\lib\win64.o\libboost_thread.dll
0x00007ffe66e00000 - 0x00007ffe66e0f000 	C:\Xilinx\Vivado\2018.2\lib\win64.o\libboost_xilinx.dll
0x00007ffe6f740000 - 0x00007ffe6f80d000 	C:\WINDOWS\System32\OLEAUT32.dll
0x00007ffe6fc60000 - 0x00007ffe6fd8a000 	C:\WINDOWS\System32\ole32.dll
0x00007ffe56f50000 - 0x00007ffe56fd2000 	C:\Xilinx\Vivado\2018.2\lib\win64.o\libhdlpsolve.dll
0x00007ffe55d70000 - 0x00007ffe55e15000 	C:\Xilinx\Vivado\2018.2\lib\win64.o\libhdxml.dll
0x00007ffe6f2f0000 - 0x00007ffe6f350000 	C:\WINDOWS\System32\WINTRUST.dll
0x00007ffe2f430000 - 0x00007ffe2fce3c00 	C:\Xilinx\Vivado\2018.2\lib\win64.o\libisl_iostreams.dll
0x00007ffe6edb0000 - 0x00007ffe6ef06000 	C:\WINDOWS\System32\CRYPT32.dll
0x00007ffe57230000 - 0x00007ffe5725e000 	C:\Xilinx\Vivado\2018.2\lib\win64.o\libisl_sysinfo.dll
0x0000000076270000 - 0x0000000076b0a000 	C:\Xilinx\Vivado\2018.2\tps\win64\jre\bin\server\jvm.dll
0x00007ffe56a90000 - 0x00007ffe56af5000 	C:\Xilinx\Vivado\2018.2\lib\win64.o\liblmx6.0.dll
0x00007ffe5a080000 - 0x00007ffe5a09a000 	C:\Xilinx\Vivado\2018.2\lib\win64.o\pthreadVC2.dll
0x00007ffe6f9c0000 - 0x00007ffe6f9c8000 	C:\WINDOWS\System32\PSAPI.DLL
0x00007ffe59ec0000 - 0x00007ffe59edc000 	C:\Xilinx\Vivado\2018.2\lib\win64.o\librdiconfig.dll
0x00007ffe468f0000 - 0x00007ffe46a41000 	C:\Xilinx\Vivado\2018.2\lib\win64.o\librdi_curl.dll
0x00007ffe56f00000 - 0x00007ffe56f21000 	C:\Xilinx\Vivado\2018.2\lib\win64.o\librdizlib.dll
0x0000000012000000 - 0x0000000012272000 	C:\Xilinx\Vivado\2018.2\lib\win64.o\xerces-c_3_1.dll
0x00007ffe4bbd0000 - 0x00007ffe4c0aa000 	C:\WINDOWS\SYSTEM32\WININET.dll
0x00007ffe65f60000 - 0x00007ffe66060000 	C:\WINDOWS\SYSTEM32\WINHTTP.dll
0x00007ffe5a6e0000 - 0x00007ffe5a8ce000 	C:\WINDOWS\SYSTEM32\urlmon.dll
0x00007ffe56ed0000 - 0x00007ffe56ef8000 	C:\WINDOWS\SYSTEM32\VCOMP140.DLL
0x00007ffe66de0000 - 0x00007ffe66de9000 	C:\WINDOWS\SYSTEM32\WSOCK32.dll
0x00007ffe1f360000 - 0x00007ffe201f1000 	C:\Xilinx\Vivado\2018.2\lib\win64.o\gurobi65.dll
0x00007ffe4ef50000 - 0x00007ffe4ef68000 	C:\WINDOWS\SYSTEM32\NETAPI32.dll
0x00007ffe51310000 - 0x00007ffe513c0000 	C:\WINDOWS\WinSxS\amd64_microsoft.windows.common-controls_6595b64144ccf1df_5.82.19041.488_none_4238de57f6b64d28\COMCTL32.dll
0x00007ffe5c850000 - 0x00007ffe5c85d000 	C:\Xilinx\Vivado\2018.2\lib\win64.o\libboost_chrono.dll
0x00007ffe63c70000 - 0x00007ffe63c8d000 	C:\WINDOWS\SYSTEM32\dhcpcsvc.DLL
0x00007ffe6d1d0000 - 0x00007ffe6d1f7000 	C:\WINDOWS\SYSTEM32\WINMM.dll
0x00007ffe56de0000 - 0x00007ffe56e05000 	C:\Xilinx\Vivado\2018.2\lib\win64.o\libisl_iosutils.dll
0x00007ffe59570000 - 0x00007ffe5958b000 	C:\Xilinx\Vivado\2018.2\lib\win64.o\libboost_iostreams.dll
0x00007ffe64930000 - 0x00007ffe6493a000 	C:\WINDOWS\SYSTEM32\VERSION.dll
0x00000000771b0000 - 0x0000000077282000 	C:\WINDOWS\SYSTEM32\MSVCR100.dll
0x00007ffe5ae80000 - 0x00007ffe5b130000 	C:\WINDOWS\SYSTEM32\iertutil.dll
0x00007ffe6f990000 - 0x00007ffe6f9c0000 	C:\WINDOWS\System32\IMM32.DLL
0x00007ffe6e740000 - 0x00007ffe6e752000 	C:\WINDOWS\SYSTEM32\MSASN1.dll
0x00007ffe6d430000 - 0x00007ffe6d442000 	C:\WINDOWS\SYSTEM32\kernel.appcore.dll
0x00007ffe2e970000 - 0x00007ffe2edfc000 	C:\Xilinx\Vivado\2018.2\lib\win64.o\librdi_commontasks.dll
0x00007ffe269d0000 - 0x00007ffe26c47000 	C:\Xilinx\Vivado\2018.2\lib\win64.o\librdi_sio.dll
0x00007ffe6dfe0000 - 0x00007ffe6e01b000 	C:\WINDOWS\SYSTEM32\IPHLPAPI.DLL
0x00007ffe6c750000 - 0x00007ffe6cee0000 	C:\WINDOWS\SYSTEM32\windows.storage.dll
0x00007ffe6e5c0000 - 0x00007ffe6e5ec000 	C:\WINDOWS\SYSTEM32\Wldp.dll
0x00007ffdf4da0000 - 0x00007ffdf6f9f000 	C:\Xilinx\Vivado\2018.2\lib\win64.o\librdi_tcltasks.dll
0x00007ffe458d0000 - 0x00007ffe45a4e000 	C:\Xilinx\Vivado\2018.2\lib\win64.o\librdi_board.dll
0x00007ffe265f0000 - 0x00007ffe269c5000 	C:\Xilinx\Vivado\2018.2\lib\win64.o\librdi_bitstream.dll
0x00007ffe562d0000 - 0x00007ffe5633a000 	C:\Xilinx\Vivado\2018.2\lib\win64.o\librdi_boarddep.dll
0x00007ffe28a10000 - 0x00007ffe28c57000 	C:\Xilinx\Vivado\2018.2\lib\win64.o\librdi_chipscope.dll
0x00007ffdf3540000 - 0x00007ffdf4d99000 	C:\Xilinx\Vivado\2018.2\lib\win64.o\librdi_constraints.dll
0x00007ffe443e0000 - 0x00007ffe44508000 	C:\Xilinx\Vivado\2018.2\lib\win64.o\librdi_containers.dll
0x00007ffdf1820000 - 0x00007ffdf3531000 	C:\Xilinx\Vivado\2018.2\lib\win64.o\librdi_coregen.dll
0x00007ffe1ec80000 - 0x00007ffe1f359000 	C:\Xilinx\Vivado\2018.2\lib\win64.o\librdi_coregenipxact.dll
0x00007ffdd91d0000 - 0x00007ffddcf32000 	C:\Xilinx\Vivado\2018.2\lib\win64.o\librdi_designutils.dll
0x00007ffdca9d0000 - 0x00007ffdd91c8000 	C:\Xilinx\Vivado\2018.2\lib\win64.o\librdi_device.dll
0x00007ffe1e070000 - 0x00007ffe1e5b1000 	C:\Xilinx\Vivado\2018.2\lib\win64.o\librdi_drc.dll
0x00007ffe262d0000 - 0x00007ffe265e8000 	C:\Xilinx\Vivado\2018.2\lib\win64.o\librdi_dlyest.dll
0x00007ffe55430000 - 0x00007ffe554f2000 	C:\Xilinx\Vivado\2018.2\lib\win64.o\librdi_dsp.dll
0x00007ffe08ef0000 - 0x00007ffe09521000 	C:\Xilinx\Vivado\2018.2\lib\win64.o\librdi_filemgmt.dll
0x00007ffe1e9a0000 - 0x00007ffe1ec71000 	C:\Xilinx\Vivado\2018.2\lib\win64.o\librdi_guitools.dll
0x00007ffe55f70000 - 0x00007ffe55fc8000 	C:\Xilinx\Vivado\2018.2\lib\win64.o\librdi_hdf.dll
0x00007ffdf05e0000 - 0x00007ffdf1814000 	C:\Xilinx\Vivado\2018.2\lib\win64.o\librdi_implflow.dll
0x00007ffe05c10000 - 0x00007ffe06261000 	C:\Xilinx\Vivado\2018.2\lib\win64.o\librdi_memdata.dll
0x00007ffdc71c0000 - 0x00007ffdca9ca000 	C:\Xilinx\Vivado\2018.2\lib\win64.o\librdi_mig.dll
0x00007ffdf0130000 - 0x00007ffdf05d2000 	C:\Xilinx\Vivado\2018.2\lib\win64.o\librdi_netlist.dll
0x00007ffe55930000 - 0x00007ffe55979000 	C:\Xilinx\Vivado\2018.2\lib\win64.o\librdi_pfi.dll
0x00007ffdc4e20000 - 0x00007ffdc71be000 	C:\Xilinx\Vivado\2018.2\lib\win64.o\librdi_place.dll
0x00007ffe23210000 - 0x00007ffe2349a000 	C:\Xilinx\Vivado\2018.2\lib\win64.o\librdi_platform.dll
0x00007ffdefa40000 - 0x00007ffdf012c000 	C:\Xilinx\Vivado\2018.2\lib\win64.o\librdi_power.dll
0x00007ffdef500000 - 0x00007ffdefa3d000 	C:\Xilinx\Vivado\2018.2\lib\win64.o\librdi_project.dll
0x00007ffdeee10000 - 0x00007ffdef4f1000 	C:\Xilinx\Vivado\2018.2\lib\win64.o\librdi_psta.dll
0x00007ffdee7d0000 - 0x00007ffdeee0e000 	C:\Xilinx\Vivado\2018.2\lib\win64.o\librdi_rsb.dll
0x00007ffe0dd90000 - 0x00007ffe0e153000 	C:\Xilinx\Vivado\2018.2\lib\win64.o\librdi_runs.dll
0x00007ffe53af0000 - 0x00007ffe53bc7000 	C:\Xilinx\Vivado\2018.2\lib\win64.o\librdi_runsbase.dll
0x00007ffe22d70000 - 0x00007ffe22f96000 	C:\Xilinx\Vivado\2018.2\lib\win64.o\librdi_simdata.dll
0x00007ffdec300000 - 0x00007ffded01d000 	C:\Xilinx\Vivado\2018.2\lib\win64.o\librdi_timing.dll
0x00007ffe3d050000 - 0x00007ffe3d11b000 	C:\Xilinx\Vivado\2018.2\lib\win64.o\librdi_xhub.dll
0x00007ffe55540000 - 0x00007ffe5558c000 	C:\Xilinx\Vivado\2018.2\lib\win64.o\libboost_serialization.dll
0x00007ffe540c0000 - 0x00007ffe5416f000 	C:\Xilinx\Vivado\2018.2\lib\win64.o\librdi_hip_devdesign.dll
0x00007ffe54e30000 - 0x00007ffe54e96000 	C:\Xilinx\Vivado\2018.2\lib\win64.o\librdi_ipconfig_readwrite.dll
0x00007ffe56d70000 - 0x00007ffe56da8000 	C:\Xilinx\Vivado\2018.2\lib\win64.o\librdi_noc_frameworks.dll
0x00007ffe52b70000 - 0x00007ffe52bf8000 	C:\Xilinx\Vivado\2018.2\lib\win64.o\librdi_hip_config.dll
0x00007ffdeb800000 - 0x00007ffdec2f3000 	C:\Xilinx\Vivado\2018.2\lib\win64.o\libverific.dll
0x00007ffdee280000 - 0x00007ffdee7ce000 	C:\Xilinx\Vivado\2018.2\lib\win64.o\librdi_xdm.dll
0x00007ffe46cd0000 - 0x00007ffe46d6e000 	C:\Xilinx\Vivado\2018.2\lib\win64.o\libise.dll
0x00007ffe55050000 - 0x00007ffe55099000 	C:\Xilinx\Vivado\2018.2\lib\win64.o\librdi_wavedata_SimpleApi.dll
0x00007ffdeb250000 - 0x00007ffdeb7f1000 	C:\Xilinx\Vivado\2018.2\lib\win64.o\librdi_wavedata.dll
0x00007ffdc3030000 - 0x00007ffdc4e12000 	C:\Xilinx\Vivado\2018.2\lib\win64.o\librdi_synth.dll
0x00007ffdc2130000 - 0x00007ffdc3021000 	C:\Xilinx\Vivado\2018.2\lib\win64.o\librdi_route.dll
0x00007ffe1de20000 - 0x00007ffe1e063000 	C:\Xilinx\Vivado\2018.2\lib\win64.o\librdi_hsm.dll
0x00007ffdc1b60000 - 0x00007ffdc2122000 	C:\Xilinx\Vivado\2018.2\lib\win64.o\librdi_abc_nomp.dll
0x00007ffe572a0000 - 0x00007ffe572ba000 	C:\Xilinx\Vivado\2018.2\lib\win64.o\librdi_hmetis.dll
0x00007ffdc13f0000 - 0x00007ffdc1b5e000 	C:\Xilinx\Vivado\2018.2\lib\win64.o\librdi_labtools.dll
0x00007ffe53500000 - 0x00007ffe53552000 	C:\Xilinx\Vivado\2018.2\lib\win64.o\librdi_projectbase.dll

VM Arguments:
jvm_args: -Dsun.java2d.pmoffscreen=false -Dsun.java2d.xrender=false -Dsun.java2d.d3d=false -Dsun.awt.nopixfmt=true -Xverify:none -Dswing.aatext=true -XX:-UsePerfData -Djdk.map.althashing.threshold=512 -XX:StringTableSize=4072 -XX:NewSize=60m -XX:MaxNewSize=60m -Xms128m -Xmx3072m -Xss5m 
java_command: <unknown>
java_class_path (initial): C:/Xilinx/Vivado/2018.2\lib\classes\alloy.jar;C:/Xilinx/Vivado/2018.2\lib\classes\autopilot.scelaborator.jar;C:/Xilinx/Vivado/2018.2\lib\classes\autopilot.sourceprocessor.jar;C:/Xilinx/Vivado/2018.2\lib\classes\autopilot.tbprocessor.jar;C:/Xilinx/Vivado/2018.2\lib\classes\batik-anim.jar;C:/Xilinx/Vivado/2018.2\lib\classes\batik-awt-util.jar;C:/Xilinx/Vivado/2018.2\lib\classes\batik-bridge.jar;C:/Xilinx/Vivado/2018.2\lib\classes\batik-codec.jar;C:/Xilinx/Vivado/2018.2\lib\classes\batik-css.jar;C:/Xilinx/Vivado/2018.2\lib\classes\batik-dom.jar;C:/Xilinx/Vivado/2018.2\lib\classes\batik-ext.jar;C:/Xilinx/Vivado/2018.2\lib\classes\batik-gui-util.jar;C:/Xilinx/Vivado/2018.2\lib\classes\batik-gvt.jar;C:/Xilinx/Vivado/2018.2\lib\classes\batik-parser.jar;C:/Xilinx/Vivado/2018.2\lib\classes\batik-script.jar;C:/Xilinx/Vivado/2018.2\lib\classes\batik-svg-dom.jar;C:/Xilinx/Vivado/2018.2\lib\classes\batik-swing.jar;C:/Xilinx/Vivado/2018.2\lib\classes\batik-transcoder.jar;C:/Xilinx/Vivado/2018.2\lib\classes\batik-util.jar;C:/Xilinx/Vivado/2018.2\lib\classes\batik-xml.jar;C:/Xilinx/Vivado/2018.2\lib\classes\com.ibm.icu_4.4.2.v20110208.jar;C:/Xilinx/Vivado/2018.2\lib\classes\commons-collections4-4.1.jar;C:/Xilinx/Vivado/2018.2\lib\classes\commons-math-2.2.jar;C:/Xilinx/Vivado/2018.2\lib\classes\dom4j-1.6.1.jar;C:/Xilinx/Vivado/2018.2\lib\classes\guava-18.0.jar;C:/Xilinx/Vivado/2018.2\lib\classes\help.jar;C:/Xilinx/Vivado/2018.2\lib\classes\hsqldb.jar;C:/Xilinx/Vivado/2018.2\lib\classes\jargs.jar;C:/Xilinx/Vivado/2018.2\lib\classes\jh.jar;C:/Xilinx/Vivado/2018.2\lib\classes\jide-action.jar;C:/Xilinx/Vivado/2018.2\lib\classes\jide-charts.jar;C:/Xilinx/Vivado/2018.2\lib\classes\jide-common.jar;C:/Xilinx/Vivado/2018.2\lib\classes\jide-components.jar;C:/Xilinx/Vivado/2018.2\lib\classes\jide-dashboard.jar;C:/Xilinx/Vivado/2018.2\lib\classes\jide-data.jar;C:/Xilinx/Vivado/2018.2\lib\classes\jide-dialogs.jar;C:/Xilinx/Vivado/2018.2\lib\classes\jide-diff.jar;C:/X
Launcher Type: generic

Environment Variables:
PATH=C:/Xilinx/Vivado/2018.2/bin;C:/Xilinx/Vivado/2018.2/lib/win64.o;C:/Xilinx/Vivado/2018.2/tps/win64/jre/bin/server;C:/Xilinx/Vivado/2018.2/tps/win64/jre/bin;C:/Xilinx/SDK/2018.2/bin;C:/Xilinx/Vivado/2018.2/ids_lite/ISE/bin/nt64;C:/Xilinx/Vivado/2018.2/ids_lite/ISE/lib/nt64;C:\Program Files\Common Files\Oracle\Java\javapath;C:\Windows\system32;C:\Windows;C:\Windows\System32\Wbem;C:\Windows\System32\WindowsPowerShell\v1.0\;C:\Windows\System32\OpenSSH\;C:\Program Files (x86)\NVIDIA Corporation\PhysX\Common;C:\Program Files\NVIDIA Corporation\NVIDIA NvDLISR;C:\MinGW\bin;C:\ffmpeg\ffmpeg-20200831-4a11a6f-win64-static\bin;C:\Program Files (x86)\QuickTime\QTSystem\;C:\Program Files\MATLAB\R2020b\bin;C:\Program Files\nodejs\;C:\Program Files\Git\cmd;C:\Program Files (x86)\Yarn\bin\;C:\Program Files (x86)\Bitvise SSH Client;C:\Ruby27-x64\bin;C:\Users\Jianning\AppData\Local\Programs\Python\Python37\Scripts\;C:\Users\Jianning\AppData\Local\Programs\Python\Python37\;C:\Users\Jianning\AppData\Local\Microsoft\WindowsApps;C:\Users\Jianning\AppData\Local\atom\bin;C:\Users\Jianning\AppData\Local\Programs\Microsoft VS Code\bin;C:\Users\Jianning\AppData\Roaming\npm;C:\Users\Jianning\AppData\Local\Yarn\bin;C:\Program Files\heroku\bin;C:\Java;;C:/Xilinx/Vivado/2018.2\tps\mingw\6.2.0\win64.o\nt\bin;C:/Xilinx/Vivado/2018.2\tps\mingw\6.2.0\win64.o\nt\libexec\gcc\x86_64-w64-mingw32\6.2.0
USERNAME=Jianning
OS=Windows_NT
PROCESSOR_IDENTIFIER=Intel64 Family 6 Model 165 Stepping 2, GenuineIntel



---------------  S Y S T E M  ---------------

OS: Windows 10.0 , 64 bit Build 19041 (10.0.19041.804)

CPU:total 12 (6 cores per cpu, 2 threads per core) family 6 model 165 stepping 2, cmov, cx8, fxsr, mmx, sse, sse2, sse3, ssse3, sse4.1, sse4.2, popcnt, avx, avx2, aes, clmul, erms, 3dnowpref, lzcnt, ht, tsc, tscinvbit, bmi1, bmi2, adx

Memory: 4k page, physical 16512708k(4177552k free), swap 32241348k(7545484k free)

vm_info: Java HotSpot(TM) 64-Bit Server VM (25.112-b15) for windows-amd64 JRE (1.8.0_112-b15), built on Sep 22 2016 21:31:56 by "java_re" with MS VC++ 10.0 (VS2010)

time: Wed Feb 24 00:15:46 2021
elapsed time: 46229 seconds (0d 12h 50m 29s)

