#-----------------------------------------------------------
# Vivado v2018.2 (64-bit)
# SW Build 2258646 on Thu Jun 14 20:03:12 MDT 2018
# IP Build 2256618 on Thu Jun 14 22:10:49 MDT 2018
# Start of session at: Mon Mar  1 14:50:08 2021
# Process ID: 20036
# Current directory: C:/Users/Jianning/Desktop/EE2026/Week 6/lab_3_graded
# Command line: vivado.exe -gui_launcher_event rodinguilauncherevent24012 C:\Users\Jianning\Desktop\EE2026\Week 6\lab_3_graded\lab_3_graded.xpr
# Log file: C:/Users/Jianning/Desktop/EE2026/Week 6/lab_3_graded/vivado.log
# Journal file: C:/Users/Jianning/Desktop/EE2026/Week 6/lab_3_graded\vivado.jou
#-----------------------------------------------------------
start_gui
open_project {C:/Users/Jianning/Desktop/EE2026/Week 6/lab_3_graded/lab_3_graded.xpr}
Scanning sources...
Finished scanning sources
INFO: [IP_Flow 19-234] Refreshing IP repositories
INFO: [IP_Flow 19-1704] No user IP repositories specified
INFO: [IP_Flow 19-2313] Loaded Vivado IP repository 'C:/Xilinx/Vivado/2018.2/data/ip'.
open_project: Time (s): cpu = 00:00:19 ; elapsed = 00:00:08 . Memory (MB): peak = 807.789 ; gain = 114.094
update_compile_order -fileset sources_1
exit
INFO: [Common 17-206] Exiting Vivado at Mon Mar  1 21:01:27 2021...
