#-----------------------------------------------------------
# Vivado v2018.2 (64-bit)
# SW Build 2258646 on Thu Jun 14 20:03:12 MDT 2018
# IP Build 2256618 on Thu Jun 14 22:10:49 MDT 2018
# Start of session at: Sun Mar 28 11:54:45 2021
# Process ID: 6252
# Current directory: C:/Users/Jianning/Desktop/EE2026/Week 11/SoundDisplay.xpr/SoundDisplay
# Command line: vivado.exe -gui_launcher_event rodinguilauncherevent34880 C:\Users\Jianning\Desktop\EE2026\Week 11\SoundDisplay.xpr\SoundDisplay\SoundDisplay.xpr
# Log file: C:/Users/Jianning/Desktop/EE2026/Week 11/SoundDisplay.xpr/SoundDisplay/vivado.log
# Journal file: C:/Users/Jianning/Desktop/EE2026/Week 11/SoundDisplay.xpr/SoundDisplay\vivado.jou
#-----------------------------------------------------------
start_gui
open_project {C:/Users/Jianning/Desktop/EE2026/Week 11/SoundDisplay.xpr/SoundDisplay/SoundDisplay.xpr}
Scanning sources...
Finished scanning sources
INFO: [IP_Flow 19-234] Refreshing IP repositories
INFO: [IP_Flow 19-1704] No user IP repositories specified
INFO: [IP_Flow 19-2313] Loaded Vivado IP repository 'C:/Xilinx/Vivado/2018.2/data/ip'.
update_compile_order -fileset sources_1
close [ open {C:/Users/Jianning/Desktop/EE2026/Week 11/SoundDisplay.xpr/SoundDisplay/SoundDisplay.srcs/sources_1/new/bishi_bashi.v} w ]
add_files {{C:/Users/Jianning/Desktop/EE2026/Week 11/SoundDisplay.xpr/SoundDisplay/SoundDisplay.srcs/sources_1/new/bishi_bashi.v}}
update_compile_order -fileset sources_1
close [ open {C:/Users/Jianning/Desktop/EE2026/Week 11/SoundDisplay.xpr/SoundDisplay/SoundDisplay.srcs/sources_1/new/bishi_bashi_logic.v} w ]
add_files {{C:/Users/Jianning/Desktop/EE2026/Week 11/SoundDisplay.xpr/SoundDisplay/SoundDisplay.srcs/sources_1/new/bishi_bashi_logic.v}}
update_compile_order -fileset sources_1
close [ open {C:/Users/Jianning/Desktop/EE2026/Week 11/SoundDisplay.xpr/SoundDisplay/SoundDisplay.srcs/sources_1/new/press_to_continue.v} w ]
add_files {{C:/Users/Jianning/Desktop/EE2026/Week 11/SoundDisplay.xpr/SoundDisplay/SoundDisplay.srcs/sources_1/new/press_to_continue.v}}
update_compile_order -fileset sources_1
close [ open {C:/Users/Jianning/Desktop/EE2026/Week 11/SoundDisplay.xpr/SoundDisplay/SoundDisplay.srcs/sources_1/new/tug_of_war.v} w ]
add_files {{C:/Users/Jianning/Desktop/EE2026/Week 11/SoundDisplay.xpr/SoundDisplay/SoundDisplay.srcs/sources_1/new/tug_of_war.v}}
update_compile_order -fileset sources_1
close [ open {C:/Users/Jianning/Desktop/EE2026/Week 11/SoundDisplay.xpr/SoundDisplay/SoundDisplay.srcs/sources_1/new/bishi_bashi_seven_segment.v} w ]
add_files {{C:/Users/Jianning/Desktop/EE2026/Week 11/SoundDisplay.xpr/SoundDisplay/SoundDisplay.srcs/sources_1/new/bishi_bashi_seven_segment.v}}
update_compile_order -fileset sources_1
reset_run synth_1
launch_runs synth_1 -jobs 6
CRITICAL WARNING: [HDL 9-870] Macro <BLUE> is not defined. [C:/Users/Jianning/Desktop/EE2026/Week 11/SoundDisplay.xpr/SoundDisplay/SoundDisplay.srcs/sources_1/new/bishi_bashi.v:76]
CRITICAL WARNING: [HDL 9-806] Syntax error near ";". [C:/Users/Jianning/Desktop/EE2026/Week 11/SoundDisplay.xpr/SoundDisplay/SoundDisplay.srcs/sources_1/new/bishi_bashi.v:76]
CRITICAL WARNING: [HDL 9-870] Macro <RED> is not defined. [C:/Users/Jianning/Desktop/EE2026/Week 11/SoundDisplay.xpr/SoundDisplay/SoundDisplay.srcs/sources_1/new/bishi_bashi.v:78]
CRITICAL WARNING: [HDL 9-806] Syntax error near ";". [C:/Users/Jianning/Desktop/EE2026/Week 11/SoundDisplay.xpr/SoundDisplay/SoundDisplay.srcs/sources_1/new/bishi_bashi.v:78]
[Sun Mar 28 17:17:38 2021] Launched synth_1...
Run output will be captured here: C:/Users/Jianning/Desktop/EE2026/Week 11/SoundDisplay.xpr/SoundDisplay/SoundDisplay.runs/synth_1/runme.log
reset_run synth_1
launch_runs synth_1 -jobs 6
[Sun Mar 28 17:18:39 2021] Launched synth_1...
Run output will be captured here: C:/Users/Jianning/Desktop/EE2026/Week 11/SoundDisplay.xpr/SoundDisplay/SoundDisplay.runs/synth_1/runme.log
launch_runs impl_1 -jobs 6
[Sun Mar 28 17:22:51 2021] Launched impl_1...
Run output will be captured here: C:/Users/Jianning/Desktop/EE2026/Week 11/SoundDisplay.xpr/SoundDisplay/SoundDisplay.runs/impl_1/runme.log
launch_runs impl_1 -to_step write_bitstream -jobs 6
[Sun Mar 28 17:26:47 2021] Launched impl_1...
Run output will be captured here: C:/Users/Jianning/Desktop/EE2026/Week 11/SoundDisplay.xpr/SoundDisplay/SoundDisplay.runs/impl_1/runme.log
archive_project C:/Users/Jianning/Downloads/bishi_bashi_v1.xpr.zip -temp_dir {C:/Users/Jianning/Desktop/EE2026/Week 11/SoundDisplay.xpr/SoundDisplay/.Xil/Vivado-6252-Jianning-XPS-15} -force -include_local_ip_cache -include_config_settings
INFO: [Coretcl 2-137] starting archive...
INFO: [Coretcl 2-1499] Saving project copy to temporary location 'C:/Users/Jianning/Desktop/EE2026/Week 11/SoundDisplay.xpr/SoundDisplay/.Xil/Vivado-6252-Jianning-XPS-15' for archiving project
Scanning sources...
Finished scanning sources
INFO: [Coretcl 2-1211] Creating project copy for archival...
INFO: [ProjectBase 1-495] The host OS only allows 260 characters in a normal path. The project is stored in a path with more than 80 characters. If you experience any problem with archiving the project, please consider setting environment variable $TEMP to a shorter path.
Current project path is 'C:/Users/Jianning/Desktop/EE2026/Week 11/SoundDisplay.xpr/SoundDisplay/.Xil/Vivado-6252-Jianning-XPS-15/PrjAr/_X_'.
INFO: [Coretcl 2-1213] Including run results for 'synth_1'
INFO: [Coretcl 2-1213] Including run results for 'impl_1'
INFO: [Coretcl 2-1212] Importing remotely added design sources and verilog include files (if any)...
INFO: [filemgmt 20-334] All file(s) are already imported in fileset: 'constrs_1'
INFO: [filemgmt 20-348] Importing the appropriate files for fileset: 'constrs_1'
INFO: [filemgmt 20-334] All file(s) are already imported in fileset: 'sim_1'
INFO: [filemgmt 20-348] Importing the appropriate files for fileset: 'sim_1'
INFO: [filemgmt 20-348] Importing the appropriate files for fileset: 'sources_1'
INFO: [Coretcl 2-1209] Adding archive summary file to the project...
INFO: [Coretcl 2-1214] Preparing project files for archive...
INFO: [Coretcl 2-1210] Compressing project files and data...
INFO: [Coretcl 2-1215] Project archived (C:/Users/Jianning/Downloads/bishi_bashi_v1.xpr.zip)
INFO: [Coretcl 2-1216] To view the archive summary log in GUI, double click on 'Design Sources->Text->archive_project_summary.txt', or open this file from the archived project directory.
close [ open {C:/Users/Jianning/Desktop/EE2026/Week 11/SoundDisplay.xpr/SoundDisplay/SoundDisplay.srcs/sources_1/new/countdown.v} w ]
add_files {{C:/Users/Jianning/Desktop/EE2026/Week 11/SoundDisplay.xpr/SoundDisplay/SoundDisplay.srcs/sources_1/new/countdown.v}}
update_compile_order -fileset sources_1
reset_run synth_1
launch_runs synth_1 -jobs 6
[Mon Mar 29 14:53:49 2021] Launched synth_1...
Run output will be captured here: C:/Users/Jianning/Desktop/EE2026/Week 11/SoundDisplay.xpr/SoundDisplay/SoundDisplay.runs/synth_1/runme.log
update_compile_order -fileset sources_1
reset_run synth_1
launch_runs synth_1 -jobs 6
[Mon Mar 29 14:54:22 2021] Launched synth_1...
Run output will be captured here: C:/Users/Jianning/Desktop/EE2026/Week 11/SoundDisplay.xpr/SoundDisplay/SoundDisplay.runs/synth_1/runme.log
launch_runs impl_1 -jobs 6
[Mon Mar 29 14:59:53 2021] Launched impl_1...
Run output will be captured here: C:/Users/Jianning/Desktop/EE2026/Week 11/SoundDisplay.xpr/SoundDisplay/SoundDisplay.runs/impl_1/runme.log
launch_runs impl_1 -to_step write_bitstream -jobs 6
[Mon Mar 29 15:02:45 2021] Launched impl_1...
Run output will be captured here: C:/Users/Jianning/Desktop/EE2026/Week 11/SoundDisplay.xpr/SoundDisplay/SoundDisplay.runs/impl_1/runme.log
archive_project C:/Users/Jianning/Downloads/countdown.xpr.zip -temp_dir {C:/Users/Jianning/Desktop/EE2026/Week 11/SoundDisplay.xpr/SoundDisplay/.Xil/Vivado-6252-Jianning-XPS-15} -force -include_local_ip_cache -include_config_settings
INFO: [Coretcl 2-137] starting archive...
INFO: [Coretcl 2-1499] Saving project copy to temporary location 'C:/Users/Jianning/Desktop/EE2026/Week 11/SoundDisplay.xpr/SoundDisplay/.Xil/Vivado-6252-Jianning-XPS-15' for archiving project
Scanning sources...
Finished scanning sources
INFO: [Coretcl 2-1211] Creating project copy for archival...
INFO: [ProjectBase 1-495] The host OS only allows 260 characters in a normal path. The project is stored in a path with more than 80 characters. If you experience any problem with archiving the project, please consider setting environment variable $TEMP to a shorter path.
Current project path is 'C:/Users/Jianning/Desktop/EE2026/Week 11/SoundDisplay.xpr/SoundDisplay/.Xil/Vivado-6252-Jianning-XPS-15/PrjAr/_X_'.
INFO: [Coretcl 2-1213] Including run results for 'synth_1'
INFO: [Coretcl 2-1213] Including run results for 'impl_1'
INFO: [Coretcl 2-1212] Importing remotely added design sources and verilog include files (if any)...
INFO: [filemgmt 20-334] All file(s) are already imported in fileset: 'constrs_1'
INFO: [filemgmt 20-348] Importing the appropriate files for fileset: 'constrs_1'
INFO: [filemgmt 20-334] All file(s) are already imported in fileset: 'sim_1'
INFO: [filemgmt 20-348] Importing the appropriate files for fileset: 'sim_1'
INFO: [filemgmt 20-348] Importing the appropriate files for fileset: 'sources_1'
INFO: [Coretcl 2-1209] Adding archive summary file to the project...
INFO: [Coretcl 2-1214] Preparing project files for archive...
INFO: [Coretcl 2-1210] Compressing project files and data...
INFO: [Coretcl 2-1215] Project archived (C:/Users/Jianning/Downloads/countdown.xpr.zip)
INFO: [Coretcl 2-1216] To view the archive summary log in GUI, double click on 'Design Sources->Text->archive_project_summary.txt', or open this file from the archived project directory.
close [ open {C:/Users/Jianning/Desktop/EE2026/Week 11/SoundDisplay.xpr/SoundDisplay/SoundDisplay.srcs/sources_1/new/whack_a_mole.v} w ]
add_files {{C:/Users/Jianning/Desktop/EE2026/Week 11/SoundDisplay.xpr/SoundDisplay/SoundDisplay.srcs/sources_1/new/whack_a_mole.v}}
update_compile_order -fileset sources_1
reset_run synth_1
launch_runs synth_1 -jobs 6
[Mon Mar 29 18:02:37 2021] Launched synth_1...
Run output will be captured here: C:/Users/Jianning/Desktop/EE2026/Week 11/SoundDisplay.xpr/SoundDisplay/SoundDisplay.runs/synth_1/runme.log
update_compile_order -fileset sources_1
reset_run synth_1
launch_runs synth_1 -jobs 6
[Mon Mar 29 18:04:00 2021] Launched synth_1...
Run output will be captured here: C:/Users/Jianning/Desktop/EE2026/Week 11/SoundDisplay.xpr/SoundDisplay/SoundDisplay.runs/synth_1/runme.log
launch_runs impl_1 -jobs 6
[Mon Mar 29 18:08:13 2021] Launched impl_1...
Run output will be captured here: C:/Users/Jianning/Desktop/EE2026/Week 11/SoundDisplay.xpr/SoundDisplay/SoundDisplay.runs/impl_1/runme.log
launch_runs impl_1 -to_step write_bitstream -jobs 6
[Mon Mar 29 18:10:45 2021] Launched impl_1...
Run output will be captured here: C:/Users/Jianning/Desktop/EE2026/Week 11/SoundDisplay.xpr/SoundDisplay/SoundDisplay.runs/impl_1/runme.log
archive_project C:/Users/Jianning/Downloads/whack_a_mole.xpr.zip -temp_dir {C:/Users/Jianning/Desktop/EE2026/Week 11/SoundDisplay.xpr/SoundDisplay/.Xil/Vivado-6252-Jianning-XPS-15} -force -include_local_ip_cache -include_config_settings
INFO: [Coretcl 2-137] starting archive...
INFO: [Coretcl 2-1499] Saving project copy to temporary location 'C:/Users/Jianning/Desktop/EE2026/Week 11/SoundDisplay.xpr/SoundDisplay/.Xil/Vivado-6252-Jianning-XPS-15' for archiving project
Scanning sources...
Finished scanning sources
INFO: [Coretcl 2-1211] Creating project copy for archival...
INFO: [ProjectBase 1-495] The host OS only allows 260 characters in a normal path. The project is stored in a path with more than 80 characters. If you experience any problem with archiving the project, please consider setting environment variable $TEMP to a shorter path.
Current project path is 'C:/Users/Jianning/Desktop/EE2026/Week 11/SoundDisplay.xpr/SoundDisplay/.Xil/Vivado-6252-Jianning-XPS-15/PrjAr/_X_'.
INFO: [Coretcl 2-1213] Including run results for 'synth_1'
INFO: [Coretcl 2-1213] Including run results for 'impl_1'
INFO: [Coretcl 2-1212] Importing remotely added design sources and verilog include files (if any)...
INFO: [filemgmt 20-334] All file(s) are already imported in fileset: 'constrs_1'
INFO: [filemgmt 20-348] Importing the appropriate files for fileset: 'constrs_1'
INFO: [filemgmt 20-334] All file(s) are already imported in fileset: 'sim_1'
INFO: [filemgmt 20-348] Importing the appropriate files for fileset: 'sim_1'
INFO: [filemgmt 20-348] Importing the appropriate files for fileset: 'sources_1'
INFO: [Coretcl 2-1209] Adding archive summary file to the project...
INFO: [Coretcl 2-1214] Preparing project files for archive...
INFO: [Coretcl 2-1210] Compressing project files and data...
INFO: [Coretcl 2-1215] Project archived (C:/Users/Jianning/Downloads/whack_a_mole.xpr.zip)
INFO: [Coretcl 2-1216] To view the archive summary log in GUI, double click on 'Design Sources->Text->archive_project_summary.txt', or open this file from the archived project directory.
close [ open {C:/Users/Jianning/Desktop/EE2026/Week 11/SoundDisplay.xpr/SoundDisplay/SoundDisplay.srcs/sources_1/new/slap.v} w ]
add_files {{C:/Users/Jianning/Desktop/EE2026/Week 11/SoundDisplay.xpr/SoundDisplay/SoundDisplay.srcs/sources_1/new/slap.v}}
update_compile_order -fileset sources_1
reset_run synth_1
launch_runs synth_1 -jobs 6
[Mon Mar 29 20:55:35 2021] Launched synth_1...
Run output will be captured here: C:/Users/Jianning/Desktop/EE2026/Week 11/SoundDisplay.xpr/SoundDisplay/SoundDisplay.runs/synth_1/runme.log
update_compile_order -fileset sources_1
reset_run synth_1
launch_runs synth_1 -jobs 6
[Mon Mar 29 20:55:59 2021] Launched synth_1...
Run output will be captured here: C:/Users/Jianning/Desktop/EE2026/Week 11/SoundDisplay.xpr/SoundDisplay/SoundDisplay.runs/synth_1/runme.log
launch_runs impl_1 -jobs 6
[Mon Mar 29 21:00:29 2021] Launched impl_1...
Run output will be captured here: C:/Users/Jianning/Desktop/EE2026/Week 11/SoundDisplay.xpr/SoundDisplay/SoundDisplay.runs/impl_1/runme.log
launch_runs impl_1 -to_step write_bitstream -jobs 6
[Mon Mar 29 21:03:04 2021] Launched impl_1...
Run output will be captured here: C:/Users/Jianning/Desktop/EE2026/Week 11/SoundDisplay.xpr/SoundDisplay/SoundDisplay.runs/impl_1/runme.log
archive_project C:/Users/Jianning/Downloads/slap.xpr.zip -temp_dir {C:/Users/Jianning/Desktop/EE2026/Week 11/SoundDisplay.xpr/SoundDisplay/.Xil/Vivado-6252-Jianning-XPS-15} -force -include_local_ip_cache -include_config_settings
INFO: [Coretcl 2-137] starting archive...
INFO: [Coretcl 2-1499] Saving project copy to temporary location 'C:/Users/Jianning/Desktop/EE2026/Week 11/SoundDisplay.xpr/SoundDisplay/.Xil/Vivado-6252-Jianning-XPS-15' for archiving project
Scanning sources...
Finished scanning sources
INFO: [Coretcl 2-1211] Creating project copy for archival...
INFO: [ProjectBase 1-495] The host OS only allows 260 characters in a normal path. The project is stored in a path with more than 80 characters. If you experience any problem with archiving the project, please consider setting environment variable $TEMP to a shorter path.
Current project path is 'C:/Users/Jianning/Desktop/EE2026/Week 11/SoundDisplay.xpr/SoundDisplay/.Xil/Vivado-6252-Jianning-XPS-15/PrjAr/_X_'.
INFO: [Coretcl 2-1213] Including run results for 'synth_1'
INFO: [Coretcl 2-1213] Including run results for 'impl_1'
INFO: [Coretcl 2-1212] Importing remotely added design sources and verilog include files (if any)...
INFO: [filemgmt 20-334] All file(s) are already imported in fileset: 'constrs_1'
INFO: [filemgmt 20-348] Importing the appropriate files for fileset: 'constrs_1'
INFO: [filemgmt 20-334] All file(s) are already imported in fileset: 'sim_1'
INFO: [filemgmt 20-348] Importing the appropriate files for fileset: 'sim_1'
INFO: [filemgmt 20-348] Importing the appropriate files for fileset: 'sources_1'
INFO: [Coretcl 2-1209] Adding archive summary file to the project...
INFO: [Coretcl 2-1214] Preparing project files for archive...
INFO: [Coretcl 2-1210] Compressing project files and data...
INFO: [Coretcl 2-1215] Project archived (C:/Users/Jianning/Downloads/slap.xpr.zip)
INFO: [Coretcl 2-1216] To view the archive summary log in GUI, double click on 'Design Sources->Text->archive_project_summary.txt', or open this file from the archived project directory.
reset_run synth_1
launch_runs synth_1 -jobs 6
[Mon Mar 29 23:37:00 2021] Launched synth_1...
Run output will be captured here: C:/Users/Jianning/Desktop/EE2026/Week 11/SoundDisplay.xpr/SoundDisplay/SoundDisplay.runs/synth_1/runme.log
update_compile_order -fileset sources_1
reset_run synth_1
launch_runs synth_1 -jobs 6
CRITICAL WARNING: [HDL 9-806] Syntax error near "input". [C:/Users/Jianning/Desktop/EE2026/Week 11/SoundDisplay.xpr/SoundDisplay/SoundDisplay.srcs/sources_1/new/snake.v:34]
[Mon Mar 29 23:37:46 2021] Launched synth_1...
Run output will be captured here: C:/Users/Jianning/Desktop/EE2026/Week 11/SoundDisplay.xpr/SoundDisplay/SoundDisplay.runs/synth_1/runme.log
update_compile_order -fileset sources_1
reset_run synth_1
launch_runs synth_1 -jobs 6
[Mon Mar 29 23:38:05 2021] Launched synth_1...
Run output will be captured here: C:/Users/Jianning/Desktop/EE2026/Week 11/SoundDisplay.xpr/SoundDisplay/SoundDisplay.runs/synth_1/runme.log
launch_runs impl_1 -jobs 6
[Mon Mar 29 23:48:14 2021] Launched impl_1...
Run output will be captured here: C:/Users/Jianning/Desktop/EE2026/Week 11/SoundDisplay.xpr/SoundDisplay/SoundDisplay.runs/impl_1/runme.log
launch_runs impl_1 -to_step write_bitstream -jobs 6
[Mon Mar 29 23:51:22 2021] Launched impl_1...
Run output will be captured here: C:/Users/Jianning/Desktop/EE2026/Week 11/SoundDisplay.xpr/SoundDisplay/SoundDisplay.runs/impl_1/runme.log
open_hw
connect_hw_server
INFO: [Labtools 27-2285] Connecting to hw_server url TCP:localhost:3121
INFO: [Labtools 27-2222] Launching hw_server...
INFO: [Labtools 27-2221] Launch Output:

****** Xilinx hw_server v2018.2
  **** Build date : Jun 14 2018-20:42:52
    ** Copyright 1986-2018 Xilinx, Inc. All Rights Reserved.


disconnect_hw_server localhost:3121
connect_hw_server
INFO: [Labtools 27-2285] Connecting to hw_server url TCP:localhost:3121
open_hw_target
INFO: [Labtoolstcl 44-466] Opening hw_target localhost:3121/xilinx_tcf/Digilent/210183713870A
set_property PROGRAM.FILE {C:/Users/Jianning/Desktop/EE2026/Week 11/SoundDisplay.xpr/SoundDisplay/SoundDisplay.runs/impl_1/Top_Student.bit} [get_hw_devices xc7a35t_0]
current_hw_device [get_hw_devices xc7a35t_0]
refresh_hw_device -update_hw_probes false [lindex [get_hw_devices xc7a35t_0] 0]
INFO: [Labtools 27-1434] Device xc7a35t (JTAG device index = 0) is programmed with a design that has no supported debug core(s) in it.
WARNING: [Labtools 27-3361] The debug hub core was not detected.
Resolution: 
1. Make sure the clock connected to the debug hub (dbg_hub) core is a free running clock and is active.
2. Make sure the BSCAN_SWITCH_USER_MASK device property in Vivado Hardware Manager reflects the user scan chain setting in the design and refresh the device.  To determine the user scan chain setting in the design, open the implemented design and use 'get_property C_USER_SCAN_CHAIN [get_debug_cores dbg_hub]'.
For more details on setting the scan chain property, consult the Vivado Debug and Programming User Guide (UG908).
set_property PROBES.FILE {} [get_hw_devices xc7a35t_0]
set_property FULL_PROBES.FILE {} [get_hw_devices xc7a35t_0]
set_property PROGRAM.FILE {C:/Users/Jianning/Desktop/EE2026/Week 11/SoundDisplay.xpr/SoundDisplay/SoundDisplay.runs/impl_1/Top_Student.bit} [get_hw_devices xc7a35t_0]
program_hw_devices [get_hw_devices xc7a35t_0]
INFO: [Labtools 27-3164] End of startup status: HIGH
refresh_hw_device [lindex [get_hw_devices xc7a35t_0] 0]
INFO: [Labtools 27-1434] Device xc7a35t (JTAG device index = 0) is programmed with a design that has no supported debug core(s) in it.
WARNING: [Labtools 27-3361] The debug hub core was not detected.
Resolution: 
1. Make sure the clock connected to the debug hub (dbg_hub) core is a free running clock and is active.
2. Make sure the BSCAN_SWITCH_USER_MASK device property in Vivado Hardware Manager reflects the user scan chain setting in the design and refresh the device.  To determine the user scan chain setting in the design, open the implemented design and use 'get_property C_USER_SCAN_CHAIN [get_debug_cores dbg_hub]'.
For more details on setting the scan chain property, consult the Vivado Debug and Programming User Guide (UG908).
ERROR: [Labtoolstcl 44-513] HW Target shutdown. Closing target: localhost:3121/xilinx_tcf/Digilent/210183713870A
archive_project C:/Users/Jianning/Downloads/final.xpr.zip -temp_dir {C:/Users/Jianning/Desktop/EE2026/Week 11/SoundDisplay.xpr/SoundDisplay/.Xil/Vivado-6252-Jianning-XPS-15} -force -include_local_ip_cache -include_config_settings
INFO: [Coretcl 2-137] starting archive...
INFO: [Coretcl 2-1499] Saving project copy to temporary location 'C:/Users/Jianning/Desktop/EE2026/Week 11/SoundDisplay.xpr/SoundDisplay/.Xil/Vivado-6252-Jianning-XPS-15' for archiving project
Scanning sources...
Finished scanning sources
INFO: [Coretcl 2-1211] Creating project copy for archival...
INFO: [ProjectBase 1-495] The host OS only allows 260 characters in a normal path. The project is stored in a path with more than 80 characters. If you experience any problem with archiving the project, please consider setting environment variable $TEMP to a shorter path.
Current project path is 'C:/Users/Jianning/Desktop/EE2026/Week 11/SoundDisplay.xpr/SoundDisplay/.Xil/Vivado-6252-Jianning-XPS-15/PrjAr/_X_'.
INFO: [Coretcl 2-1213] Including run results for 'synth_1'
INFO: [Coretcl 2-1213] Including run results for 'impl_1'
INFO: [Coretcl 2-1212] Importing remotely added design sources and verilog include files (if any)...
INFO: [filemgmt 20-334] All file(s) are already imported in fileset: 'constrs_1'
INFO: [filemgmt 20-348] Importing the appropriate files for fileset: 'constrs_1'
INFO: [filemgmt 20-334] All file(s) are already imported in fileset: 'sim_1'
INFO: [filemgmt 20-348] Importing the appropriate files for fileset: 'sim_1'
INFO: [filemgmt 20-348] Importing the appropriate files for fileset: 'sources_1'
INFO: [Coretcl 2-1209] Adding archive summary file to the project...
INFO: [Coretcl 2-1214] Preparing project files for archive...
INFO: [Coretcl 2-1210] Compressing project files and data...
INFO: [Coretcl 2-1215] Project archived (C:/Users/Jianning/Downloads/final.xpr.zip)
INFO: [Coretcl 2-1216] To view the archive summary log in GUI, double click on 'Design Sources->Text->archive_project_summary.txt', or open this file from the archived project directory.
archive_project: Time (s): cpu = 00:00:02 ; elapsed = 00:00:06 . Memory (MB): peak = 1598.770 ; gain = 3.957
exit
INFO: [Common 17-206] Exiting Vivado at Wed Mar 31 14:04:43 2021...
