#-----------------------------------------------------------
# Vivado v2018.2 (64-bit)
# SW Build 2258646 on Thu Jun 14 20:03:12 MDT 2018
# IP Build 2256618 on Thu Jun 14 22:10:49 MDT 2018
# Start of session at: Mon Mar  8 14:11:39 2021
# Process ID: 5524
# Current directory: C:/Users/Jianning/Desktop/EE2026/Week 7/lab_4
# Command line: vivado.exe -gui_launcher_event rodinguilauncherevent42176 C:\Users\Jianning\Desktop\EE2026\Week 7\lab_4\lab_4.xpr
# Log file: C:/Users/Jianning/Desktop/EE2026/Week 7/lab_4/vivado.log
# Journal file: C:/Users/Jianning/Desktop/EE2026/Week 7/lab_4\vivado.jou
#-----------------------------------------------------------
start_gui
open_project {C:/Users/Jianning/Desktop/EE2026/Week 7/lab_4/lab_4.xpr}
Scanning sources...
Finished scanning sources
INFO: [IP_Flow 19-234] Refreshing IP repositories
INFO: [IP_Flow 19-1704] No user IP repositories specified
INFO: [IP_Flow 19-2313] Loaded Vivado IP repository 'C:/Xilinx/Vivado/2018.2/data/ip'.
open_project: Time (s): cpu = 00:00:12 ; elapsed = 00:00:06 . Memory (MB): peak = 910.168 ; gain = 157.797
update_compile_order -fileset sources_1
exit
INFO: [Common 17-206] Exiting Vivado at Mon Mar  8 23:41:19 2021...
